#
# There is insufficient memory for the Java Runtime Environment to continue.
# Native memory allocation (mmap) failed to map 851443712 bytes for G1 virtual space
# Possible reasons:
#   The system is out of physical RAM or swap space
#   The process is running with CompressedOops enabled, and the Java Heap may be blocking the growth of the native heap
# Possible solutions:
#   Reduce memory load on the system
#   Increase physical memory or swap space
#   Check if swap backing store is full
#   Decrease Java heap size (-Xmx/-Xms)
#   Decrease number of Java threads
#   Decrease Java thread stack sizes (-Xss)
#   Set larger code cache with -XX:ReservedCodeCacheSize=
#   JVM is running with Zero Based Compressed Oops mode in which the Java heap is
#     placed in the first 32GB address space. The Java Heap base address is the
#     maximum limit for the native heap growth. Please use -XX:HeapBaseMinAddress
#     to set the Java Heap base and to place the Java Heap above 32GB virtual address.
# This output file may be truncated or incomplete.
#
#  Out of Memory Error (os_windows.cpp:3469), pid=15148, tid=8076
#
# JRE version: OpenJDK Runtime Environment Temurin-17.0.1+12 (17.0.1+12) (build 17.0.1+12)
# Java VM: OpenJDK 64-Bit Server VM Temurin-17.0.1+12 (17.0.1+12, mixed mode, sharing, tiered, compressed oops, compressed class ptrs, g1 gc, windows-amd64)
# No core dump will be written. Minidumps are not enabled by default on client versions of Windows
#

---------------  S U M M A R Y ------------

Command Line: --add-opens=java.base/java.util=ALL-UNNAMED --add-opens=java.base/java.lang=ALL-UNNAMED --add-opens=java.base/java.lang.invoke=ALL-UNNAMED --add-opens=java.base/java.util=ALL-UNNAMED --add-opens=java.prefs/java.util.prefs=ALL-UNNAMED --add-opens=java.prefs/java.util.prefs=ALL-UNNAMED --add-opens=java.base/java.nio.charset=ALL-UNNAMED --add-opens=java.base/java.net=ALL-UNNAMED --add-opens=java.base/java.util.concurrent.atomic=ALL-UNNAMED -Xmx3G -Dfile.encoding=windows-1252 -Duser.country=US -Duser.language=en -Duser.variant org.gradle.launcher.daemon.bootstrap.GradleDaemon 7.3

Host: AMD Ryzen 5 3500X 6-Core Processor             , 6 cores, 15G,  Windows 10 , 64 bit Build 19041 (10.0.19041.292)
Time: Wed Dec  7 00:16:48 2022 Malay Peninsula Standard Time elapsed time: 16.763248 seconds (0d 0h 0m 16s)

---------------  T H R E A D  ---------------

Current thread (0x000001981bfb5ac0):  VMThread "VM Thread" [stack: 0x000000766ac00000,0x000000766ad00000] [id=8076]

Stack: [0x000000766ac00000,0x000000766ad00000]
Native frames: (J=compiled Java code, j=interpreted, Vv=VM code, C=native code)
V  [jvm.dll+0x6744da]
V  [jvm.dll+0x82e144]
V  [jvm.dll+0x82f8ee]
V  [jvm.dll+0x82ff53]
V  [jvm.dll+0x245175]
V  [jvm.dll+0x6714c9]
V  [jvm.dll+0x665f92]
V  [jvm.dll+0x303c3b]
V  [jvm.dll+0x30b176]
V  [jvm.dll+0x35af1e]
V  [jvm.dll+0x35b14f]
V  [jvm.dll+0x2dab78]
V  [jvm.dll+0x2d8e2c]
V  [jvm.dll+0x2d83fc]
V  [jvm.dll+0x31c24b]
V  [jvm.dll+0x8343bb]
V  [jvm.dll+0x8350f4]
V  [jvm.dll+0x83560c]
V  [jvm.dll+0x8359e4]
V  [jvm.dll+0x835ab0]
V  [jvm.dll+0x7de51a]
V  [jvm.dll+0x673305]
C  [ucrtbase.dll+0x21542]
C  [KERNEL32.DLL+0x16fd4]
C  [ntdll.dll+0x4cec1]

VM_Operation (0x0000007671afcab0): G1CollectForAllocation, mode: safepoint, requested by thread 0x00000198210b6070


---------------  P R O C E S S  ---------------

Threads class SMR info:
_java_thread_list=0x0000019820bc7d90, length=112, elements={
0x000001987b900080, 0x000001981bfbbc10, 0x000001981bfbce70, 0x000001981bfd1430,
0x000001981bfd1cf0, 0x000001981bfd25b0, 0x000001981bfd3e80, 0x000001981bfd62d0,
0x000001981bfdd0d0, 0x000001981bfe0180, 0x000001981ccea510, 0x000001981ccef010,
0x000001981f1ee7f0, 0x000001981de37700, 0x000001981edee050, 0x000001981dd87040,
0x000001981ea81e60, 0x000001981dd2e930, 0x000001981eae1510, 0x000001981e004840,
0x000001981e007390, 0x000001981e007860, 0x000001981e004d10, 0x000001981e008200,
0x000001981e007d30, 0x000001981e006520, 0x000001981e0056b0, 0x000001981e005b80,
0x000001981e006ec0, 0x000001981e0069f0, 0x000001981f71f540, 0x000001981f722a30,
0x000001981f71fee0, 0x000001981f71f070, 0x000001981f720880, 0x000001981f7216f0,
0x000001981f721bc0, 0x000001981f722090, 0x000001981f45bdc0, 0x000001981f45e440,
0x000001981f45c290, 0x000001981f458400, 0x000001981f45cc30, 0x000001981f457f30,
0x000001981f45df70, 0x000001981f45e910, 0x000001981f45aa80, 0x000001981f45a0e0,
0x000001981f45af50, 0x000001981f45d100, 0x000001981f45d5d0, 0x000001981f45a5b0,
0x000001981f45ede0, 0x000001981f45c760, 0x000001981f45f2b0, 0x000001981f459270,
0x000001981f45daa0, 0x000001981f4588d0, 0x000001981f458da0, 0x000001981f45b420,
0x000001981f45f780, 0x000001981f459740, 0x000001981f45b8f0, 0x0000019821b02b40,
0x0000019821b01cd0, 0x0000019821b04350, 0x0000019821b02670, 0x0000019821b04820,
0x0000019821afe310, 0x0000019821afd4a0, 0x0000019821b00e60, 0x0000019821afe7e0,
0x0000019821aff180, 0x0000019821afecb0, 0x0000019821aff650, 0x0000019821b00990,
0x0000019821b04cf0, 0x0000019821affb20, 0x0000019821affff0, 0x0000019821b034e0,
0x0000019821b021a0, 0x0000019821afd970, 0x0000019821b03010, 0x0000019821b039b0,
0x0000019821afde40, 0x0000019821b03e80, 0x0000019821b01330, 0x0000019821b01800,
0x00000198210bbbe0, 0x00000198210b9560, 0x00000198210b7880, 0x00000198210b9090,
0x00000198205a9880, 0x00000198210bcf20, 0x00000198210b6ee0, 0x00000198210b7d50,
0x00000198210b6a10, 0x00000198210b86f0, 0x00000198210b8220, 0x00000198210b9f00,
0x00000198210ba8a0, 0x00000198210bb710, 0x00000198210bad70, 0x00000198210b6070,
0x00000198210bc0b0, 0x00000198210bb240, 0x00000198210bc580, 0x00000198210b6540,
0x00000198210bd3f0, 0x00000198210bd8c0, 0x00000198210b73b0, 0x00000198210bca50
}

Java Threads: ( => current thread )
  0x000001987b900080 JavaThread "main" [_thread_blocked, id=2832, stack(0x000000766a600000,0x000000766a700000)]
  0x000001981bfbbc10 JavaThread "Reference Handler" daemon [_thread_blocked, id=5568, stack(0x000000766ad00000,0x000000766ae00000)]
  0x000001981bfbce70 JavaThread "Finalizer" daemon [_thread_blocked, id=15568, stack(0x000000766ae00000,0x000000766af00000)]
  0x000001981bfd1430 JavaThread "Signal Dispatcher" daemon [_thread_blocked, id=14492, stack(0x000000766af00000,0x000000766b000000)]
  0x000001981bfd1cf0 JavaThread "Attach Listener" daemon [_thread_blocked, id=15452, stack(0x000000766b000000,0x000000766b100000)]
  0x000001981bfd25b0 JavaThread "Service Thread" daemon [_thread_blocked, id=6396, stack(0x000000766b100000,0x000000766b200000)]
  0x000001981bfd3e80 JavaThread "Monitor Deflation Thread" daemon [_thread_blocked, id=9896, stack(0x000000766b200000,0x000000766b300000)]
  0x000001981bfd62d0 JavaThread "C2 CompilerThread0" daemon [_thread_blocked, id=14520, stack(0x000000766b300000,0x000000766b400000)]
  0x000001981bfdd0d0 JavaThread "C1 CompilerThread0" daemon [_thread_blocked, id=7464, stack(0x000000766b400000,0x000000766b500000)]
  0x000001981bfe0180 JavaThread "Sweeper thread" daemon [_thread_blocked, id=15576, stack(0x000000766b500000,0x000000766b600000)]
  0x000001981ccea510 JavaThread "Common-Cleaner" daemon [_thread_blocked, id=15352, stack(0x000000766b600000,0x000000766b700000)]
  0x000001981ccef010 JavaThread "Notification Thread" daemon [_thread_blocked, id=2584, stack(0x000000766b700000,0x000000766b800000)]
  0x000001981f1ee7f0 JavaThread "Daemon health stats" [_thread_blocked, id=12556, stack(0x000000766bf00000,0x000000766c000000)]
  0x000001981de37700 JavaThread "Incoming local TCP Connector on port 57316" [_thread_in_native, id=8940, stack(0x000000766c000000,0x000000766c100000)]
  0x000001981edee050 JavaThread "Daemon periodic checks" [_thread_blocked, id=9224, stack(0x000000766c100000,0x000000766c200000)]
  0x000001981dd87040 JavaThread "Daemon" [_thread_blocked, id=12472, stack(0x000000766c200000,0x000000766c300000)]
  0x000001981ea81e60 JavaThread "Handler for socket connection from /127.0.0.1:57316 to /127.0.0.1:57317" [_thread_in_native, id=3596, stack(0x000000766c300000,0x000000766c400000)]
  0x000001981dd2e930 JavaThread "Cancel handler" [_thread_blocked, id=7480, stack(0x000000766c400000,0x000000766c500000)]
  0x000001981eae1510 JavaThread "Daemon worker" [_thread_blocked, id=11356, stack(0x000000766c500000,0x000000766c600000)]
  0x000001981e004840 JavaThread "Asynchronous log dispatcher for DefaultDaemonConnection: socket connection from /127.0.0.1:57316 to /127.0.0.1:57317" [_thread_blocked, id=15936, stack(0x000000766c600000,0x000000766c700000)]
  0x000001981e007390 JavaThread "Stdin handler" [_thread_blocked, id=14224, stack(0x000000766c700000,0x000000766c800000)]
  0x000001981e007860 JavaThread "Daemon client event forwarder" [_thread_blocked, id=15424, stack(0x000000766c800000,0x000000766c900000)]
  0x000001981e004d10 JavaThread "Cache worker for journal cache (C:\Users\Jexel\.gradle\caches\journal-1)" [_thread_blocked, id=11724, stack(0x000000766b900000,0x000000766ba00000)]
  0x000001981e008200 JavaThread "File lock request listener" [_thread_in_native, id=8964, stack(0x000000766c900000,0x000000766ca00000)]
  0x000001981e007d30 JavaThread "Cache worker for file hash cache (C:\Users\Jexel\.gradle\caches\7.3\fileHashes)" [_thread_blocked, id=5716, stack(0x000000766ca00000,0x000000766cb00000)]
  0x000001981e006520 JavaThread "Cache worker for file hash cache (C:\Users\Jexel\Desktop\MDK\IsleOfBerk\.gradle\7.3\fileHashes)" [_thread_blocked, id=7592, stack(0x000000766cc00000,0x000000766cd00000)]
  0x000001981e0056b0 JavaThread "File watcher server" daemon [_thread_in_native, id=11964, stack(0x000000766cd00000,0x000000766ce00000)]
  0x000001981e005b80 JavaThread "File watcher consumer" daemon [_thread_blocked, id=7608, stack(0x000000766ce00000,0x000000766cf00000)]
  0x000001981e006ec0 JavaThread "Cache worker for checksums cache (C:\Users\Jexel\Desktop\MDK\IsleOfBerk\.gradle\7.3\checksums)" [_thread_blocked, id=1984, stack(0x000000766cb00000,0x000000766cc00000)]
  0x000001981e0069f0 JavaThread "Cache worker for cache directory md-supplier (C:\Users\Jexel\.gradle\caches\7.3\md-supplier)" [_thread_blocked, id=16116, stack(0x000000766cf00000,0x000000766d000000)]
  0x000001981f71f540 JavaThread "Cache worker for cache directory md-rule (C:\Users\Jexel\.gradle\caches\7.3\md-rule)" [_thread_blocked, id=13016, stack(0x000000766d000000,0x000000766d100000)]
  0x000001981f722a30 JavaThread "Cache worker for execution history cache (C:\Users\Jexel\.gradle\caches\7.3\executionHistory)" [_thread_blocked, id=8252, stack(0x000000766d100000,0x000000766d200000)]
  0x000001981f71fee0 JavaThread "jar transforms" [_thread_blocked, id=14896, stack(0x000000766d300000,0x000000766d400000)]
  0x000001981f71f070 JavaThread "jar transforms Thread 2" [_thread_blocked, id=13848, stack(0x000000766d400000,0x000000766d500000)]
  0x000001981f720880 JavaThread "Cache worker for file content cache (C:\Users\Jexel\.gradle\caches\7.3\fileContent)" [_thread_blocked, id=7684, stack(0x000000766d600000,0x000000766d700000)]
  0x000001981f7216f0 JavaThread "jar transforms Thread 3" [_thread_blocked, id=4972, stack(0x000000766d700000,0x000000766d800000)]
  0x000001981f721bc0 JavaThread "jar transforms Thread 4" [_thread_blocked, id=9124, stack(0x000000766d800000,0x000000766d900000)]
  0x000001981f722090 JavaThread "Cache worker for dependencies-accessors (C:\Users\Jexel\Desktop\MDK\IsleOfBerk\.gradle\7.3\dependencies-accessors)" [_thread_blocked, id=14164, stack(0x000000766d900000,0x000000766da00000)]
  0x000001981f45bdc0 JavaThread "jar transforms Thread 5" [_thread_blocked, id=4512, stack(0x000000766da00000,0x000000766db00000)]
  0x000001981f45e440 JavaThread "Cache worker for Build Output Cleanup Cache (C:\Users\Jexel\Desktop\MDK\IsleOfBerk\.gradle\buildOutputCleanup)" [_thread_blocked, id=13356, stack(0x000000766db00000,0x000000766dc00000)]
  0x000001981f45c290 JavaThread "Unconstrained build operations" [_thread_blocked, id=4864, stack(0x000000766dc00000,0x000000766dd00000)]
  0x000001981f458400 JavaThread "Unconstrained build operations Thread 2" [_thread_blocked, id=15808, stack(0x000000766dd00000,0x000000766de00000)]
  0x000001981f45cc30 JavaThread "Unconstrained build operations Thread 3" [_thread_blocked, id=10764, stack(0x000000766de00000,0x000000766df00000)]
  0x000001981f457f30 JavaThread "Unconstrained build operations Thread 4" [_thread_blocked, id=8456, stack(0x000000766df00000,0x000000766e000000)]
  0x000001981f45df70 JavaThread "Unconstrained build operations Thread 5" [_thread_blocked, id=7600, stack(0x000000766e000000,0x000000766e100000)]
  0x000001981f45e910 JavaThread "Unconstrained build operations Thread 6" [_thread_blocked, id=5476, stack(0x000000766e100000,0x000000766e200000)]
  0x000001981f45aa80 JavaThread "Unconstrained build operations Thread 7" [_thread_blocked, id=16060, stack(0x000000766e200000,0x000000766e300000)]
  0x000001981f45a0e0 JavaThread "Unconstrained build operations Thread 8" [_thread_blocked, id=12404, stack(0x000000766e300000,0x000000766e400000)]
  0x000001981f45af50 JavaThread "Unconstrained build operations Thread 9" [_thread_blocked, id=13656, stack(0x000000766e400000,0x000000766e500000)]
  0x000001981f45d100 JavaThread "Unconstrained build operations Thread 10" [_thread_blocked, id=8696, stack(0x000000766e500000,0x000000766e600000)]
  0x000001981f45d5d0 JavaThread "Unconstrained build operations Thread 11" [_thread_blocked, id=7896, stack(0x000000766e600000,0x000000766e700000)]
  0x000001981f45a5b0 JavaThread "Unconstrained build operations Thread 12" [_thread_blocked, id=11460, stack(0x000000766e700000,0x000000766e800000)]
  0x000001981f45ede0 JavaThread "Unconstrained build operations Thread 13" [_thread_blocked, id=7588, stack(0x000000766e800000,0x000000766e900000)]
  0x000001981f45c760 JavaThread "Unconstrained build operations Thread 14" [_thread_blocked, id=11144, stack(0x000000766e900000,0x000000766ea00000)]
  0x000001981f45f2b0 JavaThread "Unconstrained build operations Thread 15" [_thread_blocked, id=8040, stack(0x000000766ea00000,0x000000766eb00000)]
  0x000001981f459270 JavaThread "Unconstrained build operations Thread 16" [_thread_blocked, id=9456, stack(0x000000766eb00000,0x000000766ec00000)]
  0x000001981f45daa0 JavaThread "Unconstrained build operations Thread 17" [_thread_blocked, id=11956, stack(0x000000766ec00000,0x000000766ed00000)]
  0x000001981f4588d0 JavaThread "Unconstrained build operations Thread 18" [_thread_blocked, id=9336, stack(0x000000766ed00000,0x000000766ee00000)]
  0x000001981f458da0 JavaThread "Unconstrained build operations Thread 19" [_thread_blocked, id=2580, stack(0x000000766ee00000,0x000000766ef00000)]
  0x000001981f45b420 JavaThread "Unconstrained build operations Thread 20" [_thread_blocked, id=10616, stack(0x000000766ef00000,0x000000766f000000)]
  0x000001981f45f780 JavaThread "Unconstrained build operations Thread 21" [_thread_blocked, id=10416, stack(0x000000766f000000,0x000000766f100000)]
  0x000001981f459740 JavaThread "Unconstrained build operations Thread 22" [_thread_blocked, id=6968, stack(0x000000766f100000,0x000000766f200000)]
  0x000001981f45b8f0 JavaThread "Unconstrained build operations Thread 23" [_thread_blocked, id=14388, stack(0x000000766f200000,0x000000766f300000)]
  0x0000019821b02b40 JavaThread "Unconstrained build operations Thread 24" [_thread_blocked, id=12656, stack(0x000000766f300000,0x000000766f400000)]
  0x0000019821b01cd0 JavaThread "Unconstrained build operations Thread 25" [_thread_blocked, id=12264, stack(0x000000766f400000,0x000000766f500000)]
  0x0000019821b04350 JavaThread "Unconstrained build operations Thread 26" [_thread_blocked, id=2204, stack(0x000000766f500000,0x000000766f600000)]
  0x0000019821b02670 JavaThread "Unconstrained build operations Thread 27" [_thread_blocked, id=12736, stack(0x000000766f600000,0x000000766f700000)]
  0x0000019821b04820 JavaThread "Unconstrained build operations Thread 28" [_thread_blocked, id=12760, stack(0x000000766f700000,0x000000766f800000)]
  0x0000019821afe310 JavaThread "Unconstrained build operations Thread 29" [_thread_blocked, id=13856, stack(0x000000766f800000,0x000000766f900000)]
  0x0000019821afd4a0 JavaThread "Unconstrained build operations Thread 30" [_thread_blocked, id=16340, stack(0x000000766f900000,0x000000766fa00000)]
  0x0000019821b00e60 JavaThread "Unconstrained build operations Thread 31" [_thread_blocked, id=7188, stack(0x000000766fa00000,0x000000766fb00000)]
  0x0000019821afe7e0 JavaThread "Unconstrained build operations Thread 32" [_thread_blocked, id=15364, stack(0x000000766fb00000,0x000000766fc00000)]
  0x0000019821aff180 JavaThread "Unconstrained build operations Thread 33" [_thread_blocked, id=15512, stack(0x000000766fc00000,0x000000766fd00000)]
  0x0000019821afecb0 JavaThread "Unconstrained build operations Thread 34" [_thread_blocked, id=9636, stack(0x000000766fd00000,0x000000766fe00000)]
  0x0000019821aff650 JavaThread "jar transforms Thread 6" [_thread_blocked, id=15668, stack(0x000000766fe00000,0x000000766ff00000)]
  0x0000019821b00990 JavaThread "Keep-Alive-Timer" daemon [_thread_blocked, id=2520, stack(0x000000766d500000,0x000000766d600000)]
  0x0000019821b04cf0 JavaThread "Memory manager" [_thread_blocked, id=11204, stack(0x0000007670000000,0x0000007670100000)]
  0x0000019821affb20 JavaThread "ForkJoinPool.commonPool-worker-1" daemon [_thread_blocked, id=3708, stack(0x0000007670100000,0x0000007670200000)]
  0x0000019821affff0 JavaThread "ForkJoinPool.commonPool-worker-2" daemon [_thread_blocked, id=6036, stack(0x0000007670200000,0x0000007670300000)]
  0x0000019821b034e0 JavaThread "ForkJoinPool.commonPool-worker-3" daemon [_thread_blocked, id=4832, stack(0x0000007670300000,0x0000007670400000)]
  0x0000019821b021a0 JavaThread "ForkJoinPool.commonPool-worker-4" daemon [_thread_blocked, id=12068, stack(0x0000007670400000,0x0000007670500000)]
  0x0000019821afd970 JavaThread "ForkJoinPool.commonPool-worker-5" daemon [_thread_blocked, id=1244, stack(0x0000007670500000,0x0000007670600000)]
  0x0000019821b03010 JavaThread "Exec process" [_thread_blocked, id=12696, stack(0x0000007670600000,0x0000007670700000)]
  0x0000019821b039b0 JavaThread "Exec process Thread 2" [_thread_blocked, id=4844, stack(0x0000007670700000,0x0000007670800000)]
  0x0000019821afde40 JavaThread "Exec process Thread 3" [_thread_blocked, id=1272, stack(0x0000007670800000,0x0000007670900000)]
  0x0000019821b03e80 JavaThread "Unconstrained build operations Thread 35" [_thread_blocked, id=2008, stack(0x0000007670900000,0x0000007670a00000)]
  0x0000019821b01330 JavaThread "Unconstrained build operations Thread 36" [_thread_blocked, id=13256, stack(0x0000007670a00000,0x0000007670b00000)]
  0x0000019821b01800 JavaThread "Unconstrained build operations Thread 37" [_thread_blocked, id=11040, stack(0x0000007670b00000,0x0000007670c00000)]
  0x00000198210bbbe0 JavaThread "Unconstrained build operations Thread 38" [_thread_blocked, id=11156, stack(0x0000007670c00000,0x0000007670d00000)]
  0x00000198210b9560 JavaThread "Unconstrained build operations Thread 39" [_thread_blocked, id=11060, stack(0x0000007670d00000,0x0000007670e00000)]
  0x00000198210b7880 JavaThread "Unconstrained build operations Thread 40" [_thread_blocked, id=15384, stack(0x0000007670e00000,0x0000007670f00000)]
  0x00000198210b9090 JavaThread "Unconstrained build operations Thread 41" [_thread_blocked, id=15636, stack(0x0000007670f00000,0x0000007671000000)]
  0x00000198205a9880 JavaThread "C2 CompilerThread1" daemon [_thread_blocked, id=1596, stack(0x000000766ff00000,0x0000007670000000)]
  0x00000198210bcf20 JavaThread "Unconstrained build operations Thread 42" [_thread_blocked, id=13268, stack(0x0000007671000000,0x0000007671100000)]
  0x00000198210b6ee0 JavaThread "Unconstrained build operations Thread 43" [_thread_blocked, id=10600, stack(0x0000007671100000,0x0000007671200000)]
  0x00000198210b7d50 JavaThread "Unconstrained build operations Thread 44" [_thread_blocked, id=15760, stack(0x0000007671200000,0x0000007671300000)]
  0x00000198210b6a10 JavaThread "Unconstrained build operations Thread 45" [_thread_blocked, id=15020, stack(0x0000007671300000,0x0000007671400000)]
  0x00000198210b86f0 JavaThread "Unconstrained build operations Thread 46" [_thread_blocked, id=13368, stack(0x0000007671400000,0x0000007671500000)]
  0x00000198210b8220 JavaThread "Unconstrained build operations Thread 47" [_thread_blocked, id=7432, stack(0x0000007671500000,0x0000007671600000)]
  0x00000198210b9f00 JavaThread "Unconstrained build operations Thread 48" [_thread_blocked, id=13484, stack(0x0000007671600000,0x0000007671700000)]
  0x00000198210ba8a0 JavaThread "Unconstrained build operations Thread 49" [_thread_blocked, id=12868, stack(0x0000007671700000,0x0000007671800000)]
  0x00000198210bb710 JavaThread "Unconstrained build operations Thread 50" [_thread_blocked, id=4876, stack(0x0000007671800000,0x0000007671900000)]
  0x00000198210bad70 JavaThread "Unconstrained build operations Thread 51" [_thread_blocked, id=15516, stack(0x0000007671900000,0x0000007671a00000)]
  0x00000198210b6070 JavaThread "Unconstrained build operations Thread 52" [_thread_blocked, id=10044, stack(0x0000007671a00000,0x0000007671b00000)]
  0x00000198210bc0b0 JavaThread "Unconstrained build operations Thread 53" [_thread_blocked, id=13352, stack(0x0000007671b00000,0x0000007671c00000)]
  0x00000198210bb240 JavaThread "Unconstrained build operations Thread 54" [_thread_blocked, id=12076, stack(0x0000007671c00000,0x0000007671d00000)]
  0x00000198210bc580 JavaThread "Unconstrained build operations Thread 55" [_thread_blocked, id=15192, stack(0x0000007671d00000,0x0000007671e00000)]
  0x00000198210b6540 JavaThread "Unconstrained build operations Thread 56" [_thread_blocked, id=6800, stack(0x0000007671e00000,0x0000007671f00000)]
  0x00000198210bd3f0 JavaThread "Unconstrained build operations Thread 57" [_thread_blocked, id=2616, stack(0x0000007671f00000,0x0000007672000000)]
  0x00000198210bd8c0 JavaThread "Unconstrained build operations Thread 58" [_thread_blocked, id=9396, stack(0x0000007672000000,0x0000007672100000)]
  0x00000198210b73b0 JavaThread "Unconstrained build operations Thread 59" [_thread_blocked, id=7316, stack(0x0000007672100000,0x0000007672200000)]
  0x00000198210bca50 JavaThread "Unconstrained build operations Thread 60" [_thread_blocked, id=7792, stack(0x0000007672200000,0x0000007672300000)]

Other Threads:
=>0x000001981bfb5ac0 VMThread "VM Thread" [stack: 0x000000766ac00000,0x000000766ad00000] [id=8076]
  0x000001981ccf14f0 WatcherThread [stack: 0x000000766b800000,0x000000766b900000] [id=11560]
  0x000001987b943820 GCTaskThread "GC Thread#0" [stack: 0x000000766a700000,0x000000766a800000] [id=14996]
  0x000001981d163550 GCTaskThread "GC Thread#1" [stack: 0x000000766ba00000,0x000000766bb00000] [id=15296]
  0x000001981d162280 GCTaskThread "GC Thread#2" [stack: 0x000000766bb00000,0x000000766bc00000] [id=11136]
  0x000001981d161d20 GCTaskThread "GC Thread#3" [stack: 0x000000766bc00000,0x000000766bd00000] [id=8968]
  0x000001981d161a70 GCTaskThread "GC Thread#4" [stack: 0x000000766bd00000,0x000000766be00000] [id=228]
  0x000001981d162530 GCTaskThread "GC Thread#5" [stack: 0x000000766be00000,0x000000766bf00000] [id=15172]
  0x000001987b950510 ConcurrentGCThread "G1 Main Marker" [stack: 0x000000766a800000,0x000000766a900000] [id=11680]
  0x000001987b951470 ConcurrentGCThread "G1 Conc#0" [stack: 0x000000766a900000,0x000000766aa00000] [id=4268]
  0x000001981f739ba0 ConcurrentGCThread "G1 Conc#1" [stack: 0x000000766d200000,0x000000766d300000] [id=4240]
  0x000001987b9de770 ConcurrentGCThread "G1 Refine#0" [stack: 0x000000766aa00000,0x000000766ab00000] [id=16044]
  0x000001981e9b8790 ConcurrentGCThread "G1 Refine#1" [stack: 0x0000007672300000,0x0000007672400000] [id=3784]
  0x000001981e9ba170 ConcurrentGCThread "G1 Refine#2" [stack: 0x0000007672400000,0x0000007672500000] [id=5032]
  0x000001981e9b9bb0 ConcurrentGCThread "G1 Refine#3" [stack: 0x0000007672500000,0x0000007672600000] [id=12372]
  0x000001981e9b9030 ConcurrentGCThread "G1 Refine#4" [stack: 0x0000007672600000,0x0000007672700000] [id=13920]
  0x000001981e9b9310 ConcurrentGCThread "G1 Refine#5" [stack: 0x0000007672700000,0x0000007672800000] [id=13336]
  0x000001981be724b0 ConcurrentGCThread "G1 Service" [stack: 0x000000766ab00000,0x000000766ac00000] [id=15284]

Threads with active compile tasks:

VM state: at safepoint (normal execution)

VM Mutex/Monitor currently owned by a thread:  ([mutex/lock_event])
[0x000001987b8fca80] Threads_lock - owner thread: 0x000001981bfb5ac0
[0x000001987b8fc0f0] Heap_lock - owner thread: 0x00000198210b6070

Heap address: 0x0000000740000000, size: 3072 MB, Compressed Oops mode: Zero based, Oop shift amount: 3

CDS archive(s) mapped at: [0x0000000800000000-0x0000000800bc0000-0x0000000800bc0000), size 12320768, SharedBaseAddress: 0x0000000800000000, ArchiveRelocationMode: 0.
Compressed class space mapped at: 0x0000000800c00000-0x0000000840c00000, reserved size: 1073741824
Narrow klass base: 0x0000000800000000, Narrow klass shift: 0, Narrow klass range: 0x100000000

GC Precious Log:
 CPUs: 6 total, 6 available
 Memory: 16332M
 Large Page Support: Disabled
 NUMA Support: Disabled
 Compressed Oops: Enabled (Zero based)
 Heap Region Size: 2M
 Heap Min Capacity: 8M
 Heap Initial Capacity: 256M
 Heap Max Capacity: 3G
 Pre-touch: Disabled
 Parallel Workers: 6
 Concurrent Workers: 2
 Concurrent Refinement Workers: 6
 Periodic GC: Disabled

Heap:
 garbage-first heap   total 415744K, used 242828K [0x0000000740000000, 0x0000000800000000)
  region size 2048K, 4 young (8192K), 4 survivors (8192K)
 Metaspace       used 56239K, committed 56768K, reserved 1105920K
  class space    used 7576K, committed 7808K, reserved 1048576K

Heap Regions: E=young(eden), S=young(survivor), O=old, HS=humongous(starts), HC=humongous(continues), CS=collection set, F=free, OA=open archive, CA=closed archive, TAMS=top-at-mark-start (previous, next)
|   0|0x0000000740000000, 0x0000000740200000, 0x0000000740200000|100%| O|  |TAMS 0x0000000740200000, 0x0000000740200000| Untracked 
|   1|0x0000000740200000, 0x0000000740400000, 0x0000000740400000|100%| O|  |TAMS 0x0000000740400000, 0x0000000740400000| Untracked 
|   2|0x0000000740400000, 0x0000000740600000, 0x0000000740600000|100%|HS|  |TAMS 0x0000000740600000, 0x0000000740600000| Complete 
|   3|0x0000000740600000, 0x0000000740800000, 0x0000000740800000|100%|HC|  |TAMS 0x0000000740800000, 0x0000000740800000| Complete 
|   4|0x0000000740800000, 0x0000000740a00000, 0x0000000740a00000|100%| O|  |TAMS 0x0000000740a00000, 0x0000000740a00000| Untracked 
|   5|0x0000000740a00000, 0x0000000740c00000, 0x0000000740c00000|100%| O|  |TAMS 0x0000000740c00000, 0x0000000740c00000| Untracked 
|   6|0x0000000740c00000, 0x0000000740e00000, 0x0000000740e00000|100%| O|  |TAMS 0x0000000740e00000, 0x0000000740e00000| Untracked 
|   7|0x0000000740e00000, 0x0000000741000000, 0x0000000741000000|100%| O|  |TAMS 0x0000000741000000, 0x0000000741000000| Untracked 
|   8|0x0000000741000000, 0x0000000741200000, 0x0000000741200000|100%| O|  |TAMS 0x0000000741200000, 0x0000000741200000| Untracked 
|   9|0x0000000741200000, 0x0000000741400000, 0x0000000741400000|100%| O|  |TAMS 0x0000000741400000, 0x0000000741400000| Untracked 
|  10|0x0000000741400000, 0x0000000741600000, 0x0000000741600000|100%| O|  |TAMS 0x0000000741600000, 0x0000000741600000| Untracked 
|  11|0x0000000741600000, 0x0000000741800000, 0x0000000741800000|100%| O|  |TAMS 0x0000000741800000, 0x0000000741800000| Untracked 
|  12|0x0000000741800000, 0x0000000741a00000, 0x0000000741a00000|100%| O|  |TAMS 0x0000000741a00000, 0x0000000741a00000| Untracked 
|  13|0x0000000741a00000, 0x0000000741c00000, 0x0000000741c00000|100%|HS|  |TAMS 0x0000000741c00000, 0x0000000741c00000| Complete 
|  14|0x0000000741c00000, 0x0000000741e00000, 0x0000000741e00000|100%| O|  |TAMS 0x0000000741e00000, 0x0000000741e00000| Untracked 
|  15|0x0000000741e00000, 0x0000000742000000, 0x0000000742000000|100%| O|  |TAMS 0x0000000742000000, 0x0000000742000000| Untracked 
|  16|0x0000000742000000, 0x0000000742200000, 0x0000000742200000|100%| O|  |TAMS 0x0000000742200000, 0x0000000742200000| Untracked 
|  17|0x0000000742200000, 0x0000000742400000, 0x0000000742400000|100%| O|  |TAMS 0x0000000742400000, 0x0000000742400000| Untracked 
|  18|0x0000000742400000, 0x0000000742600000, 0x0000000742600000|100%| O|  |TAMS 0x0000000742600000, 0x0000000742600000| Untracked 
|  19|0x0000000742600000, 0x0000000742800000, 0x0000000742800000|100%| O|  |TAMS 0x0000000742800000, 0x0000000742800000| Untracked 
|  20|0x0000000742800000, 0x0000000742a00000, 0x0000000742a00000|100%| O|  |TAMS 0x0000000742800000, 0x0000000742800000| Untracked 
|  21|0x0000000742a00000, 0x0000000742c00000, 0x0000000742c00000|100%| O|  |TAMS 0x0000000742a00000, 0x0000000742c00000| Untracked 
|  22|0x0000000742c00000, 0x0000000742e00000, 0x0000000742e00000|100%| O|  |TAMS 0x0000000742c00000, 0x0000000742c00000| Untracked 
|  23|0x0000000742e00000, 0x0000000743000000, 0x0000000743000000|100%| O|  |TAMS 0x0000000742e00000, 0x0000000742e00000| Untracked 
|  24|0x0000000743000000, 0x0000000743200000, 0x0000000743200000|100%| O|  |TAMS 0x0000000743000000, 0x0000000743200000| Untracked 
|  25|0x0000000743200000, 0x0000000743400000, 0x0000000743400000|100%| O|  |TAMS 0x0000000743200000, 0x0000000743200000| Untracked 
|  26|0x0000000743400000, 0x0000000743600000, 0x0000000743600000|100%| O|  |TAMS 0x0000000743400000, 0x0000000743600000| Untracked 
|  27|0x0000000743600000, 0x0000000743800000, 0x0000000743800000|100%| O|  |TAMS 0x0000000743800000, 0x0000000743800000| Untracked 
|  28|0x0000000743800000, 0x0000000743a00000, 0x0000000743a00000|100%| O|  |TAMS 0x0000000743a00000, 0x0000000743a00000| Untracked 
|  29|0x0000000743a00000, 0x0000000743c00000, 0x0000000743c00000|100%| O|  |TAMS 0x0000000743c00000, 0x0000000743c00000| Untracked 
|  30|0x0000000743c00000, 0x0000000743e00000, 0x0000000743e00000|100%| O|  |TAMS 0x0000000743e00000, 0x0000000743e00000| Untracked 
|  31|0x0000000743e00000, 0x0000000743fffff8, 0x0000000744000000| 99%| O|  |TAMS 0x0000000743fffff8, 0x0000000743fffff8| Untracked 
|  32|0x0000000744000000, 0x0000000744000000, 0x0000000744200000|  0%| F|  |TAMS 0x0000000744000000, 0x0000000744000000| Untracked 
|  33|0x0000000744200000, 0x0000000744200000, 0x0000000744400000|  0%| F|  |TAMS 0x0000000744200000, 0x0000000744200000| Untracked 
|  34|0x0000000744400000, 0x0000000744400000, 0x0000000744600000|  0%| F|  |TAMS 0x0000000744400000, 0x0000000744400000| Untracked 
|  35|0x0000000744600000, 0x0000000744600000, 0x0000000744800000|  0%| F|  |TAMS 0x0000000744600000, 0x0000000744600000| Untracked 
|  36|0x0000000744800000, 0x0000000744a00000, 0x0000000744a00000|100%| O|  |TAMS 0x0000000744800000, 0x0000000744a00000| Untracked 
|  37|0x0000000744a00000, 0x0000000744c00000, 0x0000000744c00000|100%| O|  |TAMS 0x0000000744a00000, 0x0000000744c00000| Untracked 
|  38|0x0000000744c00000, 0x0000000744e00000, 0x0000000744e00000|100%| O|  |TAMS 0x0000000744c00000, 0x0000000744e00000| Untracked 
|  39|0x0000000744e00000, 0x0000000745000000, 0x0000000745000000|100%| O|  |TAMS 0x0000000744e00000, 0x0000000745000000| Untracked 
|  40|0x0000000745000000, 0x0000000745200000, 0x0000000745200000|100%| O|  |TAMS 0x0000000745000000, 0x0000000745200000| Untracked 
|  41|0x0000000745200000, 0x0000000745400000, 0x0000000745400000|100%| O|  |TAMS 0x0000000745200000, 0x0000000745400000| Untracked 
|  42|0x0000000745400000, 0x0000000745600000, 0x0000000745600000|100%| O|  |TAMS 0x0000000745400000, 0x00000007454f9c00| Untracked 
|  43|0x0000000745600000, 0x0000000745800000, 0x0000000745800000|100%| O|  |TAMS 0x0000000745600000, 0x0000000745600000| Untracked 
|  44|0x0000000745800000, 0x0000000745a00000, 0x0000000745a00000|100%| O|  |TAMS 0x0000000745800000, 0x0000000745800000| Untracked 
|  45|0x0000000745a00000, 0x0000000745c00000, 0x0000000745c00000|100%| O|  |TAMS 0x0000000745a00000, 0x0000000745a00000| Untracked 
|  46|0x0000000745c00000, 0x0000000745e00000, 0x0000000745e00000|100%| O|  |TAMS 0x0000000745c00000, 0x0000000745c00000| Untracked 
|  47|0x0000000745e00000, 0x0000000746000000, 0x0000000746000000|100%| O|  |TAMS 0x0000000745e00000, 0x0000000745e00000| Untracked 
|  48|0x0000000746000000, 0x0000000746200000, 0x0000000746200000|100%| O|  |TAMS 0x0000000746000000, 0x0000000746000000| Untracked 
|  49|0x0000000746200000, 0x0000000746400000, 0x0000000746400000|100%| O|  |TAMS 0x0000000746200000, 0x0000000746200000| Untracked 
|  50|0x0000000746400000, 0x0000000746600000, 0x0000000746600000|100%| O|  |TAMS 0x0000000746400000, 0x0000000746400000| Untracked 
|  51|0x0000000746600000, 0x0000000746800000, 0x0000000746800000|100%| O|  |TAMS 0x0000000746600000, 0x0000000746600000| Untracked 
|  52|0x0000000746800000, 0x0000000746a00000, 0x0000000746a00000|100%| O|  |TAMS 0x0000000746a00000, 0x0000000746a00000| Untracked 
|  53|0x0000000746a00000, 0x0000000746c00000, 0x0000000746c00000|100%| O|  |TAMS 0x0000000746a00000, 0x0000000746c00000| Untracked 
|  54|0x0000000746c00000, 0x0000000746e00000, 0x0000000746e00000|100%| O|  |TAMS 0x0000000746c00000, 0x0000000746c00000| Untracked 
|  55|0x0000000746e00000, 0x0000000747000000, 0x0000000747000000|100%| O|  |TAMS 0x0000000746e00000, 0x0000000747000000| Untracked 
|  56|0x0000000747000000, 0x0000000747200000, 0x0000000747200000|100%| O|  |TAMS 0x0000000747200000, 0x0000000747200000| Untracked 
|  57|0x0000000747200000, 0x0000000747400000, 0x0000000747400000|100%| O|  |TAMS 0x0000000747200000, 0x0000000747200000| Untracked 
|  58|0x0000000747400000, 0x0000000747600000, 0x0000000747600000|100%| O|  |TAMS 0x0000000747400000, 0x0000000747400000| Untracked 
|  59|0x0000000747600000, 0x0000000747800000, 0x0000000747800000|100%| O|  |TAMS 0x0000000747600000, 0x0000000747800000| Untracked 
|  60|0x0000000747800000, 0x0000000747a00000, 0x0000000747a00000|100%| O|  |TAMS 0x0000000747800000, 0x0000000747a00000| Untracked 
|  61|0x0000000747a00000, 0x0000000747c00000, 0x0000000747c00000|100%| O|  |TAMS 0x0000000747a00000, 0x0000000747c00000| Untracked 
|  62|0x0000000747c00000, 0x0000000747e00000, 0x0000000747e00000|100%| O|  |TAMS 0x0000000747c00000, 0x0000000747e00000| Untracked 
|  63|0x0000000747e00000, 0x0000000748000000, 0x0000000748000000|100%| O|  |TAMS 0x0000000747e00000, 0x0000000748000000| Untracked 
|  64|0x0000000748000000, 0x0000000748200000, 0x0000000748200000|100%| O|  |TAMS 0x0000000748000000, 0x0000000748200000| Untracked 
|  65|0x0000000748200000, 0x0000000748400000, 0x0000000748400000|100%| O|  |TAMS 0x0000000748200000, 0x0000000748400000| Untracked 
|  66|0x0000000748400000, 0x0000000748600000, 0x0000000748600000|100%| O|  |TAMS 0x0000000748400000, 0x0000000748600000| Untracked 
|  67|0x0000000748600000, 0x0000000748800000, 0x0000000748800000|100%| O|  |TAMS 0x0000000748600000, 0x0000000748800000| Untracked 
|  68|0x0000000748800000, 0x0000000748a00000, 0x0000000748a00000|100%| O|  |TAMS 0x0000000748800000, 0x0000000748a00000| Untracked 
|  69|0x0000000748a00000, 0x0000000748c00000, 0x0000000748c00000|100%| O|  |TAMS 0x0000000748a00000, 0x0000000748c00000| Untracked 
|  70|0x0000000748c00000, 0x0000000748e00000, 0x0000000748e00000|100%| O|  |TAMS 0x0000000748c00000, 0x0000000748e00000| Untracked 
|  71|0x0000000748e00000, 0x0000000749000000, 0x0000000749000000|100%| O|  |TAMS 0x0000000748e00000, 0x0000000749000000| Untracked 
|  72|0x0000000749000000, 0x0000000749200000, 0x0000000749200000|100%| O|  |TAMS 0x0000000749000000, 0x0000000749200000| Untracked 
|  73|0x0000000749200000, 0x0000000749400000, 0x0000000749400000|100%| O|  |TAMS 0x0000000749200000, 0x0000000749400000| Untracked 
|  74|0x0000000749400000, 0x0000000749600000, 0x0000000749600000|100%| O|  |TAMS 0x0000000749400000, 0x0000000749600000| Untracked 
|  75|0x0000000749600000, 0x0000000749800000, 0x0000000749800000|100%| O|  |TAMS 0x0000000749600000, 0x0000000749800000| Untracked 
|  76|0x0000000749800000, 0x0000000749a00000, 0x0000000749a00000|100%| O|  |TAMS 0x0000000749800000, 0x0000000749a00000| Untracked 
|  77|0x0000000749a00000, 0x0000000749c00000, 0x0000000749c00000|100%| O|  |TAMS 0x0000000749a00000, 0x0000000749c00000| Untracked 
|  78|0x0000000749c00000, 0x0000000749e00000, 0x0000000749e00000|100%| O|  |TAMS 0x0000000749c00000, 0x0000000749c00000| Untracked 
|  79|0x0000000749e00000, 0x000000074a000000, 0x000000074a000000|100%|HS|  |TAMS 0x0000000749e00000, 0x000000074a000000| Complete 
|  80|0x000000074a000000, 0x000000074a200000, 0x000000074a200000|100%|HC|  |TAMS 0x000000074a000000, 0x000000074a200000| Complete 
|  81|0x000000074a200000, 0x000000074a400000, 0x000000074a400000|100%|HC|  |TAMS 0x000000074a200000, 0x000000074a400000| Complete 
|  82|0x000000074a400000, 0x000000074a523400, 0x000000074a600000| 56%| O|  |TAMS 0x000000074a400000, 0x000000074a400000| Untracked 
|  83|0x000000074a600000, 0x000000074a600000, 0x000000074a800000|  0%| F|  |TAMS 0x000000074a600000, 0x000000074a600000| Untracked 
|  84|0x000000074a800000, 0x000000074aa00000, 0x000000074aa00000|100%| O|  |TAMS 0x000000074a800000, 0x000000074aa00000| Untracked 
|  85|0x000000074aa00000, 0x000000074ac00000, 0x000000074ac00000|100%| O|  |TAMS 0x000000074aa00000, 0x000000074ac00000| Untracked 
|  86|0x000000074ac00000, 0x000000074ae00000, 0x000000074ae00000|100%| O|  |TAMS 0x000000074ac00000, 0x000000074ae00000| Untracked 
|  87|0x000000074ae00000, 0x000000074b000000, 0x000000074b000000|100%| O|  |TAMS 0x000000074ae00000, 0x000000074b000000| Untracked 
|  88|0x000000074b000000, 0x000000074b200000, 0x000000074b200000|100%| O|  |TAMS 0x000000074b000000, 0x000000074b200000| Untracked 
|  89|0x000000074b200000, 0x000000074b400000, 0x000000074b400000|100%|HS|  |TAMS 0x000000074b400000, 0x000000074b400000| Complete 
|  90|0x000000074b400000, 0x000000074b600000, 0x000000074b600000|100%|HC|  |TAMS 0x000000074b600000, 0x000000074b600000| Complete 
|  91|0x000000074b600000, 0x000000074b800000, 0x000000074b800000|100%|HC|  |TAMS 0x000000074b800000, 0x000000074b800000| Complete 
|  92|0x000000074b800000, 0x000000074ba00000, 0x000000074ba00000|100%| O|  |TAMS 0x000000074ba00000, 0x000000074ba00000| Untracked 
|  93|0x000000074ba00000, 0x000000074ba00000, 0x000000074bc00000|  0%| F|  |TAMS 0x000000074ba00000, 0x000000074ba00000| Untracked 
|  94|0x000000074bc00000, 0x000000074bc00000, 0x000000074be00000|  0%| F|  |TAMS 0x000000074bc00000, 0x000000074bc00000| Untracked 
|  95|0x000000074be00000, 0x000000074be00000, 0x000000074c000000|  0%| F|  |TAMS 0x000000074be00000, 0x000000074be00000| Untracked 
|  96|0x000000074c000000, 0x000000074c200000, 0x000000074c200000|100%| O|  |TAMS 0x000000074c200000, 0x000000074c200000| Untracked 
|  97|0x000000074c200000, 0x000000074c400000, 0x000000074c400000|100%| O|  |TAMS 0x000000074c400000, 0x000000074c400000| Untracked 
|  98|0x000000074c400000, 0x000000074c600000, 0x000000074c600000|100%| O|  |TAMS 0x000000074c400000, 0x000000074c600000| Untracked 
|  99|0x000000074c600000, 0x000000074c800000, 0x000000074c800000|100%| O|  |TAMS 0x000000074c800000, 0x000000074c800000| Untracked 
| 100|0x000000074c800000, 0x000000074ca00000, 0x000000074ca00000|100%| O|  |TAMS 0x000000074ca00000, 0x000000074ca00000| Untracked 
| 101|0x000000074ca00000, 0x000000074ca00000, 0x000000074cc00000|  0%| F|  |TAMS 0x000000074ca00000, 0x000000074ca00000| Untracked 
| 102|0x000000074cc00000, 0x000000074ce00000, 0x000000074ce00000|100%| O|  |TAMS 0x000000074ce00000, 0x000000074ce00000| Untracked 
| 103|0x000000074ce00000, 0x000000074ce00000, 0x000000074d000000|  0%| F|  |TAMS 0x000000074ce00000, 0x000000074ce00000| Untracked 
| 104|0x000000074d000000, 0x000000074d200000, 0x000000074d200000|100%| O|  |TAMS 0x000000074d200000, 0x000000074d200000| Untracked 
| 105|0x000000074d200000, 0x000000074d400000, 0x000000074d400000|100%| O|  |TAMS 0x000000074d400000, 0x000000074d400000| Untracked 
| 106|0x000000074d400000, 0x000000074d600000, 0x000000074d600000|100%| O|  |TAMS 0x000000074d600000, 0x000000074d600000| Untracked 
| 107|0x000000074d600000, 0x000000074d800000, 0x000000074d800000|100%| O|  |TAMS 0x000000074d800000, 0x000000074d800000| Untracked 
| 108|0x000000074d800000, 0x000000074da00000, 0x000000074da00000|100%| O|  |TAMS 0x000000074da00000, 0x000000074da00000| Untracked 
| 109|0x000000074da00000, 0x000000074dc00000, 0x000000074dc00000|100%| O|  |TAMS 0x000000074dc00000, 0x000000074dc00000| Untracked 
| 110|0x000000074dc00000, 0x000000074de00000, 0x000000074de00000|100%| O|  |TAMS 0x000000074de00000, 0x000000074de00000| Untracked 
| 111|0x000000074de00000, 0x000000074e000000, 0x000000074e000000|100%| O|  |TAMS 0x000000074e000000, 0x000000074e000000| Untracked 
| 112|0x000000074e000000, 0x000000074e200000, 0x000000074e200000|100%| O|  |TAMS 0x000000074e200000, 0x000000074e200000| Untracked 
| 113|0x000000074e200000, 0x000000074e400000, 0x000000074e400000|100%| O|  |TAMS 0x000000074e400000, 0x000000074e400000| Untracked 
| 114|0x000000074e400000, 0x000000074e600000, 0x000000074e600000|100%| O|  |TAMS 0x000000074e600000, 0x000000074e600000| Untracked 
| 115|0x000000074e600000, 0x000000074e800000, 0x000000074e800000|100%| O|  |TAMS 0x000000074e800000, 0x000000074e800000| Untracked 
| 116|0x000000074e800000, 0x000000074ea00000, 0x000000074ea00000|100%| O|  |TAMS 0x000000074ea00000, 0x000000074ea00000| Untracked 
| 117|0x000000074ea00000, 0x000000074ec00000, 0x000000074ec00000|100%| O|  |TAMS 0x000000074ec00000, 0x000000074ec00000| Untracked 
| 118|0x000000074ec00000, 0x000000074ee00000, 0x000000074ee00000|100%| O|  |TAMS 0x000000074ec00000, 0x000000074ee00000| Untracked 
| 119|0x000000074ee00000, 0x000000074f000000, 0x000000074f000000|100%| O|  |TAMS 0x000000074ee00000, 0x000000074f000000| Untracked 
| 120|0x000000074f000000, 0x000000074f200000, 0x000000074f200000|100%| O|  |TAMS 0x000000074f000000, 0x000000074f200000| Untracked 
| 121|0x000000074f200000, 0x000000074f400000, 0x000000074f400000|100%| O|  |TAMS 0x000000074f200000, 0x000000074f400000| Untracked 
| 122|0x000000074f400000, 0x000000074f600000, 0x000000074f600000|100%| O|  |TAMS 0x000000074f400000, 0x000000074f600000| Untracked 
| 123|0x000000074f600000, 0x000000074f800000, 0x000000074f800000|100%| O|  |TAMS 0x000000074f600000, 0x000000074f800000| Untracked 
| 124|0x000000074f800000, 0x000000074fa00000, 0x000000074fa00000|100%| O|  |TAMS 0x000000074f800000, 0x000000074fa00000| Untracked 
| 125|0x000000074fa00000, 0x000000074fa00000, 0x000000074fc00000|  0%| F|  |TAMS 0x000000074fa00000, 0x000000074fa00000| Untracked 
| 126|0x000000074fc00000, 0x000000074fc00000, 0x000000074fe00000|  0%| F|  |TAMS 0x000000074fc00000, 0x000000074fc00000| Untracked 
| 127|0x000000074fe00000, 0x000000074fe00000, 0x0000000750000000|  0%| F|  |TAMS 0x000000074fe00000, 0x000000074fe00000| Untracked 
| 128|0x0000000750000000, 0x0000000750000000, 0x0000000750200000|  0%| F|  |TAMS 0x0000000750000000, 0x0000000750000000| Untracked 
| 129|0x0000000750200000, 0x0000000750200000, 0x0000000750400000|  0%| F|  |TAMS 0x0000000750200000, 0x0000000750200000| Untracked 
| 130|0x0000000750400000, 0x0000000750400000, 0x0000000750600000|  0%| F|  |TAMS 0x0000000750400000, 0x0000000750400000| Untracked 
| 131|0x0000000750600000, 0x0000000750600000, 0x0000000750800000|  0%| F|  |TAMS 0x0000000750600000, 0x0000000750600000| Untracked 
| 132|0x0000000750800000, 0x0000000750800000, 0x0000000750a00000|  0%| F|  |TAMS 0x0000000750800000, 0x0000000750800000| Untracked 
| 133|0x0000000750a00000, 0x0000000750a00000, 0x0000000750c00000|  0%| F|  |TAMS 0x0000000750a00000, 0x0000000750a00000| Untracked 
| 134|0x0000000750c00000, 0x0000000750c00000, 0x0000000750e00000|  0%| F|  |TAMS 0x0000000750c00000, 0x0000000750c00000| Untracked 
| 135|0x0000000750e00000, 0x0000000750e00000, 0x0000000751000000|  0%| F|  |TAMS 0x0000000750e00000, 0x0000000750e00000| Untracked 
| 136|0x0000000751000000, 0x0000000751000000, 0x0000000751200000|  0%| F|  |TAMS 0x0000000751000000, 0x0000000751000000| Untracked 
| 137|0x0000000751200000, 0x0000000751200000, 0x0000000751400000|  0%| F|  |TAMS 0x0000000751200000, 0x0000000751200000| Untracked 
| 138|0x0000000751400000, 0x0000000751400000, 0x0000000751600000|  0%| F|  |TAMS 0x0000000751400000, 0x0000000751400000| Untracked 
| 139|0x0000000751600000, 0x0000000751600000, 0x0000000751800000|  0%| F|  |TAMS 0x0000000751600000, 0x0000000751600000| Untracked 
| 140|0x0000000751800000, 0x0000000751800000, 0x0000000751a00000|  0%| F|  |TAMS 0x0000000751800000, 0x0000000751800000| Untracked 
| 141|0x0000000751a00000, 0x0000000751a00000, 0x0000000751c00000|  0%| F|  |TAMS 0x0000000751a00000, 0x0000000751a00000| Untracked 
| 142|0x0000000751c00000, 0x0000000751c00000, 0x0000000751e00000|  0%| F|  |TAMS 0x0000000751c00000, 0x0000000751c00000| Untracked 
| 143|0x0000000751e00000, 0x0000000751e00000, 0x0000000752000000|  0%| F|  |TAMS 0x0000000751e00000, 0x0000000751e00000| Untracked 
| 144|0x0000000752000000, 0x0000000752000000, 0x0000000752200000|  0%| F|  |TAMS 0x0000000752000000, 0x0000000752000000| Untracked 
| 145|0x0000000752200000, 0x0000000752200000, 0x0000000752400000|  0%| F|  |TAMS 0x0000000752200000, 0x0000000752200000| Untracked 
| 146|0x0000000752400000, 0x0000000752400000, 0x0000000752600000|  0%| F|  |TAMS 0x0000000752400000, 0x0000000752400000| Untracked 
| 147|0x0000000752600000, 0x0000000752600000, 0x0000000752800000|  0%| F|  |TAMS 0x0000000752600000, 0x0000000752600000| Untracked 
| 148|0x0000000752800000, 0x0000000752800000, 0x0000000752a00000|  0%| F|  |TAMS 0x0000000752800000, 0x0000000752800000| Untracked 
| 149|0x0000000752a00000, 0x0000000752a00000, 0x0000000752c00000|  0%| F|  |TAMS 0x0000000752a00000, 0x0000000752a00000| Untracked 
| 150|0x0000000752c00000, 0x0000000752c00000, 0x0000000752e00000|  0%| F|  |TAMS 0x0000000752c00000, 0x0000000752c00000| Untracked 
| 151|0x0000000752e00000, 0x0000000752e00000, 0x0000000753000000|  0%| F|  |TAMS 0x0000000752e00000, 0x0000000752e00000| Untracked 
| 152|0x0000000753000000, 0x0000000753000000, 0x0000000753200000|  0%| F|  |TAMS 0x0000000753000000, 0x0000000753000000| Untracked 
| 153|0x0000000753200000, 0x0000000753200000, 0x0000000753400000|  0%| F|  |TAMS 0x0000000753200000, 0x0000000753200000| Untracked 
| 154|0x0000000753400000, 0x0000000753400000, 0x0000000753600000|  0%| F|  |TAMS 0x0000000753400000, 0x0000000753400000| Untracked 
| 155|0x0000000753600000, 0x0000000753600000, 0x0000000753800000|  0%| F|  |TAMS 0x0000000753600000, 0x0000000753600000| Untracked 
| 156|0x0000000753800000, 0x0000000753800000, 0x0000000753a00000|  0%| F|  |TAMS 0x0000000753800000, 0x0000000753800000| Untracked 
| 157|0x0000000753a00000, 0x0000000753a00000, 0x0000000753c00000|  0%| F|  |TAMS 0x0000000753a00000, 0x0000000753a00000| Untracked 
| 158|0x0000000753c00000, 0x0000000753c00000, 0x0000000753e00000|  0%| F|  |TAMS 0x0000000753c00000, 0x0000000753c00000| Untracked 
| 159|0x0000000753e00000, 0x0000000753e00000, 0x0000000754000000|  0%| F|  |TAMS 0x0000000753e00000, 0x0000000753e00000| Untracked 
| 160|0x0000000754000000, 0x0000000754000000, 0x0000000754200000|  0%| F|  |TAMS 0x0000000754000000, 0x0000000754000000| Untracked 
| 161|0x0000000754200000, 0x0000000754200000, 0x0000000754400000|  0%| F|  |TAMS 0x0000000754200000, 0x0000000754200000| Untracked 
| 162|0x0000000754400000, 0x0000000754400000, 0x0000000754600000|  0%| F|  |TAMS 0x0000000754400000, 0x0000000754400000| Untracked 
| 163|0x0000000754600000, 0x0000000754600000, 0x0000000754800000|  0%| F|  |TAMS 0x0000000754600000, 0x0000000754600000| Untracked 
| 164|0x0000000754800000, 0x0000000754800000, 0x0000000754a00000|  0%| F|  |TAMS 0x0000000754800000, 0x0000000754800000| Untracked 
| 165|0x0000000754a00000, 0x0000000754a00000, 0x0000000754c00000|  0%| F|  |TAMS 0x0000000754a00000, 0x0000000754a00000| Untracked 
| 166|0x0000000754c00000, 0x0000000754c00000, 0x0000000754e00000|  0%| F|  |TAMS 0x0000000754c00000, 0x0000000754c00000| Untracked 
| 167|0x0000000754e00000, 0x0000000755000000, 0x0000000755000000|100%| S|CS|TAMS 0x0000000754e00000, 0x0000000754e00000| Complete 
| 168|0x0000000755000000, 0x0000000755200000, 0x0000000755200000|100%| S|CS|TAMS 0x0000000755000000, 0x0000000755000000| Complete 
| 169|0x0000000755200000, 0x0000000755400000, 0x0000000755400000|100%| S|CS|TAMS 0x0000000755200000, 0x0000000755200000| Complete 
| 170|0x0000000755400000, 0x0000000755600000, 0x0000000755600000|100%| S|CS|TAMS 0x0000000755400000, 0x0000000755400000| Complete 
| 171|0x0000000755600000, 0x0000000755600000, 0x0000000755800000|  0%| F|  |TAMS 0x0000000755600000, 0x0000000755600000| Untracked 
| 172|0x0000000755800000, 0x0000000755800000, 0x0000000755a00000|  0%| F|  |TAMS 0x0000000755800000, 0x0000000755800000| Untracked 
| 173|0x0000000755a00000, 0x0000000755a00000, 0x0000000755c00000|  0%| F|  |TAMS 0x0000000755a00000, 0x0000000755a00000| Untracked 
| 174|0x0000000755c00000, 0x0000000755c00000, 0x0000000755e00000|  0%| F|  |TAMS 0x0000000755c00000, 0x0000000755c00000| Untracked 
| 175|0x0000000755e00000, 0x0000000755e00000, 0x0000000756000000|  0%| F|  |TAMS 0x0000000755e00000, 0x0000000755e00000| Untracked 
| 176|0x0000000756000000, 0x0000000756000000, 0x0000000756200000|  0%| F|  |TAMS 0x0000000756000000, 0x0000000756000000| Untracked 
| 177|0x0000000756200000, 0x0000000756200000, 0x0000000756400000|  0%| F|  |TAMS 0x0000000756200000, 0x0000000756200000| Untracked 
| 178|0x0000000756400000, 0x0000000756400000, 0x0000000756600000|  0%| F|  |TAMS 0x0000000756400000, 0x0000000756400000| Untracked 
| 179|0x0000000756600000, 0x0000000756600000, 0x0000000756800000|  0%| F|  |TAMS 0x0000000756600000, 0x0000000756600000| Untracked 
| 180|0x0000000756800000, 0x0000000756800000, 0x0000000756a00000|  0%| F|  |TAMS 0x0000000756800000, 0x0000000756800000| Untracked 
| 181|0x0000000756a00000, 0x0000000756a00000, 0x0000000756c00000|  0%| F|  |TAMS 0x0000000756a00000, 0x0000000756a00000| Untracked 
| 182|0x0000000756c00000, 0x0000000756c00000, 0x0000000756e00000|  0%| F|  |TAMS 0x0000000756c00000, 0x0000000756c00000| Untracked 
| 183|0x0000000756e00000, 0x0000000756e00000, 0x0000000757000000|  0%| F|  |TAMS 0x0000000756e00000, 0x0000000756e00000| Untracked 
|1517|0x00000007fda00000, 0x00000007fda00000, 0x00000007fdc00000|  0%| F|  |TAMS 0x00000007fda00000, 0x00000007fda00000| Untracked 
|1518|0x00000007fdc00000, 0x00000007fdc00000, 0x00000007fde00000|  0%| F|  |TAMS 0x00000007fdc00000, 0x00000007fdc00000| Untracked 
|1519|0x00000007fde00000, 0x00000007fde00000, 0x00000007fe000000|  0%| F|  |TAMS 0x00000007fde00000, 0x00000007fde00000| Untracked 
|1520|0x00000007fe000000, 0x00000007fe000000, 0x00000007fe200000|  0%| F|  |TAMS 0x00000007fe000000, 0x00000007fe000000| Untracked 
|1521|0x00000007fe200000, 0x00000007fe200000, 0x00000007fe400000|  0%| F|  |TAMS 0x00000007fe200000, 0x00000007fe200000| Untracked 
|1522|0x00000007fe400000, 0x00000007fe400000, 0x00000007fe600000|  0%| F|  |TAMS 0x00000007fe400000, 0x00000007fe400000| Untracked 
|1523|0x00000007fe600000, 0x00000007fe600000, 0x00000007fe800000|  0%| F|  |TAMS 0x00000007fe600000, 0x00000007fe600000| Untracked 
|1524|0x00000007fe800000, 0x00000007fe800000, 0x00000007fea00000|  0%| F|  |TAMS 0x00000007fe800000, 0x00000007fe800000| Untracked 
|1525|0x00000007fea00000, 0x00000007fea00000, 0x00000007fec00000|  0%| F|  |TAMS 0x00000007fea00000, 0x00000007fea00000| Untracked 
|1526|0x00000007fec00000, 0x00000007fec00000, 0x00000007fee00000|  0%| F|  |TAMS 0x00000007fec00000, 0x00000007fec00000| Untracked 
|1527|0x00000007fee00000, 0x00000007fee00000, 0x00000007ff000000|  0%| F|  |TAMS 0x00000007fee00000, 0x00000007fee00000| Untracked 
|1528|0x00000007ff000000, 0x00000007ff000000, 0x00000007ff200000|  0%| F|  |TAMS 0x00000007ff000000, 0x00000007ff000000| Untracked 
|1529|0x00000007ff200000, 0x00000007ff200000, 0x00000007ff400000|  0%| F|  |TAMS 0x00000007ff200000, 0x00000007ff200000| Untracked 
|1530|0x00000007ff400000, 0x00000007ff400000, 0x00000007ff600000|  0%| F|  |TAMS 0x00000007ff400000, 0x00000007ff400000| Untracked 
|1531|0x00000007ff600000, 0x00000007ff600000, 0x00000007ff800000|  0%| F|  |TAMS 0x00000007ff600000, 0x00000007ff600000| Untracked 
|1532|0x00000007ff800000, 0x00000007ff800000, 0x00000007ffa00000|  0%| F|  |TAMS 0x00000007ff800000, 0x00000007ff800000| Untracked 
|1533|0x00000007ffa00000, 0x00000007ffa00000, 0x00000007ffc00000|  0%| F|  |TAMS 0x00000007ffa00000, 0x00000007ffa00000| Untracked 
|1534|0x00000007ffc00000, 0x00000007ffc00000, 0x00000007ffe00000|  0%| F|  |TAMS 0x00000007ffc00000, 0x00000007ffc00000| Untracked 
|1535|0x00000007ffe00000, 0x00000007ffe00000, 0x0000000800000000|  0%| F|  |TAMS 0x00000007ffe00000, 0x00000007ffe00000| Untracked 

Card table byte_map: [0x000001987c0f0000,0x000001987c6f0000] _byte_map_base: 0x00000198786f0000

Marking Bits (Prev, Next): (CMBitMap*) 0x000001987b943be0, (CMBitMap*) 0x000001987b943c20
 Prev Bits: [0x000001987ccf0000, 0x000001987fcf0000)
 Next Bits: [0x00000198169f0000, 0x00000198199f0000)

Polling page: 0x0000019879900000

Metaspace:

Usage:
  Non-class:     47.52 MB used.
      Class:      7.40 MB used.
       Both:     54.92 MB used.

Virtual space:
  Non-class space:       56.00 MB reserved,      47.81 MB ( 85%) committed,  7 nodes.
      Class space:        1.00 GB reserved,       7.62 MB ( <1%) committed,  1 nodes.
             Both:        1.05 GB reserved,      55.44 MB (  5%) committed. 

Chunk freelists:
   Non-Class:  3.70 MB
       Class:  354.00 KB
        Both:  4.05 MB

MaxMetaspaceSize: unlimited
CompressedClassSpaceSize: 1.00 GB
Initial GC threshold: 21.00 MB
Current GC threshold: 92.19 MB
CDS: on
MetaspaceReclaimPolicy: balanced
 - commit_granule_bytes: 65536.
 - commit_granule_words: 8192.
 - virtual_space_node_default_size: 1048576.
 - enlarge_chunks_in_place: 1.
 - new_chunks_are_fully_committed: 0.
 - uncommit_free_chunks: 1.
 - use_allocation_guard: 0.
 - handle_deallocations: 1.


Internal statistics:

num_allocs_failed_limit: 6.
num_arena_births: 566.
num_arena_deaths: 0.
num_vsnodes_births: 8.
num_vsnodes_deaths: 0.
num_space_committed: 887.
num_space_uncommitted: 0.
num_chunks_returned_to_freelist: 6.
num_chunks_taken_from_freelist: 2555.
num_chunk_merges: 6.
num_chunk_splits: 1659.
num_chunks_enlarged: 1059.
num_purges: 0.
num_inconsistent_stats: 0.

CodeHeap 'non-profiled nmethods': size=120000Kb used=3976Kb max_used=3976Kb free=116023Kb
 bounds [0x000001980f4c0000, 0x000001980f8b0000, 0x00000198169f0000]
CodeHeap 'profiled nmethods': size=120000Kb used=13295Kb max_used=13295Kb free=106705Kb
 bounds [0x0000019807f90000, 0x0000019808c90000, 0x000001980f4c0000]
CodeHeap 'non-nmethods': size=5760Kb used=2370Kb max_used=2411Kb free=3389Kb
 bounds [0x00000198079f0000, 0x0000019807c60000, 0x0000019807f90000]
 total_blobs=7533 nmethods=6642 adapters=803
 compilation: enabled
              stopped_count=0, restarted_count=0
 full_count=0

Compilation events (20 events):
Event: 16.669 Thread 0x000001981bfdd0d0 7391   !   3       jdk.internal.misc.ScopedMemoryAccess::copyMemoryInternal (60 bytes)
Event: 16.669 Thread 0x000001981bfdd0d0 nmethod 7391 0x0000019808c89e90 code [0x0000019808c8a080, 0x0000019808c8a5c8]
Event: 16.672 Thread 0x000001981bfdd0d0 7392       3       org.gradle.internal.typeconversion.NotationConverterToNotationParserAdapter::parseNotation (41 bytes)
Event: 16.672 Thread 0x000001981bfdd0d0 nmethod 7392 0x0000019808c8a910 code [0x0000019808c8aae0, 0x0000019808c8af98]
Event: 16.672 Thread 0x000001981bfdd0d0 7393       3       org.gradle.internal.typeconversion.NotationConverterToNotationParserAdapter$ResultImpl::<init> (5 bytes)
Event: 16.672 Thread 0x000001981bfdd0d0 nmethod 7393 0x0000019808c8b190 code [0x0000019808c8b340, 0x0000019808c8b4f8]
Event: 16.672 Thread 0x000001981bfdd0d0 7394       3       org.gradle.internal.typeconversion.NotationConverterToNotationParserAdapter$ResultImpl::<init> (5 bytes)
Event: 16.672 Thread 0x000001981bfdd0d0 nmethod 7394 0x0000019808c8b610 code [0x0000019808c8b7a0, 0x0000019808c8b8f8]
Event: 16.672 Thread 0x000001981bfdd0d0 7395       3       sun.nio.ch.FileChannelImpl::beginBlocking (12 bytes)
Event: 16.672 Thread 0x000001981bfdd0d0 nmethod 7395 0x0000019808c8b990 code [0x0000019808c8bb40, 0x0000019808c8bca8]
Event: 16.673 Thread 0x000001981bfdd0d0 7396       3       sun.nio.ch.FileChannelImpl::endBlocking (13 bytes)
Event: 16.673 Thread 0x000001981bfdd0d0 nmethod 7396 0x0000019808c8bd90 code [0x0000019808c8bf40, 0x0000019808c8c0a8]
Event: 16.678 Thread 0x000001981bfd62d0 7397       4       java.lang.String::getBytes (44 bytes)
Event: 16.679 Thread 0x000001981bfd62d0 nmethod 7397 0x000001980f8a1490 code [0x000001980f8a1620, 0x000001980f8a1838]
Event: 16.702 Thread 0x000001981bfd62d0 7398       4       java.util.ArrayList$ArrayListSpliterator::forEachRemaining (127 bytes)
Event: 16.705 Thread 0x000001981bfd62d0 nmethod 7398 0x000001980f8a1990 code [0x000001980f8a1b20, 0x000001980f8a1db8]
Event: 16.706 Thread 0x000001981bfdd0d0 7399       3       java.nio.Buffer::checkScope (16 bytes)
Event: 16.707 Thread 0x000001981bfdd0d0 nmethod 7399 0x0000019808c8c190 code [0x0000019808c8c360, 0x0000019808c8c6d8]
Event: 16.729 Thread 0x000001981bfdd0d0 7400       1       java.util.Formatter$FormatSpecifier::index (5 bytes)
Event: 16.729 Thread 0x000001981bfdd0d0 nmethod 7400 0x000001980f8a2010 code [0x000001980f8a21a0, 0x000001980f8a2278]

GC Heap History (20 events):
Event: 15.791 GC heap after
{Heap after GC invocations=17 (full 0):
 garbage-first heap   total 163840K, used 48043K [0x0000000740000000, 0x0000000800000000)
  region size 2048K, 1 young (2048K), 1 survivors (2048K)
 Metaspace       used 55331K, committed 55808K, reserved 1097728K
  class space    used 7472K, committed 7680K, reserved 1048576K
}
Event: 15.883 GC heap before
{Heap before GC invocations=17 (full 0):
 garbage-first heap   total 163840K, used 80811K [0x0000000740000000, 0x0000000800000000)
  region size 2048K, 5 young (10240K), 1 survivors (2048K)
 Metaspace       used 55828K, committed 56320K, reserved 1097728K
  class space    used 7549K, committed 7808K, reserved 1048576K
}
Event: 15.885 GC heap after
{Heap after GC invocations=18 (full 0):
 garbage-first heap   total 163840K, used 48543K [0x0000000740000000, 0x0000000800000000)
  region size 2048K, 2 young (4096K), 2 survivors (4096K)
 Metaspace       used 55828K, committed 56320K, reserved 1097728K
  class space    used 7549K, committed 7808K, reserved 1048576K
}
Event: 16.031 GC heap before
{Heap before GC invocations=18 (full 0):
 garbage-first heap   total 163840K, used 146847K [0x0000000740000000, 0x0000000800000000)
  region size 2048K, 39 young (79872K), 2 survivors (4096K)
 Metaspace       used 55949K, committed 56512K, reserved 1105920K
  class space    used 7560K, committed 7808K, reserved 1048576K
}
Event: 16.066 GC heap after
{Heap after GC invocations=19 (full 0):
 garbage-first heap   total 204800K, used 104118K [0x0000000740000000, 0x0000000800000000)
  region size 2048K, 6 young (12288K), 6 survivors (12288K)
 Metaspace       used 55949K, committed 56512K, reserved 1105920K
  class space    used 7560K, committed 7808K, reserved 1048576K
}
Event: 16.112 GC heap before
{Heap before GC invocations=19 (full 0):
 garbage-first heap   total 204800K, used 147126K [0x0000000740000000, 0x0000000800000000)
  region size 2048K, 27 young (55296K), 6 survivors (12288K)
 Metaspace       used 55949K, committed 56512K, reserved 1105920K
  class space    used 7560K, committed 7808K, reserved 1048576K
}
Event: 16.129 GC heap after
{Heap after GC invocations=20 (full 0):
 garbage-first heap   total 204800K, used 133031K [0x0000000740000000, 0x0000000800000000)
  region size 2048K, 4 young (8192K), 4 survivors (8192K)
 Metaspace       used 55949K, committed 56512K, reserved 1105920K
  class space    used 7560K, committed 7808K, reserved 1048576K
}
Event: 16.168 GC heap before
{Heap before GC invocations=20 (full 0):
 garbage-first heap   total 204800K, used 155559K [0x0000000740000000, 0x0000000800000000)
  region size 2048K, 15 young (30720K), 4 survivors (8192K)
 Metaspace       used 56059K, committed 56576K, reserved 1105920K
  class space    used 7574K, committed 7808K, reserved 1048576K
}
Event: 16.180 GC heap after
{Heap after GC invocations=21 (full 0):
 garbage-first heap   total 415744K, used 150467K [0x0000000740000000, 0x0000000800000000)
  region size 2048K, 2 young (4096K), 2 survivors (4096K)
 Metaspace       used 56059K, committed 56576K, reserved 1105920K
  class space    used 7574K, committed 7808K, reserved 1048576K
}
Event: 16.433 GC heap before
{Heap before GC invocations=22 (full 0):
 garbage-first heap   total 415744K, used 318403K [0x0000000740000000, 0x0000000800000000)
  region size 2048K, 49 young (100352K), 2 survivors (4096K)
 Metaspace       used 56121K, committed 56704K, reserved 1105920K
  class space    used 7575K, committed 7808K, reserved 1048576K
}
Event: 16.469 GC heap after
{Heap after GC invocations=23 (full 0):
 garbage-first heap   total 415744K, used 215757K [0x0000000740000000, 0x0000000800000000)
  region size 2048K, 7 young (14336K), 7 survivors (14336K)
 Metaspace       used 56121K, committed 56704K, reserved 1105920K
  class space    used 7575K, committed 7808K, reserved 1048576K
}
Event: 16.501 GC heap before
{Heap before GC invocations=23 (full 0):
 garbage-first heap   total 415744K, used 221901K [0x0000000740000000, 0x0000000800000000)
  region size 2048K, 10 young (20480K), 7 survivors (14336K)
 Metaspace       used 56121K, committed 56704K, reserved 1105920K
  class space    used 7575K, committed 7808K, reserved 1048576K
}
Event: 16.516 GC heap after
{Heap after GC invocations=24 (full 0):
 garbage-first heap   total 415744K, used 221183K [0x0000000740000000, 0x0000000800000000)
  region size 2048K, 2 young (4096K), 2 survivors (4096K)
 Metaspace       used 56121K, committed 56704K, reserved 1105920K
  class space    used 7575K, committed 7808K, reserved 1048576K
}
Event: 16.554 GC heap before
{Heap before GC invocations=24 (full 0):
 garbage-first heap   total 415744K, used 280575K [0x0000000740000000, 0x0000000800000000)
  region size 2048K, 31 young (63488K), 2 survivors (4096K)
 Metaspace       used 56121K, committed 56704K, reserved 1105920K
  class space    used 7575K, committed 7808K, reserved 1048576K
}
Event: 16.571 GC heap after
{Heap after GC invocations=25 (full 0):
 garbage-first heap   total 415744K, used 263493K [0x0000000740000000, 0x0000000800000000)
  region size 2048K, 4 young (8192K), 4 survivors (8192K)
 Metaspace       used 56121K, committed 56704K, reserved 1105920K
  class space    used 7575K, committed 7808K, reserved 1048576K
}
Event: 16.679 GC heap before
{Heap before GC invocations=26 (full 0):
 garbage-first heap   total 415744K, used 273733K [0x0000000740000000, 0x0000000800000000)
  region size 2048K, 24 young (49152K), 4 survivors (8192K)
 Metaspace       used 56223K, committed 56768K, reserved 1105920K
  class space    used 7575K, committed 7808K, reserved 1048576K
}
Event: 16.696 GC heap after
{Heap after GC invocations=27 (full 0):
 garbage-first heap   total 415744K, used 214015K [0x0000000740000000, 0x0000000800000000)
  region size 2048K, 3 young (6144K), 3 survivors (6144K)
 Metaspace       used 56223K, committed 56768K, reserved 1105920K
  class space    used 7575K, committed 7808K, reserved 1048576K
}
Event: 16.714 GC heap before
{Heap before GC invocations=27 (full 0):
 garbage-first heap   total 415744K, used 238591K [0x0000000740000000, 0x0000000800000000)
  region size 2048K, 10 young (20480K), 3 survivors (6144K)
 Metaspace       used 56224K, committed 56768K, reserved 1105920K
  class space    used 7575K, committed 7808K, reserved 1048576K
}
Event: 16.723 GC heap after
{Heap after GC invocations=28 (full 0):
 garbage-first heap   total 415744K, used 209894K [0x0000000740000000, 0x0000000800000000)
  region size 2048K, 2 young (4096K), 2 survivors (4096K)
 Metaspace       used 56224K, committed 56768K, reserved 1105920K
  class space    used 7575K, committed 7808K, reserved 1048576K
}
Event: 16.747 GC heap before
{Heap before GC invocations=28 (full 0):
 garbage-first heap   total 415744K, used 271334K [0x0000000740000000, 0x0000000800000000)
  region size 2048K, 32 young (65536K), 2 survivors (4096K)
 Metaspace       used 56239K, committed 56768K, reserved 1105920K
  class space    used 7576K, committed 7808K, reserved 1048576K
}

Deoptimization events (20 events):
Event: 16.593 Thread 0x000001981eae1510 DEOPT PACKING pc=0x0000019808c37d13 sp=0x000000766c5f6f80
Event: 16.593 Thread 0x000001981eae1510 DEOPT UNPACKING pc=0x0000019807a42b43 sp=0x000000766c5f6418 mode 0
Event: 16.593 Thread 0x000001981eae1510 DEOPT PACKING pc=0x0000019808c37cf2 sp=0x000000766c5f6e50
Event: 16.593 Thread 0x000001981eae1510 DEOPT UNPACKING pc=0x0000019807a42b43 sp=0x000000766c5f62f0 mode 0
Event: 16.639 Thread 0x000001981eae1510 Uncommon trap: trap_request=0xffffffc6 fr.pc=0x000001980f649df4 relative=0x0000000000000414
Event: 16.639 Thread 0x000001981eae1510 Uncommon trap: reason=bimorphic_or_optimized_type_check action=maybe_recompile pc=0x000001980f649df4 method=java.util.Spliterators$IteratorSpliterator.tryAdvance(Ljava/util/function/Consumer;)Z @ 50 c2
Event: 16.641 Thread 0x000001981eae1510 DEOPT PACKING pc=0x000001980f649df4 sp=0x000000766c5f7b20
Event: 16.642 Thread 0x00000198210b6070 Uncommon trap: trap_request=0xffffffc6 fr.pc=0x000001980f825650 relative=0x0000000000000470
Event: 16.642 Thread 0x00000198210b6070 Uncommon trap: reason=bimorphic_or_optimized_type_check action=maybe_recompile pc=0x000001980f825650 method=java.lang.reflect.Field.set(Ljava/lang/Object;Ljava/lang/Object;)V @ 24 c2
Event: 16.642 Thread 0x000001981eae1510 DEOPT UNPACKING pc=0x0000019807a423a3 sp=0x000000766c5f7ac0 mode 2
Event: 16.642 Thread 0x00000198210b6070 DEOPT PACKING pc=0x000001980f825650 sp=0x0000007671afcc80
Event: 16.642 Thread 0x00000198210b6070 DEOPT UNPACKING pc=0x0000019807a423a3 sp=0x0000007671afcbb8 mode 2
Event: 16.642 Thread 0x000001981eae1510 Uncommon trap: trap_request=0xffffffde fr.pc=0x000001980f740c0c relative=0x000000000000026c
Event: 16.642 Thread 0x000001981eae1510 Uncommon trap: reason=class_check action=maybe_recompile pc=0x000001980f740c0c method=java.util.stream.StreamOpFlag.fromCharacteristics(Ljava/util/Spliterator;)I @ 14 c2
Event: 16.642 Thread 0x000001981eae1510 DEOPT PACKING pc=0x000001980f740c0c sp=0x000000766c5f7920
Event: 16.642 Thread 0x000001981eae1510 DEOPT UNPACKING pc=0x0000019807a423a3 sp=0x000000766c5f7808 mode 2
Event: 16.729 Thread 0x0000019821b00990 Uncommon trap: trap_request=0xffffff45 fr.pc=0x000001980f68f15c relative=0x000000000000005c
Event: 16.729 Thread 0x0000019821b00990 Uncommon trap: reason=unstable_if action=reinterpret pc=0x000001980f68f15c method=jdk.internal.util.Preconditions.checkFromIndexSize(IIILjava/util/function/BiFunction;)I @ 5 c2
Event: 16.729 Thread 0x0000019821b00990 DEOPT PACKING pc=0x000001980f68f15c sp=0x000000766d5fefa0
Event: 16.729 Thread 0x0000019821b00990 DEOPT UNPACKING pc=0x0000019807a423a3 sp=0x000000766d5fef50 mode 2

Classes unloaded (0 events):
No events

Classes redefined (0 events):
No events

Internal exceptions (20 events):
Event: 13.438 Thread 0x000001981eae1510 Exception <a 'java/lang/ClassNotFoundException'{0x0000000745f8d390}: org/codehaus/groovy/runtime/GStringImplBeanInfo> (0x0000000745f8d390) 
thrown [e:\jenkins\tmp\workspace\build\src\src\hotspot\share\classfile\systemDictionary.cpp, line 256]
Event: 13.441 Thread 0x000001981eae1510 Exception <a 'java/lang/ClassNotFoundException'{0x0000000745a2f220}: org/codehaus/groovy/runtime/GStringImplCustomizer> (0x0000000745a2f220) 
thrown [e:\jenkins\tmp\workspace\build\src\src\hotspot\share\classfile\systemDictionary.cpp, line 256]
Event: 13.531 Thread 0x0000019821b03010 Exception <a 'java/lang/NoSuchMethodError'{0x00000007455097b8}: 'void java.lang.invoke.DirectMethodHandle$Holder.invokeStatic(java.lang.Object, long)'> (0x00000007455097b8) 
thrown [e:\jenkins\tmp\workspace\build\src\src\hotspot\share\interpreter\linkResolver.cpp, line 766]
Event: 13.532 Thread 0x0000019821b03010 Exception <a 'java/lang/NoSuchMethodError'{0x000000074550ee08}: 'java.lang.Object java.lang.invoke.DirectMethodHandle$Holder.newInvokeSpecial(java.lang.Object, long)'> (0x000000074550ee08) 
thrown [e:\jenkins\tmp\workspace\build\src\src\hotspot\share\interpreter\linkResolver.cpp, line 766]
Event: 13.533 Thread 0x0000019821b03010 Exception <a 'java/lang/NoSuchMethodError'{0x0000000745515940}: 'java.lang.Object java.lang.invoke.DirectMethodHandle$Holder.invokeStatic(java.lang.Object, java.lang.Object, long, java.lang.Object)'> (0x0000000745515940) 
thrown [e:\jenkins\tmp\workspace\build\src\src\hotspot\share\interpreter\linkResolver.cpp, line 766]
Event: 13.533 Thread 0x0000019821b03010 Exception <a 'java/lang/NoSuchMethodError'{0x00000007455193d8}: 'java.lang.Object java.lang.invoke.DirectMethodHandle$Holder.invokeStaticInit(java.lang.Object, java.lang.Object, long, java.lang.Object)'> (0x00000007455193d8) 
thrown [e:\jenkins\tmp\workspace\build\src\src\hotspot\share\interpreter\linkResolver.cpp, line 766]
Event: 13.534 Thread 0x0000019821b03010 Exception <a 'java/lang/NoSuchMethodError'{0x000000074551fc30}: 'java.lang.Object java.lang.invoke.DirectMethodHandle$Holder.newInvokeSpecial(java.lang.Object, java.lang.Object, long)'> (0x000000074551fc30) 
thrown [e:\jenkins\tmp\workspace\build\src\src\hotspot\share\interpreter\linkResolver.cpp, line 766]
Event: 13.534 Thread 0x0000019821b03010 Exception <a 'java/lang/NoSuchMethodError'{0x00000007455237a0}: 'java.lang.Object java.lang.invoke.Invokers$Holder.linkToTargetMethod(java.lang.Object, long, java.lang.Object)'> (0x00000007455237a0) 
thrown [e:\jenkins\tmp\workspace\build\src\src\hotspot\share\interpreter\linkResolver.cpp, line 766]
Event: 14.441 Thread 0x000001981eae1510 Exception <a 'java/lang/NoSuchMethodError'{0x000000074511e148}: 'void java.lang.invoke.DirectMethodHandle$Holder.invokeInterface(java.lang.Object, java.lang.Object)'> (0x000000074511e148) 
thrown [e:\jenkins\tmp\workspace\build\src\src\hotspot\share\interpreter\linkResolver.cpp, line 766]
Event: 14.593 Thread 0x000001981eae1510 Implicit null exception at 0x000001980f64c97c to 0x000001980f64d044
Event: 15.832 Thread 0x000001981eae1510 Exception <a 'java/lang/ClassNotFoundException'{0x000000074ffd43a8}: net/minecraftforge/gradle/userdev/tasks/RenameJarInPlace_DecoratedBeanInfo> (0x000000074ffd43a8) 
thrown [e:\jenkins\tmp\workspace\build\src\src\hotspot\share\classfile\systemDictionary.cpp, line 256]
Event: 15.832 Thread 0x000001981eae1510 Exception <a 'java/lang/ClassNotFoundException'{0x000000074ffdf158}: net/minecraftforge/gradle/userdev/tasks/RenameJarInPlaceBeanInfo> (0x000000074ffdf158) 
thrown [e:\jenkins\tmp\workspace\build\src\src\hotspot\share\classfile\systemDictionary.cpp, line 256]
Event: 15.832 Thread 0x000001981eae1510 Exception <a 'java/lang/ClassNotFoundException'{0x000000074ffe9e30}: net/minecraftforge/gradle/common/tasks/JarExecBeanInfo> (0x000000074ffe9e30) 
thrown [e:\jenkins\tmp\workspace\build\src\src\hotspot\share\classfile\systemDictionary.cpp, line 256]
Event: 15.832 Thread 0x000001981eae1510 Exception <a 'java/lang/ClassNotFoundException'{0x000000074fff4af8}: net/minecraftforge/gradle/common/tasks/JarExecCustomizer> (0x000000074fff4af8) 
thrown [e:\jenkins\tmp\workspace\build\src\src\hotspot\share\classfile\systemDictionary.cpp, line 256]
Event: 15.833 Thread 0x000001981eae1510 Exception <a 'java/lang/ClassNotFoundException'{0x000000074b020a80}: net/minecraftforge/gradle/userdev/tasks/RenameJarInPlaceCustomizer> (0x000000074b020a80) 
thrown [e:\jenkins\tmp\workspace\build\src\src\hotspot\share\classfile\systemDictionary.cpp, line 256]
Event: 15.834 Thread 0x000001981eae1510 Exception <a 'java/lang/ClassNotFoundException'{0x000000074b041b10}: net/minecraftforge/gradle/userdev/tasks/RenameJarInPlace_DecoratedCustomizer> (0x000000074b041b10) 
thrown [e:\jenkins\tmp\workspace\build\src\src\hotspot\share\classfile\systemDictionary.cpp, line 256]
Event: 15.841 Thread 0x000001981eae1510 Exception <a 'java/lang/NoSuchMethodError'{0x000000074b16e1b8}: 'void java.lang.invoke.DirectMethodHandle$Holder.invokeVirtual(java.lang.Object, java.lang.Object)'> (0x000000074b16e1b8) 
thrown [e:\jenkins\tmp\workspace\build\src\src\hotspot\share\interpreter\linkResolver.cpp, line 766]
Event: 15.842 Thread 0x000001981eae1510 Exception <a 'java/lang/NoSuchMethodError'{0x000000074b180fb0}: 'void java.lang.invoke.DirectMethodHandle$Holder.invokeStatic(java.lang.Object, java.lang.Object, java.lang.Object, java.lang.Object, java.lang.Object, java.lang.Object, java.lang.Object)'> (0x000000074b180fb0) 
thrown [e:\jenkins\tmp\workspace\build\src\src\hotspot\share\interpreter\linkResolver.cpp, line 766]
Event: 16.137 Thread 0x000001981eae1510 Exception <a 'java/lang/NoSuchMethodError'{0x000000074aea0be8}: 'java.lang.Object java.lang.invoke.DirectMethodHandle$Holder.newInvokeSpecial(java.lang.Object, java.lang.Object, int, int)'> (0x000000074aea0be8) 
thrown [e:\jenkins\tmp\workspace\build\src\src\hotspot\share\interpreter\linkResolver.cpp, line 766]
Event: 16.138 Thread 0x000001981eae1510 Exception <a 'java/lang/NoSuchMethodError'{0x000000074aec0578}: 'void java.lang.invoke.DirectMethodHandle$Holder.invokeStatic(java.lang.Object, java.lang.Object, int, int, java.lang.Object)'> (0x000000074aec0578) 
thrown [e:\jenkins\tmp\workspace\build\src\src\hotspot\share\interpreter\linkResolver.cpp, line 766]

VM Operations (20 events):
Event: 16.253 Executing VM operation: G1Concurrent done
Event: 16.290 Executing VM operation: G1Concurrent
Event: 16.290 Executing VM operation: G1Concurrent done
Event: 16.372 Executing VM operation: ICBufferFull
Event: 16.372 Executing VM operation: ICBufferFull done
Event: 16.432 Executing VM operation: G1CollectForAllocation
Event: 16.469 Executing VM operation: G1CollectForAllocation done
Event: 16.501 Executing VM operation: G1CollectForAllocation
Event: 16.516 Executing VM operation: G1CollectForAllocation done
Event: 16.554 Executing VM operation: G1CollectForAllocation
Event: 16.571 Executing VM operation: G1CollectForAllocation done
Event: 16.628 Executing VM operation: G1Concurrent
Event: 16.630 Executing VM operation: G1Concurrent done
Event: 16.669 Executing VM operation: G1Concurrent
Event: 16.669 Executing VM operation: G1Concurrent done
Event: 16.679 Executing VM operation: G1CollectForAllocation
Event: 16.697 Executing VM operation: G1CollectForAllocation done
Event: 16.714 Executing VM operation: G1CollectForAllocation
Event: 16.723 Executing VM operation: G1CollectForAllocation done
Event: 16.747 Executing VM operation: G1CollectForAllocation

Events (20 events):
Event: 15.867 loading class java/lang/StackTraceElement$HashedModules
Event: 15.868 loading class java/lang/StackTraceElement$HashedModules done
Event: 15.876 loading class java/util/TreeMap$KeySpliterator
Event: 15.876 loading class java/util/TreeMap$TreeMapSpliterator
Event: 15.876 loading class java/util/TreeMap$TreeMapSpliterator done
Event: 15.876 loading class java/util/TreeMap$KeySpliterator done
Event: 15.906 Thread 0x000001981bfe0180 flushing nmethod 0x000001980f77c510
Event: 15.906 Thread 0x000001981bfe0180 flushing nmethod 0x000001980f77cf90
Event: 15.908 Thread 0x000001981bfe0180 flushing nmethod 0x0000019808381d90
Event: 15.911 Thread 0x000001981bfe0180 flushing nmethod 0x0000019808983e10
Event: 15.916 loading class java/io/BufferedReader$1
Event: 15.917 loading class java/io/BufferedReader$1 done
Event: 16.389 loading class jdk/internal/access/foreign/MemorySegmentProxy
Event: 16.389 loading class jdk/internal/access/foreign/MemorySegmentProxy done
Event: 16.725 loading class sun/security/ssl/Alert
Event: 16.728 loading class sun/security/ssl/Alert done
Event: 16.728 loading class sun/security/ssl/Alert$AlertConsumer
Event: 16.728 loading class sun/security/ssl/Alert$AlertConsumer done
Event: 16.728 loading class sun/security/ssl/Alert$Level
Event: 16.728 loading class sun/security/ssl/Alert$Level done


Dynamic libraries:
0x00007ff7a78e0000 - 0x00007ff7a78ee000 	C:\Users\Jexel\.gradle\jdks\jdk-17.0.1+12\bin\java.exe
0x00007ffe36010000 - 0x00007ffe36205000 	C:\Windows\SYSTEM32\ntdll.dll
0x00007ffe34580000 - 0x00007ffe3463d000 	C:\Windows\System32\KERNEL32.DLL
0x00007ffe33bf0000 - 0x00007ffe33eb7000 	C:\Windows\System32\KERNELBASE.dll
0x00007ffe33af0000 - 0x00007ffe33bf0000 	C:\Windows\System32\ucrtbase.dll
0x00007ffe1d080000 - 0x00007ffe1d099000 	C:\Users\Jexel\.gradle\jdks\jdk-17.0.1+12\bin\VCRUNTIME140.dll
0x00007ffe1c5d0000 - 0x00007ffe1c5e8000 	C:\Users\Jexel\.gradle\jdks\jdk-17.0.1+12\bin\jli.dll
0x00007ffe34c60000 - 0x00007ffe34e00000 	C:\Windows\System32\USER32.dll
0x00007ffe33f40000 - 0x00007ffe33f62000 	C:\Windows\System32\win32u.dll
0x00007ffe21ed0000 - 0x00007ffe2216a000 	C:\Windows\WinSxS\amd64_microsoft.windows.common-controls_6595b64144ccf1df_6.0.19041.1_none_b555e41d4684ddec\COMCTL32.dll
0x00007ffe344a0000 - 0x00007ffe344ca000 	C:\Windows\System32\GDI32.dll
0x00007ffe33f70000 - 0x00007ffe3407a000 	C:\Windows\System32\gdi32full.dll
0x00007ffe35f30000 - 0x00007ffe35fce000 	C:\Windows\System32\msvcrt.dll
0x00007ffe33760000 - 0x00007ffe337fd000 	C:\Windows\System32\msvcp_win.dll
0x00007ffe35c10000 - 0x00007ffe35c40000 	C:\Windows\System32\IMM32.DLL
0x00007ffe288a0000 - 0x00007ffe288ac000 	C:\Users\Jexel\.gradle\jdks\jdk-17.0.1+12\bin\vcruntime140_1.dll
0x00007ffdfc400000 - 0x00007ffdfc491000 	C:\Users\Jexel\.gradle\jdks\jdk-17.0.1+12\bin\msvcp140.dll
0x00007ffde6770000 - 0x00007ffde73b6000 	C:\Users\Jexel\.gradle\jdks\jdk-17.0.1+12\bin\server\jvm.dll
0x00007ffe35e80000 - 0x00007ffe35f2a000 	C:\Windows\System32\ADVAPI32.dll
0x00007ffe344e0000 - 0x00007ffe3457b000 	C:\Windows\System32\sechost.dll
0x00007ffe34080000 - 0x00007ffe341a3000 	C:\Windows\System32\RPCRT4.dll
0x00007ffe344d0000 - 0x00007ffe344d8000 	C:\Windows\System32\PSAPI.DLL
0x00007ffe2f390000 - 0x00007ffe2f399000 	C:\Windows\SYSTEM32\WSOCK32.dll
0x00007ffe263e0000 - 0x00007ffe26407000 	C:\Windows\SYSTEM32\WINMM.dll
0x00007ffe34ed0000 - 0x00007ffe34f3b000 	C:\Windows\System32\WS2_32.dll
0x00007ffe2dc20000 - 0x00007ffe2dc2a000 	C:\Windows\SYSTEM32\VERSION.dll
0x00007ffe316f0000 - 0x00007ffe31703000 	C:\Windows\SYSTEM32\kernel.appcore.dll
0x00007ffe27de0000 - 0x00007ffe27dea000 	C:\Users\Jexel\.gradle\jdks\jdk-17.0.1+12\bin\jimage.dll
0x00007ffe24db0000 - 0x00007ffe24f94000 	C:\Windows\SYSTEM32\DBGHELP.DLL
0x00007ffe1c3b0000 - 0x00007ffe1c3dc000 	C:\Windows\SYSTEM32\dbgcore.DLL
0x00007ffe33ec0000 - 0x00007ffe33f3f000 	C:\Windows\System32\bcryptPrimitives.dll
0x00007ffe0fc70000 - 0x00007ffe0fc95000 	C:\Users\Jexel\.gradle\jdks\jdk-17.0.1+12\bin\java.dll
0x00007ffdfc100000 - 0x00007ffdfc1d6000 	C:\Users\Jexel\.gradle\jdks\jdk-17.0.1+12\bin\svml.dll
0x00007ffe34f50000 - 0x00007ffe35690000 	C:\Windows\System32\SHELL32.dll
0x00007ffe31900000 - 0x00007ffe32091000 	C:\Windows\SYSTEM32\windows.storage.dll
0x00007ffe356f0000 - 0x00007ffe35a43000 	C:\Windows\System32\combase.dll
0x00007ffe331e0000 - 0x00007ffe3320c000 	C:\Windows\SYSTEM32\Wldp.dll
0x00007ffe35b60000 - 0x00007ffe35c0e000 	C:\Windows\System32\SHCORE.dll
0x00007ffe35690000 - 0x00007ffe356e5000 	C:\Windows\System32\shlwapi.dll
0x00007ffe336a0000 - 0x00007ffe336bf000 	C:\Windows\SYSTEM32\profapi.dll
0x00007ffe0f570000 - 0x00007ffe0f589000 	C:\Users\Jexel\.gradle\jdks\jdk-17.0.1+12\bin\net.dll
0x00007ffe2c6f0000 - 0x00007ffe2c7f0000 	C:\Windows\SYSTEM32\WINHTTP.dll
0x00007ffe32f60000 - 0x00007ffe32fca000 	C:\Windows\system32\mswsock.dll
0x00007ffe0f550000 - 0x00007ffe0f565000 	C:\Users\Jexel\.gradle\jdks\jdk-17.0.1+12\bin\nio.dll
0x00007ffe0dc30000 - 0x00007ffe0dc48000 	C:\Users\Jexel\.gradle\jdks\jdk-17.0.1+12\bin\zip.dll
0x00007ffe24ff0000 - 0x00007ffe25000000 	C:\Users\Jexel\.gradle\jdks\jdk-17.0.1+12\bin\verify.dll
0x00007ffe10520000 - 0x00007ffe10547000 	C:\Users\Jexel\.gradle\native\e1d6ef7f7dcc3fd88c89a11ec53ec762bb8ba0a96d01ffa2cd45eb1d1d8dd5c5\windows-amd64\native-platform.dll
0x00007ffdfbfb0000 - 0x00007ffdfc0f4000 	C:\Users\Jexel\.gradle\native\5664cfc778a61ccfe75a443a1ab52a65af34e5dc3c78e0209fed803814484fcb\windows-amd64\native-platform-file-events.dll
0x00007ffe24a70000 - 0x00007ffe24a79000 	C:\Users\Jexel\.gradle\jdks\jdk-17.0.1+12\bin\management.dll
0x00007ffe22240000 - 0x00007ffe2224b000 	C:\Users\Jexel\.gradle\jdks\jdk-17.0.1+12\bin\management_ext.dll
0x00007ffe33140000 - 0x00007ffe33158000 	C:\Windows\SYSTEM32\CRYPTSP.dll
0x00007ffe32880000 - 0x00007ffe328b4000 	C:\Windows\system32\rsaenh.dll
0x00007ffe33960000 - 0x00007ffe33987000 	C:\Windows\System32\bcrypt.dll
0x00007ffe33660000 - 0x00007ffe3368e000 	C:\Windows\SYSTEM32\USERENV.dll
0x00007ffe33130000 - 0x00007ffe3313c000 	C:\Windows\SYSTEM32\CRYPTBASE.dll
0x00007ffe32c00000 - 0x00007ffe32c3b000 	C:\Windows\SYSTEM32\IPHLPAPI.DLL
0x00007ffe35e10000 - 0x00007ffe35e19000 	C:\Windows\System32\NSI.dll
0x00007ffe2dc30000 - 0x00007ffe2dc47000 	C:\Windows\SYSTEM32\dhcpcsvc6.DLL
0x00007ffe2d7c0000 - 0x00007ffe2d7dd000 	C:\Windows\SYSTEM32\dhcpcsvc.DLL
0x00007ffe32c50000 - 0x00007ffe32d1a000 	C:\Windows\SYSTEM32\DNSAPI.dll
0x00007ffe21c30000 - 0x00007ffe21c3e000 	C:\Users\Jexel\.gradle\jdks\jdk-17.0.1+12\bin\sunmscapi.dll
0x00007ffe33990000 - 0x00007ffe33aed000 	C:\Windows\System32\CRYPT32.dll
0x00007ffe33250000 - 0x00007ffe33277000 	C:\Windows\SYSTEM32\ncrypt.dll
0x00007ffe33210000 - 0x00007ffe3324b000 	C:\Windows\SYSTEM32\NTASN1.dll
0x00007ffe1ea00000 - 0x00007ffe1ea07000 	C:\Windows\system32\wshunix.dll
0x00007ffe2bbc0000 - 0x00007ffe2bbca000 	C:\Windows\System32\rasadhlp.dll
0x00007ffe2abe0000 - 0x00007ffe2ac5f000 	C:\Windows\System32\fwpuclnt.dll
0x00007ffe310b0000 - 0x00007ffe31140000 	C:\Windows\system32\apphelp.dll

dbghelp: loaded successfully - version: 4.0.5 - missing functions: none
symbol engine: initialized successfully - sym options: 0x614 - pdb path: .;C:\Users\Jexel\.gradle\jdks\jdk-17.0.1+12\bin;C:\Windows\SYSTEM32;C:\Windows\WinSxS\amd64_microsoft.windows.common-controls_6595b64144ccf1df_6.0.19041.1_none_b555e41d4684ddec;C:\Users\Jexel\.gradle\jdks\jdk-17.0.1+12\bin\server;C:\Users\Jexel\.gradle\native\e1d6ef7f7dcc3fd88c89a11ec53ec762bb8ba0a96d01ffa2cd45eb1d1d8dd5c5\windows-amd64;C:\Users\Jexel\.gradle\native\5664cfc778a61ccfe75a443a1ab52a65af34e5dc3c78e0209fed803814484fcb\windows-amd64

VM Arguments:
jvm_args: --add-opens=java.base/java.util=ALL-UNNAMED --add-opens=java.base/java.lang=ALL-UNNAMED --add-opens=java.base/java.lang.invoke=ALL-UNNAMED --add-opens=java.base/java.util=ALL-UNNAMED --add-opens=java.prefs/java.util.prefs=ALL-UNNAMED --add-opens=java.prefs/java.util.prefs=ALL-UNNAMED --add-opens=java.base/java.nio.charset=ALL-UNNAMED --add-opens=java.base/java.net=ALL-UNNAMED --add-opens=java.base/java.util.concurrent.atomic=ALL-UNNAMED -Xmx3G -Dfile.encoding=windows-1252 -Duser.country=US -Duser.language=en -Duser.variant 
java_command: org.gradle.launcher.daemon.bootstrap.GradleDaemon 7.3
java_class_path (initial): C:\Users\Jexel\.gradle\wrapper\dists\gradle-7.3-bin\ddwl0k7mt9g6ak16i1m905vyv\gradle-7.3\lib\gradle-launcher-7.3.jar
Launcher Type: SUN_STANDARD

[Global flags]
     intx CICompilerCount                          = 3                                         {product} {ergonomic}
     uint ConcGCThreads                            = 2                                         {product} {ergonomic}
     uint G1ConcRefinementThreads                  = 6                                         {product} {ergonomic}
   size_t G1HeapRegionSize                         = 2097152                                   {product} {ergonomic}
    uintx GCDrainStackTargetSize                   = 64                                        {product} {ergonomic}
   size_t InitialHeapSize                          = 268435456                                 {product} {ergonomic}
   size_t MarkStackSize                            = 4194304                                   {product} {ergonomic}
   size_t MaxHeapSize                              = 3221225472                                {product} {command line}
   size_t MaxNewSize                               = 1931476992                                {product} {ergonomic}
   size_t MinHeapDeltaBytes                        = 2097152                                   {product} {ergonomic}
   size_t MinHeapSize                              = 8388608                                   {product} {ergonomic}
    uintx NonNMethodCodeHeapSize                   = 5832780                                {pd product} {ergonomic}
    uintx NonProfiledCodeHeapSize                  = 122912730                              {pd product} {ergonomic}
    uintx ProfiledCodeHeapSize                     = 122912730                              {pd product} {ergonomic}
    uintx ReservedCodeCacheSize                    = 251658240                              {pd product} {ergonomic}
     bool SegmentedCodeCache                       = true                                      {product} {ergonomic}
   size_t SoftMaxHeapSize                          = 3221225472                             {manageable} {ergonomic}
     bool UseCompressedClassPointers               = true                           {product lp64_product} {ergonomic}
     bool UseCompressedOops                        = true                           {product lp64_product} {ergonomic}
     bool UseG1GC                                  = true                                      {product} {ergonomic}
     bool UseLargePagesIndividualAllocation        = false                                  {pd product} {ergonomic}

Logging:
Log output configuration:
 #0: stdout all=warning uptime,level,tags
 #1: stderr all=off uptime,level,tags

Environment Variables:
JAVA_HOME=C:\Users\Jexel\.gradle\jdks\jdk-17.0.1+12
PATH=C:\Program Files\Eclipse Adoptium\jdk-17.0.1.12-hotspot\bin;C:\Program Files\Eclipse Adoptium\jdk-8.0.312.7-hotspot\bin;C:\Program Files (x86)\Common Files\Intel\Shared Libraries\redist\intel64_win\compiler;C:\Program Files (x86)\Common Files\Oracle\Java\javapath;C:\Windows\system32;C:\Windows;C:\Windows\System32\Wbem;C:\Windows\System32\WindowsPowerShell\v1.0\;C:\Windows\System32\OpenSSH\;C:\Program Files (x86)\NVIDIA Corporation\PhysX\Common;C:\Program Files\NVIDIA Corporation\NVIDIA NvDLISR;C:\Program Files\Git\cmd;C:\Program Files\dotnet\;C:\ProgramData\ComposerSetup\bin;C:\Users\Jexel\AppData\Local\Programs\Python\Python39\Scripts\;C:\Users\Jexel\AppData\Local\Programs\Python\Python39\;C:\Users\Jexel\AppData\Local\Programs\Python\Python35\Scripts\;C:\Users\Jexel\AppData\Local\Programs\Python\Python35\;C:\Users\Jexel\AppData\Local\Microsoft\WindowsApps;C:\Program Files\JetBrains\IntelliJ IDEA Community Edition 2021.2.2\bin;C:\Users\Jexel\AppData\Local\GitHubDesktop\bin;C:\Program Files\JetBrains\IntelliJ IDEA 2020.3.1\bin;C:\Users\Jexel\.dotnet\tools;C:\Users\Jexel\AppData\Local\Programs\Microsoft VS Code\bin;C:\Users\Jexel\Desktop\Vintage Renaissance Wiki;C:\Users\Jexel\AppData\Local\atom\bin;C:\Users\Jexel\AppData\Roaming\Composer\vendor\bin
USERNAME=Jexel
OS=Windows_NT
PROCESSOR_IDENTIFIER=AMD64 Family 23 Model 113 Stepping 0, AuthenticAMD



---------------  S Y S T E M  ---------------

OS:
 Windows 10 , 64 bit Build 19041 (10.0.19041.292)
OS uptime: 0 days 9:16 hours

CPU: total 6 (initial active 6) (6 cores per cpu, 1 threads per core) family 23 model 113 stepping 0 microcode 0x0, cx8, cmov, fxsr, mmx, 3dnowpref, sse, sse2, sse3, ssse3, sse4a, sse4.1, sse4.2, popcnt, lzcnt, tsc, tscinvbit, avx, avx2, aes, clmul, bmi1, bmi2, adx, sha, fma, vzeroupper, clflush, clflushopt

Memory: 4k page, system-wide physical 16332M (5670M free)
TotalPageFile size 19191M (AvailPageFile size 365M)
current process WorkingSet (physical memory assigned to process): 624M, peak: 624M
current process commit charge ("private bytes"): 681M, peak: 1493M

vm_info: OpenJDK 64-Bit Server VM (17.0.1+12) for windows-amd64 JRE (17.0.1+12), built on Oct 20 2021 07:42:55 by "" with MS VC++ 16.7 (VS2019)

END.
