#
# There is insufficient memory for the Java Runtime Environment to continue.
# Native memory allocation (malloc) failed to allocate 32744 bytes for ChunkPool::allocate
# Possible reasons:
#   The system is out of physical RAM or swap space
#   The process is running with CompressedOops enabled, and the Java Heap may be blocking the growth of the native heap
# Possible solutions:
#   Reduce memory load on the system
#   Increase physical memory or swap space
#   Check if swap backing store is full
#   Decrease Java heap size (-Xmx/-Xms)
#   Decrease number of Java threads
#   Decrease Java thread stack sizes (-Xss)
#   Set larger code cache with -XX:ReservedCodeCacheSize=
#   JVM is running with Zero Based Compressed Oops mode in which the Java heap is
#     placed in the first 32GB address space. The Java Heap base address is the
#     maximum limit for the native heap growth. Please use -XX:HeapBaseMinAddress
#     to set the Java Heap base and to place the Java Heap above 32GB virtual address.
# This output file may be truncated or incomplete.
#
#  Out of Memory Error (allocation.cpp:272), pid=7756, tid=0x0000000000003610
#
# JRE version: OpenJDK Runtime Environment (8.0_312-b07) (build 1.8.0_312-b07)
# Java VM: OpenJDK 64-Bit Server VM (25.312-b07 mixed mode windows-amd64 compressed oops)
# Failed to write core dump. Minidumps are not enabled by default on client versions of Windows
#

---------------  T H R E A D  ---------------

Current thread (0x00000243dfebd800):  JavaThread "C2 CompilerThread1" daemon [_thread_in_native, id=13840, stack(0x000000acd9f00000,0x000000acda000000)]

Stack: [0x000000acd9f00000,0x000000acda000000]
[error occurred during error reporting (printing stack bounds), id 0xc0000005]

Native frames: (J=compiled Java code, j=interpreted, Vv=VM code, C=native code)


Current CompileTask:
C2:   1542 1560       4       java.net.URLClassLoader$1::run (5 bytes)


---------------  P R O C E S S  ---------------

Java Threads: ( => current thread )
  0x00000243e2901800 JavaThread "Cache worker for file hash cache (C:\Users\Jexel\.gradle\caches\7.3\fileHashes)" [_thread_blocked, id=3620, stack(0x000000acdaf00000,0x000000acdb000000)]
  0x00000243e2904000 JavaThread "File lock request listener" [_thread_in_native, id=12216, stack(0x000000acdae00000,0x000000acdaf00000)]
  0x00000243e2903000 JavaThread "Cache worker for journal cache (C:\Users\Jexel\.gradle\caches\journal-1)" [_thread_blocked, id=1268, stack(0x000000acdad00000,0x000000acdae00000)]
  0x00000243e28ca800 JavaThread "Daemon client event forwarder" [_thread_blocked, id=972, stack(0x000000acdac00000,0x000000acdad00000)]
  0x00000243e28d2000 JavaThread "Stdin handler" [_thread_blocked, id=14604, stack(0x000000acdab00000,0x000000acdac00000)]
  0x00000243e28d1000 JavaThread "Asynchronous log dispatcher for DefaultDaemonConnection: socket connection from /127.0.0.1:58817 to /127.0.0.1:58818" [_thread_blocked, id=15772, stack(0x000000acdaa00000,0x000000acdab00000)]
  0x00000243e28da000 JavaThread "Daemon worker" [_thread_in_vm, id=3476, stack(0x000000acda900000,0x000000acdaa00000)]
  0x00000243e28db000 JavaThread "Cancel handler" [_thread_blocked, id=5276, stack(0x000000acda800000,0x000000acda900000)]
  0x00000243e27fc800 JavaThread "Handler for socket connection from /127.0.0.1:58817 to /127.0.0.1:58818" [_thread_in_native, id=10060, stack(0x000000acda700000,0x000000acda800000)]
  0x00000243e2849800 JavaThread "Daemon" [_thread_blocked, id=3500, stack(0x000000acda600000,0x000000acda700000)]
  0x00000243e28a3800 JavaThread "Daemon periodic checks" [_thread_blocked, id=4700, stack(0x000000acda500000,0x000000acda600000)]
  0x00000243e2883000 JavaThread "Incoming local TCP Connector on port 58817" [_thread_in_native, id=9272, stack(0x000000acda400000,0x000000acda500000)]
  0x00000243e28ae000 JavaThread "Daemon health stats" [_thread_blocked, id=14004, stack(0x000000acda300000,0x000000acda400000)]
  0x00000243dfecd800 JavaThread "Service Thread" daemon [_thread_blocked, id=4544, stack(0x000000acda100000,0x000000acda200000)]
  0x00000243dfebe800 JavaThread "C1 CompilerThread2" daemon [_thread_blocked, id=10320, stack(0x000000acda000000,0x000000acda100000)]
=>0x00000243dfebd800 JavaThread "C2 CompilerThread1" daemon [_thread_in_native, id=13840, stack(0x000000acd9f00000,0x000000acda000000)]
  0x00000243dfec3800 JavaThread "C2 CompilerThread0" daemon [_thread_in_native, id=13500, stack(0x000000acd9e00000,0x000000acd9f00000)]
  0x00000243dfeaf000 JavaThread "Attach Listener" daemon [_thread_blocked, id=928, stack(0x000000acd9d00000,0x000000acd9e00000)]
  0x00000243dfeb4800 JavaThread "Signal Dispatcher" daemon [_thread_blocked, id=14196, stack(0x000000acd9c00000,0x000000acd9d00000)]
  0x00000243df4fc800 JavaThread "Finalizer" daemon [_thread_blocked, id=11348, stack(0x000000acd9b00000,0x000000acd9c00000)]
  0x00000243dfe87800 JavaThread "Reference Handler" daemon [_thread_blocked, id=6852, stack(0x000000acd9a00000,0x000000acd9b00000)]
  0x00000243c6ec7000 JavaThread "main" [_thread_blocked, id=2752, stack(0x000000acd9200000,0x000000acd9300000)]

Other Threads:
  0x00000243dfe62800 VMThread [stack: 0x000000acd9900000,0x000000acd9a00000] [id=7120]
  0x00000243dfed0800 WatcherThread [stack: 0x000000acda200000,0x000000acda300000] [id=16028]

VM state:not at safepoint (normal execution)

VM Mutex/Monitor currently owned by a thread: None

heap address: 0x0000000700000000, size: 3072 MB, Compressed Oops mode: Zero based, Oop shift amount: 3
Narrow klass base: 0x0000000000000000, Narrow klass shift: 3
Compressed class space size: 1073741824 Address: 0x00000007c0000000

Heap:
 PSYoungGen      total 76288K, used 44361K [0x0000000780000000, 0x0000000785500000, 0x00000007c0000000)
  eden space 65536K, 54% used [0x0000000780000000,0x00000007822a9998,0x0000000784000000)
  from space 10752K, 82% used [0x0000000784a80000,0x0000000785328aa0,0x0000000785500000)
  to   space 10752K, 0% used [0x0000000784000000,0x0000000784000000,0x0000000784a80000)
 ParOldGen       total 175104K, used 24K [0x0000000700000000, 0x000000070ab00000, 0x0000000780000000)
  object space 175104K, 0% used [0x0000000700000000,0x0000000700006000,0x000000070ab00000)
 Metaspace       used 15825K, capacity 16296K, committed 16512K, reserved 1062912K
  class space    used 2231K, capacity 2370K, committed 2432K, reserved 1048576K

Card table byte_map: [0x00000243d7bb0000,0x00000243d81c0000] byte_map_base: 0x00000243d43b0000

Marking Bits: (ParMarkBitMap*) 0x000000005aedc860
 Begin Bits: [0x00000243d85c0000, 0x00000243db5c0000)
 End Bits:   [0x00000243db5c0000, 0x00000243de5c0000)

Polling page: 0x00000243c7010000

CodeCache: size=245760Kb used=5840Kb max_used=5840Kb free=239919Kb
 bounds [0x00000243c87f0000, 0x00000243c8db0000, 0x00000243d77f0000]
 total_blobs=2067 nmethods=1656 adapters=324
 compilation: enabled

Compilation events (10 events):
Event: 1.522 Thread 0x00000243dfebe800 1653       3       sun.reflect.MethodAccessorImpl::<init> (5 bytes)
Event: 1.522 Thread 0x00000243dfebe800 nmethod 1653 0x00000243c8da4d90 code [0x00000243c8da4f00, 0x00000243c8da5118]
Event: 1.522 Thread 0x00000243dfebe800 1654       3       java.lang.reflect.Method::setMethodAccessor (21 bytes)
Event: 1.522 Thread 0x00000243dfebe800 nmethod 1654 0x00000243c8da5210 code [0x00000243c8da5380, 0x00000243c8da5750]
Event: 1.523 Thread 0x00000243dfebe800 1655       3       java.lang.Integer::numberOfLeadingZeros (76 bytes)
Event: 1.523 Thread 0x00000243dfebe800 nmethod 1655 0x00000243c8da5890 code [0x00000243c8da5a00, 0x00000243c8da5cb8]
Event: 1.528 Thread 0x00000243dfebe800 1656       3       java.io.Reader::<init> (27 bytes)
Event: 1.529 Thread 0x00000243dfebe800 nmethod 1656 0x00000243c8da5d50 code [0x00000243c8da5ec0, 0x00000243c8da61b0]
Event: 1.533 Thread 0x00000243dfebe800 1657       3       java.lang.Enum::<init> (15 bytes)
Event: 1.533 Thread 0x00000243dfebe800 nmethod 1657 0x00000243c8da62d0 code [0x00000243c8da6420, 0x00000243c8da65f8]

GC Heap History (4 events):
Event: 0.667 GC heap before
{Heap before GC invocations=1 (full 0):
 PSYoungGen      total 76288K, used 65536K [0x0000000780000000, 0x0000000785500000, 0x00000007c0000000)
  eden space 65536K, 100% used [0x0000000780000000,0x0000000784000000,0x0000000784000000)
  from space 10752K, 0% used [0x0000000784a80000,0x0000000784a80000,0x0000000785500000)
  to   space 10752K, 0% used [0x0000000784000000,0x0000000784000000,0x0000000784a80000)
 ParOldGen       total 175104K, used 0K [0x0000000700000000, 0x000000070ab00000, 0x0000000780000000)
  object space 175104K, 0% used [0x0000000700000000,0x0000000700000000,0x000000070ab00000)
 Metaspace       used 7555K, capacity 7792K, committed 8064K, reserved 1056768K
  class space    used 940K, capacity 1054K, committed 1152K, reserved 1048576K
Event: 0.672 GC heap after
Heap after GC invocations=1 (full 0):
 PSYoungGen      total 76288K, used 6145K [0x0000000780000000, 0x0000000785500000, 0x00000007c0000000)
  eden space 65536K, 0% used [0x0000000780000000,0x0000000780000000,0x0000000784000000)
  from space 10752K, 57% used [0x0000000784000000,0x0000000784600498,0x0000000784a80000)
  to   space 10752K, 0% used [0x0000000784a80000,0x0000000784a80000,0x0000000785500000)
 ParOldGen       total 175104K, used 16K [0x0000000700000000, 0x000000070ab00000, 0x0000000780000000)
  object space 175104K, 0% used [0x0000000700000000,0x0000000700004000,0x000000070ab00000)
 Metaspace       used 7555K, capacity 7792K, committed 8064K, reserved 1056768K
  class space    used 940K, capacity 1054K, committed 1152K, reserved 1048576K
}
Event: 1.352 GC heap before
{Heap before GC invocations=2 (full 0):
 PSYoungGen      total 76288K, used 71681K [0x0000000780000000, 0x0000000785500000, 0x00000007c0000000)
  eden space 65536K, 100% used [0x0000000780000000,0x0000000784000000,0x0000000784000000)
  from space 10752K, 57% used [0x0000000784000000,0x0000000784600498,0x0000000784a80000)
  to   space 10752K, 0% used [0x0000000784a80000,0x0000000784a80000,0x0000000785500000)
 ParOldGen       total 175104K, used 16K [0x0000000700000000, 0x000000070ab00000, 0x0000000780000000)
  object space 175104K, 0% used [0x0000000700000000,0x0000000700004000,0x000000070ab00000)
 Metaspace       used 13432K, capacity 13858K, committed 14080K, reserved 1060864K
  class space    used 1862K, capacity 1995K, committed 2048K, reserved 1048576K
Event: 1.360 GC heap after
Heap after GC invocations=2 (full 0):
 PSYoungGen      total 76288K, used 8866K [0x0000000780000000, 0x0000000785500000, 0x00000007c0000000)
  eden space 65536K, 0% used [0x0000000780000000,0x0000000780000000,0x0000000784000000)
  from space 10752K, 82% used [0x0000000784a80000,0x0000000785328aa0,0x0000000785500000)
  to   space 10752K, 0% used [0x0000000784000000,0x0000000784000000,0x0000000784a80000)
 ParOldGen       total 175104K, used 24K [0x0000000700000000, 0x000000070ab00000, 0x0000000780000000)
  object space 175104K, 0% used [0x0000000700000000,0x0000000700006000,0x000000070ab00000)
 Metaspace       used 13432K, capacity 13858K, committed 14080K, reserved 1060864K
  class space    used 1862K, capacity 1995K, committed 2048K, reserved 1048576K
}

Deoptimization events (10 events):
Event: 1.008 Thread 0x00000243c6ec7000 Uncommon trap: reason=unstable_if action=reinterpret pc=0x00000243c8a41e74 method=java.io.WinNTFileSystem.normalize(Ljava/lang/String;)Ljava/lang/String; @ 128
Event: 1.008 Thread 0x00000243c6ec7000 Uncommon trap: reason=unstable_if action=reinterpret pc=0x00000243c8b5d030 method=java.io.WinNTFileSystem.normalize(Ljava/lang/String;II)Ljava/lang/String; @ 90
Event: 1.417 Thread 0x00000243e28da000 Uncommon trap: reason=unstable_if action=reinterpret pc=0x00000243c8b25910 method=java.io.File.equals(Ljava/lang/Object;)Z @ 1
Event: 1.417 Thread 0x00000243e28da000 Uncommon trap: reason=unstable_if action=reinterpret pc=0x00000243c89c5df0 method=java.io.WinNTFileSystem.resolve(Ljava/lang/String;Ljava/lang/String;)Ljava/lang/String; @ 117
Event: 1.452 Thread 0x00000243e28da000 Uncommon trap: reason=class_check action=maybe_recompile pc=0x00000243c8b84618 method=java.util.regex.Matcher.match(II)Z @ 86
Event: 1.460 Thread 0x00000243e28da000 Uncommon trap: reason=class_check action=maybe_recompile pc=0x00000243c8b84618 method=java.util.regex.Matcher.match(II)Z @ 86
Event: 1.474 Thread 0x00000243e28da000 Uncommon trap: reason=class_check action=maybe_recompile pc=0x00000243c8b84618 method=java.util.regex.Matcher.match(II)Z @ 86
Event: 1.474 Thread 0x00000243e28da000 Uncommon trap: reason=class_check action=maybe_recompile pc=0x00000243c89acad4 method=java.util.regex.Matcher.match(II)Z @ 86
Event: 1.524 Thread 0x00000243e28da000 Uncommon trap: reason=unstable_if action=reinterpret pc=0x00000243c8b7aab8 method=java.io.File.getName()Ljava/lang/String; @ 16
Event: 1.524 Thread 0x00000243e28da000 Uncommon trap: reason=unstable_if action=reinterpret pc=0x00000243c8b56648 method=java.lang.String.substring(I)Ljava/lang/String; @ 35

Classes redefined (0 events):
No events

Internal exceptions (10 events):
Event: 0.088 Thread 0x00000243c6ec7000 Exception <a 'java/lang/NoSuchFieldError': method resolution failed> (0x0000000780308630) thrown at [E:\jenkins\tmp\workspace\build\src\hotspot\src\share\vm\prims\methodHandles.cpp, line 1176]
Event: 0.205 Thread 0x00000243c6ec7000 Exception <a 'java/security/PrivilegedActionException'> (0x0000000780c204d0) thrown at [E:\jenkins\tmp\workspace\build\src\hotspot\src\share\vm\prims\jvm.cpp, line 1523]
Event: 0.205 Thread 0x00000243c6ec7000 Exception <a 'java/security/PrivilegedActionException'> (0x0000000780c206e0) thrown at [E:\jenkins\tmp\workspace\build\src\hotspot\src\share\vm\prims\jvm.cpp, line 1523]
Event: 0.206 Thread 0x00000243c6ec7000 Exception <a 'java/security/PrivilegedActionException'> (0x0000000780c25690) thrown at [E:\jenkins\tmp\workspace\build\src\hotspot\src\share\vm\prims\jvm.cpp, line 1523]
Event: 0.206 Thread 0x00000243c6ec7000 Exception <a 'java/security/PrivilegedActionException'> (0x0000000780c258a0) thrown at [E:\jenkins\tmp\workspace\build\src\hotspot\src\share\vm\prims\jvm.cpp, line 1523]
Event: 0.280 Thread 0x00000243c6ec7000 Exception <a 'java/lang/NoClassDefFoundError': org/slf4j/impl/StaticMarkerBinder> (0x0000000780f8e180) thrown at [E:\jenkins\tmp\workspace\build\src\hotspot\src\share\vm\classfile\systemDictionary.cpp, line 206]
Event: 0.868 Thread 0x00000243c6ec7000 Exception <a 'java/lang/NoSuchMethodError': java.lang.Object.lambda$get$0(Ljava/util/function/Supplier;Ljava/lang/Object;)Ljava/lang/Object;> (0x000000078236a878) thrown at [E:\jenkins\tmp\workspace\build\src\hotspot\src\share\vm\interpreter\linkResolver.
Event: 1.223 Thread 0x00000243c6ec7000 Exception <a 'java/io/IOException'> (0x00000007827b0358) thrown at [E:\jenkins\tmp\workspace\build\src\hotspot\src\share\vm\prims\jni.cpp, line 711]
Event: 1.375 Thread 0x00000243e28da000 Exception <a 'java/lang/NoSuchMethodError': java.lang.Object.lambda$static$0(Lorg/gradle/internal/state/ModelObject;)Ljava/lang/String;> (0x0000000780291898) thrown at [E:\jenkins\tmp\workspace\build\src\hotspot\src\share\vm\interpreter\linkResolver.cpp, 
Event: 1.417 Thread 0x00000243e28da000 Implicit null exception at 0x00000243c8b252ef to 0x00000243c8b25901

Events (10 events):
Event: 1.536 loading class net/rubygrapefruit/platform/internal/jni/WindowsFileEventFunctions$WatcherBuilder
Event: 1.536 loading class net/rubygrapefruit/platform/internal/jni/WindowsFileEventFunctions$WatcherBuilder done
Event: 1.536 loading class org/gradle/internal/vfs/impl/VfsRootReference
Event: 1.536 loading class org/gradle/internal/vfs/impl/VfsRootReference done
Event: 1.537 loading class org/gradle/internal/watch/registry/FileWatcherRegistryFactory
Event: 1.537 loading class org/gradle/internal/watch/registry/FileWatcherRegistryFactory done
Event: 1.537 loading class org/gradle/internal/vfs/impl/VfsRootReference
Event: 1.537 loading class org/gradle/internal/vfs/impl/VfsRootReference done
Event: 1.537 loading class org/gradle/internal/watch/vfs/impl/WatchingVirtualFileSystem
Event: 1.537 loading class org/gradle/internal/watch/vfs/impl/WatchingVirtualFileSystem done


Dynamic libraries:
0x00007ff7aa400000 - 0x00007ff7aa43a000 	C:\Program Files\Eclipse Adoptium\jdk-8.0.312.7-hotspot\bin\java.exe
0x00007ffb6b330000 - 0x00007ffb6b525000 	C:\Windows\SYSTEM32\ntdll.dll
0x00007ffb69540000 - 0x00007ffb695fd000 	C:\Windows\System32\KERNEL32.DLL
0x00007ffb68b50000 - 0x00007ffb68e17000 	C:\Windows\System32\KERNELBASE.dll
0x00007ffb6b170000 - 0x00007ffb6b21a000 	C:\Windows\System32\ADVAPI32.dll
0x00007ffb69600000 - 0x00007ffb6969e000 	C:\Windows\System32\msvcrt.dll
0x00007ffb6af30000 - 0x00007ffb6afcb000 	C:\Windows\System32\sechost.dll
0x00007ffb6aaa0000 - 0x00007ffb6abc3000 	C:\Windows\System32\RPCRT4.dll
0x00007ffb69d30000 - 0x00007ffb69ed0000 	C:\Windows\System32\USER32.dll
0x00007ffb69370000 - 0x00007ffb69392000 	C:\Windows\System32\win32u.dll
0x00007ffb69ed0000 - 0x00007ffb69efa000 	C:\Windows\System32\GDI32.dll
0x00007ffb69260000 - 0x00007ffb6936a000 	C:\Windows\System32\gdi32full.dll
0x00007ffb690c0000 - 0x00007ffb6915d000 	C:\Windows\System32\msvcp_win.dll
0x00007ffb69160000 - 0x00007ffb69260000 	C:\Windows\System32\ucrtbase.dll
0x00007ffb5daf0000 - 0x00007ffb5dd8a000 	C:\Windows\WinSxS\amd64_microsoft.windows.common-controls_6595b64144ccf1df_6.0.19041.1_none_b555e41d4684ddec\COMCTL32.dll
0x00007ffb6a860000 - 0x00007ffb6a890000 	C:\Windows\System32\IMM32.DLL
0x00007ffb49350000 - 0x00007ffb4943f000 	C:\Program Files\Eclipse Adoptium\jdk-8.0.312.7-hotspot\jre\bin\msvcr120.dll
0x00007ffb49590000 - 0x00007ffb49636000 	C:\Program Files\Eclipse Adoptium\jdk-8.0.312.7-hotspot\jre\bin\msvcp120.dll
0x000000005a6f0000 - 0x000000005af5b000 	C:\Program Files\Eclipse Adoptium\jdk-8.0.312.7-hotspot\jre\bin\server\jvm.dll
0x00007ffb69480000 - 0x00007ffb69488000 	C:\Windows\System32\PSAPI.DLL
0x00007ffb62cb0000 - 0x00007ffb62cba000 	C:\Windows\SYSTEM32\VERSION.dll
0x00007ffb5fce0000 - 0x00007ffb5fd07000 	C:\Windows\SYSTEM32\WINMM.dll
0x00007ffb64790000 - 0x00007ffb64799000 	C:\Windows\SYSTEM32\WSOCK32.dll
0x00007ffb6b220000 - 0x00007ffb6b28b000 	C:\Windows\System32\WS2_32.dll
0x00007ffb64bc0000 - 0x00007ffb64bcf000 	C:\Program Files\Eclipse Adoptium\jdk-8.0.312.7-hotspot\jre\bin\verify.dll
0x00007ffb58be0000 - 0x00007ffb58c09000 	C:\Program Files\Eclipse Adoptium\jdk-8.0.312.7-hotspot\jre\bin\java.dll
0x00007ffb64740000 - 0x00007ffb64756000 	C:\Program Files\Eclipse Adoptium\jdk-8.0.312.7-hotspot\jre\bin\zip.dll
0x00007ffb6a060000 - 0x00007ffb6a7a0000 	C:\Windows\System32\SHELL32.dll
0x00007ffb66c20000 - 0x00007ffb673b1000 	C:\Windows\SYSTEM32\windows.storage.dll
0x00007ffb6abd0000 - 0x00007ffb6af23000 	C:\Windows\System32\combase.dll
0x00007ffb68500000 - 0x00007ffb6852c000 	C:\Windows\SYSTEM32\Wldp.dll
0x00007ffb69490000 - 0x00007ffb6953e000 	C:\Windows\System32\SHCORE.dll
0x00007ffb6b290000 - 0x00007ffb6b2e5000 	C:\Windows\System32\shlwapi.dll
0x00007ffb689c0000 - 0x00007ffb689df000 	C:\Windows\SYSTEM32\profapi.dll
0x00007ffb63f80000 - 0x00007ffb63f9a000 	C:\Program Files\Eclipse Adoptium\jdk-8.0.312.7-hotspot\jre\bin\net.dll
0x00007ffb68280000 - 0x00007ffb682ea000 	C:\Windows\system32\mswsock.dll
0x00007ffb564f0000 - 0x00007ffb56502000 	C:\Program Files\Eclipse Adoptium\jdk-8.0.312.7-hotspot\jre\bin\nio.dll
0x00007ffb64700000 - 0x00007ffb64727000 	C:\Users\Jexel\.gradle\native\e1d6ef7f7dcc3fd88c89a11ec53ec762bb8ba0a96d01ffa2cd45eb1d1d8dd5c5\windows-amd64\native-platform.dll
0x00007ffb31ba0000 - 0x00007ffb31ce4000 	C:\Users\Jexel\.gradle\native\5664cfc778a61ccfe75a443a1ab52a65af34e5dc3c78e0209fed803814484fcb\windows-amd64\native-platform-file-events.dll
0x00007ffb56570000 - 0x00007ffb5657d000 	C:\Program Files\Eclipse Adoptium\jdk-8.0.312.7-hotspot\jre\bin\management.dll
0x00007ffb68460000 - 0x00007ffb68478000 	C:\Windows\SYSTEM32\CRYPTSP.dll
0x00007ffb67ba0000 - 0x00007ffb67bd4000 	C:\Windows\system32\rsaenh.dll
0x00007ffb69090000 - 0x00007ffb690b7000 	C:\Windows\System32\bcrypt.dll
0x00007ffb68980000 - 0x00007ffb689ae000 	C:\Windows\SYSTEM32\USERENV.dll
0x00007ffb68ad0000 - 0x00007ffb68b4f000 	C:\Windows\System32\bcryptprimitives.dll
0x00007ffb68450000 - 0x00007ffb6845c000 	C:\Windows\SYSTEM32\CRYPTBASE.dll
0x00007ffb67f20000 - 0x00007ffb67f5b000 	C:\Windows\SYSTEM32\IPHLPAPI.DLL
0x00007ffb6a7a0000 - 0x00007ffb6a7a9000 	C:\Windows\System32\NSI.dll
0x00007ffb63030000 - 0x00007ffb63047000 	C:\Windows\SYSTEM32\dhcpcsvc6.DLL
0x00007ffb63010000 - 0x00007ffb6302d000 	C:\Windows\SYSTEM32\dhcpcsvc.DLL
0x00007ffb67f70000 - 0x00007ffb6803a000 	C:\Windows\SYSTEM32\DNSAPI.dll

VM Arguments:
jvm_args: -Xmx3G -Dfile.encoding=windows-1252 -Duser.country=US -Duser.language=en -Duser.variant 
java_command: org.gradle.launcher.daemon.bootstrap.GradleDaemon 7.3
java_class_path (initial): C:\Users\Jexel\.gradle\wrapper\dists\gradle-7.3-bin\ddwl0k7mt9g6ak16i1m905vyv\gradle-7.3\lib\gradle-launcher-7.3.jar
Launcher Type: SUN_STANDARD

Environment Variables:
JAVA_HOME=C:\Program Files\Eclipse Adoptium\jdk-8.0.312.7-hotspot\
PATH=C:\Program Files\Eclipse Adoptium\jdk-17.0.1.12-hotspot\bin;C:\Program Files\Eclipse Adoptium\jdk-8.0.312.7-hotspot\bin;C:\Program Files (x86)\Common Files\Intel\Shared Libraries\redist\intel64_win\compiler;C:\Program Files (x86)\Common Files\Oracle\Java\javapath;C:\Windows\system32;C:\Windows;C:\Windows\System32\Wbem;C:\Windows\System32\WindowsPowerShell\v1.0\;C:\Windows\System32\OpenSSH\;C:\Program Files (x86)\NVIDIA Corporation\PhysX\Common;C:\Program Files\NVIDIA Corporation\NVIDIA NvDLISR;C:\Program Files\Git\cmd;C:\Program Files\dotnet\;C:\ProgramData\ComposerSetup\bin;C:\Users\Jexel\AppData\Local\Programs\Python\Python39\Scripts\;C:\Users\Jexel\AppData\Local\Programs\Python\Python39\;C:\Users\Jexel\AppData\Local\Programs\Python\Python35\Scripts\;C:\Users\Jexel\AppData\Local\Programs\Python\Python35\;C:\Users\Jexel\AppData\Local\Microsoft\WindowsApps;C:\Program Files\JetBrains\IntelliJ IDEA Community Edition 2021.2.2\bin;C:\Users\Jexel\AppData\Local\GitHubDesktop\bin;C:\Program Files\JetBrains\IntelliJ IDEA 2020.3.1\bin;C:\Users\Jexel\.dotnet\tools;C:\Users\Jexel\AppData\Local\Programs\Microsoft VS Code\bin;C:\Users\Jexel\Desktop\Vintage Renaissance Wiki;C:\Users\Jexel\AppData\Local\atom\bin;C:\Users\Jexel\AppData\Roaming\Composer\vendor\bin
USERNAME=Jexel
OS=Windows_NT
PROCESSOR_IDENTIFIER=AMD64 Family 23 Model 113 Stepping 0, AuthenticAMD



---------------  S Y S T E M  ---------------

OS: Windows 10.0 , 64 bit Build 19041 (10.0.19041.292)

CPU:total 6 (initial active 6) (6 cores per cpu, 1 threads per core) family 23 model 113 stepping 0, cmov, cx8, fxsr, mmx, sse, sse2, sse3, ssse3, sse4.1, sse4.2, popcnt, avx, avx2, aes, clmul, mmxext, 3dnowpref, lzcnt, sse4a, tsc, tscinvbit, tscinv, bmi1

Memory: 4k page, physical 16724684k(4494548k free), swap 19796684k(4156k free)

vm_info: OpenJDK 64-Bit Server VM (25.312-b07) for windows-amd64 JRE (1.8.0_312-b07), built on Oct 19 2021 15:47:56 by "jenkins" with MS VC++ 12.0 (VS2013)

time: Sun Oct 16 19:51:01 2022
timezone: Malay Peninsula Standard Time
elapsed time: 1.557502 seconds (0d 0h 0m 1s)

