#
# There is insufficient memory for the Java Runtime Environment to continue.
# Native memory allocation (malloc) failed to allocate 360976 bytes for Chunk::new
# Possible reasons:
#   The system is out of physical RAM or swap space
#   The process is running with CompressedOops enabled, and the Java Heap may be blocking the growth of the native heap
# Possible solutions:
#   Reduce memory load on the system
#   Increase physical memory or swap space
#   Check if swap backing store is full
#   Decrease Java heap size (-Xmx/-Xms)
#   Decrease number of Java threads
#   Decrease Java thread stack sizes (-Xss)
#   Set larger code cache with -XX:ReservedCodeCacheSize=
#   JVM is running with Zero Based Compressed Oops mode in which the Java heap is
#     placed in the first 32GB address space. The Java Heap base address is the
#     maximum limit for the native heap growth. Please use -XX:HeapBaseMinAddress
#     to set the Java Heap base and to place the Java Heap above 32GB virtual address.
# This output file may be truncated or incomplete.
#
#  Out of Memory Error (allocation.cpp:389), pid=2668, tid=0x0000000000001ae8
#
# JRE version: OpenJDK Runtime Environment (8.0_312-b07) (build 1.8.0_312-b07)
# Java VM: OpenJDK 64-Bit Server VM (25.312-b07 mixed mode windows-amd64 compressed oops)
# Failed to write core dump. Minidumps are not enabled by default on client versions of Windows
#

---------------  T H R E A D  ---------------

Current thread (0x0000029ac337b800):  JavaThread "C2 CompilerThread0" daemon [_thread_in_native, id=6888, stack(0x000000a3a9c00000,0x000000a3a9d00000)]

Stack: [0x000000a3a9c00000,0x000000a3a9d00000]
[error occurred during error reporting (printing stack bounds), id 0xc0000005]

Native frames: (J=compiled Java code, j=interpreted, Vv=VM code, C=native code)


Current CompileTask:
C2:   2768 1507       4       java.net.URLClassLoader$1::run (5 bytes)


---------------  P R O C E S S  ---------------

Java Threads: ( => current thread )
  0x0000029ac5e6d800 JavaThread "Daemon client event forwarder" [_thread_blocked, id=8724, stack(0x000000a3aaa00000,0x000000a3aab00000)]
  0x0000029ac5e6b800 JavaThread "Stdin handler" [_thread_blocked, id=8612, stack(0x000000a3aa900000,0x000000a3aaa00000)]
  0x0000029ac5e5c000 JavaThread "Asynchronous log dispatcher for DefaultDaemonConnection: socket connection from /127.0.0.1:49318 to /127.0.0.1:49319" [_thread_blocked, id=1376, stack(0x000000a3aa800000,0x000000a3aa900000)]
  0x0000029ac5e5e800 JavaThread "Daemon worker" [_thread_in_native, id=9532, stack(0x000000a3aa700000,0x000000a3aa800000)]
  0x0000029ac5e5d800 JavaThread "Cancel handler" [_thread_blocked, id=2336, stack(0x000000a3aa600000,0x000000a3aa700000)]
  0x0000029ac5eef800 JavaThread "Handler for socket connection from /127.0.0.1:49318 to /127.0.0.1:49319" [_thread_in_native, id=13856, stack(0x000000a3aa500000,0x000000a3aa600000)]
  0x0000029ac5eed800 JavaThread "Daemon" [_thread_blocked, id=7636, stack(0x000000a3aa400000,0x000000a3aa500000)]
  0x0000029ac5ec9000 JavaThread "Daemon periodic checks" [_thread_blocked, id=15644, stack(0x000000a3aa300000,0x000000a3aa400000)]
  0x0000029ac5eaa800 JavaThread "Incoming local TCP Connector on port 49318" [_thread_in_native, id=12452, stack(0x000000a3aa200000,0x000000a3aa300000)]
  0x0000029ac5d90800 JavaThread "Daemon health stats" [_thread_blocked, id=14500, stack(0x000000a3aa100000,0x000000a3aa200000)]
  0x0000029ac3379800 JavaThread "Service Thread" daemon [_thread_blocked, id=11904, stack(0x000000a3a9f00000,0x000000a3aa000000)]
  0x0000029ac3378800 JavaThread "C1 CompilerThread2" daemon [_thread_blocked, id=1380, stack(0x000000a3a9e00000,0x000000a3a9f00000)]
  0x0000029ac337d800 JavaThread "C2 CompilerThread1" daemon [_thread_in_native, id=9396, stack(0x000000a3a9d00000,0x000000a3a9e00000)]
=>0x0000029ac337b800 JavaThread "C2 CompilerThread0" daemon [_thread_in_native, id=6888, stack(0x000000a3a9c00000,0x000000a3a9d00000)]
  0x0000029ac3373800 JavaThread "Attach Listener" daemon [_thread_blocked, id=9500, stack(0x000000a3a9b00000,0x000000a3a9c00000)]
  0x0000029ac3370800 JavaThread "Signal Dispatcher" daemon [_thread_blocked, id=9644, stack(0x000000a3a9a00000,0x000000a3a9b00000)]
  0x0000029ac29bb800 JavaThread "Finalizer" daemon [_thread_blocked, id=5916, stack(0x000000a3a9900000,0x000000a3a9a00000)]
  0x0000029ac3348000 JavaThread "Reference Handler" daemon [_thread_blocked, id=2752, stack(0x000000a3a9800000,0x000000a3a9900000)]
  0x0000029aaa394800 JavaThread "main" [_thread_blocked, id=12684, stack(0x000000a3a9000000,0x000000a3a9100000)]

Other Threads:
  0x0000029ac3323800 VMThread [stack: 0x000000a3a9700000,0x000000a3a9800000] [id=15824]
  0x0000029ac3386800 WatcherThread [stack: 0x000000a3aa000000,0x000000a3aa100000] [id=16016]

VM state:not at safepoint (normal execution)

VM Mutex/Monitor currently owned by a thread: None

heap address: 0x0000000700000000, size: 3072 MB, Compressed Oops mode: Zero based, Oop shift amount: 3
Narrow klass base: 0x0000000000000000, Narrow klass shift: 3
Compressed class space size: 1073741824 Address: 0x00000007c0000000

Heap:
 PSYoungGen      total 76288K, used 35920K [0x0000000780000000, 0x0000000785500000, 0x00000007c0000000)
  eden space 65536K, 41% used [0x0000000780000000,0x0000000781a53a60,0x0000000784000000)
  from space 10752K, 83% used [0x0000000784a80000,0x00000007853407e0,0x0000000785500000)
  to   space 10752K, 0% used [0x0000000784000000,0x0000000784000000,0x0000000784a80000)
 ParOldGen       total 175104K, used 24K [0x0000000700000000, 0x000000070ab00000, 0x0000000780000000)
  object space 175104K, 0% used [0x0000000700000000,0x0000000700006000,0x000000070ab00000)
 Metaspace       used 14976K, capacity 15430K, committed 15616K, reserved 1062912K
  class space    used 2135K, capacity 2231K, committed 2304K, reserved 1048576K

Card table byte_map: [0x0000029abb0b0000,0x0000029abb6c0000] byte_map_base: 0x0000029ab78b0000

Marking Bits: (ParMarkBitMap*) 0x000000005e45c860
 Begin Bits: [0x0000029abbac0000, 0x0000029abeac0000)
 End Bits:   [0x0000029abeac0000, 0x0000029ac1ac0000)

Polling page: 0x0000029aaa350000

CodeCache: size=245760Kb used=5463Kb max_used=5463Kb free=240296Kb
 bounds [0x0000029aabcf0000, 0x0000029aac250000, 0x0000029abacf0000]
 total_blobs=1949 nmethods=1541 adapters=321
 compilation: enabled

Compilation events (10 events):
Event: 2.757 Thread 0x0000029ac3378800 1538       3       org.gradle.internal.service.DefaultServiceRegistry::assertValidServiceType (51 bytes)
Event: 2.757 Thread 0x0000029ac3378800 nmethod 1538 0x0000029aac2463d0 code [0x0000029aac2465a0, 0x0000029aac246cb0]
Event: 2.763 Thread 0x0000029ac3378800 1540       3       jdk.internal.org.objectweb.asm.MethodWriter::visitAnnotation (82 bytes)
Event: 2.764 Thread 0x0000029ac3378800 nmethod 1540 0x0000029aac246f10 code [0x0000029aac2470e0, 0x0000029aac2477e0]
Event: 2.765 Thread 0x0000029ac3378800 1542       3       java.lang.reflect.Modifier::isProtected (12 bytes)
Event: 2.765 Thread 0x0000029ac3378800 nmethod 1542 0x0000029aac247b10 code [0x0000029aac247c60, 0x0000029aac247df8]
Event: 2.765 Thread 0x0000029ac3378800 1543       3       java.lang.invoke.MethodType::basicType (8 bytes)
Event: 2.765 Thread 0x0000029ac3378800 nmethod 1543 0x0000029aac247e90 code [0x0000029aac247fe0, 0x0000029aac2481d8]
Event: 2.766 Thread 0x0000029ac3378800 1544       3       java.util.concurrent.locks.AbstractOwnableSynchronizer::setExclusiveOwnerThread (6 bytes)
Event: 2.766 Thread 0x0000029ac3378800 nmethod 1544 0x0000029aac248290 code [0x0000029aac2483e0, 0x0000029aac248558]

GC Heap History (4 events):
Event: 0.746 GC heap before
{Heap before GC invocations=1 (full 0):
 PSYoungGen      total 76288K, used 65536K [0x0000000780000000, 0x0000000785500000, 0x00000007c0000000)
  eden space 65536K, 100% used [0x0000000780000000,0x0000000784000000,0x0000000784000000)
  from space 10752K, 0% used [0x0000000784a80000,0x0000000784a80000,0x0000000785500000)
  to   space 10752K, 0% used [0x0000000784000000,0x0000000784000000,0x0000000784a80000)
 ParOldGen       total 175104K, used 0K [0x0000000700000000, 0x000000070ab00000, 0x0000000780000000)
  object space 175104K, 0% used [0x0000000700000000,0x0000000700000000,0x000000070ab00000)
 Metaspace       used 7527K, capacity 7776K, committed 7936K, reserved 1056768K
  class space    used 939K, capacity 1022K, committed 1024K, reserved 1048576K
Event: 0.753 GC heap after
Heap after GC invocations=1 (full 0):
 PSYoungGen      total 76288K, used 6100K [0x0000000780000000, 0x0000000785500000, 0x00000007c0000000)
  eden space 65536K, 0% used [0x0000000780000000,0x0000000780000000,0x0000000784000000)
  from space 10752K, 56% used [0x0000000784000000,0x00000007845f5190,0x0000000784a80000)
  to   space 10752K, 0% used [0x0000000784a80000,0x0000000784a80000,0x0000000785500000)
 ParOldGen       total 175104K, used 8K [0x0000000700000000, 0x000000070ab00000, 0x0000000780000000)
  object space 175104K, 0% used [0x0000000700000000,0x0000000700002000,0x000000070ab00000)
 Metaspace       used 7527K, capacity 7776K, committed 7936K, reserved 1056768K
  class space    used 939K, capacity 1022K, committed 1024K, reserved 1048576K
}
Event: 2.586 GC heap before
{Heap before GC invocations=2 (full 0):
 PSYoungGen      total 76288K, used 71636K [0x0000000780000000, 0x0000000785500000, 0x00000007c0000000)
  eden space 65536K, 100% used [0x0000000780000000,0x0000000784000000,0x0000000784000000)
  from space 10752K, 56% used [0x0000000784000000,0x00000007845f5190,0x0000000784a80000)
  to   space 10752K, 0% used [0x0000000784a80000,0x0000000784a80000,0x0000000785500000)
 ParOldGen       total 175104K, used 8K [0x0000000700000000, 0x000000070ab00000, 0x0000000780000000)
  object space 175104K, 0% used [0x0000000700000000,0x0000000700002000,0x000000070ab00000)
 Metaspace       used 13568K, capacity 13938K, committed 14080K, reserved 1060864K
  class space    used 1880K, capacity 1995K, committed 2048K, reserved 1048576K
Event: 2.598 GC heap after
Heap after GC invocations=2 (full 0):
 PSYoungGen      total 76288K, used 8961K [0x0000000780000000, 0x0000000785500000, 0x00000007c0000000)
  eden space 65536K, 0% used [0x0000000780000000,0x0000000780000000,0x0000000784000000)
  from space 10752K, 83% used [0x0000000784a80000,0x00000007853407e0,0x0000000785500000)
  to   space 10752K, 0% used [0x0000000784000000,0x0000000784000000,0x0000000784a80000)
 ParOldGen       total 175104K, used 24K [0x0000000700000000, 0x000000070ab00000, 0x0000000780000000)
  object space 175104K, 0% used [0x0000000700000000,0x0000000700006000,0x000000070ab00000)
 Metaspace       used 13568K, capacity 13938K, committed 14080K, reserved 1060864K
  class space    used 1880K, capacity 1995K, committed 2048K, reserved 1048576K
}

Deoptimization events (10 events):
Event: 0.883 Thread 0x0000029aaa394800 Uncommon trap: reason=bimorphic action=maybe_recompile pc=0x0000029aabf087dc method=java.util.HashMap.putVal(ILjava/lang/Object;Ljava/lang/Object;ZZ)Ljava/lang/Object; @ 91
Event: 0.888 Thread 0x0000029aaa394800 Uncommon trap: reason=unstable_if action=reinterpret pc=0x0000029aac01f230 method=java.util.LinkedHashMap.afterNodeInsertion(Z)V @ 1
Event: 0.888 Thread 0x0000029aaa394800 Uncommon trap: reason=unstable_if action=reinterpret pc=0x0000029aabf506dc method=java.util.HashMap.getNode(ILjava/lang/Object;)Ljava/util/HashMap$Node; @ 129
Event: 0.935 Thread 0x0000029aaa394800 Uncommon trap: reason=unstable_if action=reinterpret pc=0x0000029aabf410dc method=java.util.HashMap.getNode(ILjava/lang/Object;)Ljava/util/HashMap$Node; @ 129
Event: 0.951 Thread 0x0000029aaa394800 Uncommon trap: reason=unstable_if action=reinterpret pc=0x0000029aac057b64 method=java.util.Properties$LineReader.readLine()I @ 323
Event: 1.832 Thread 0x0000029aaa394800 Uncommon trap: reason=unstable_if action=reinterpret pc=0x0000029aabf1ad34 method=java.io.WinNTFileSystem.normalize(Ljava/lang/String;)Ljava/lang/String; @ 128
Event: 1.832 Thread 0x0000029aaa394800 Uncommon trap: reason=unstable_if action=reinterpret pc=0x0000029aac026580 method=java.io.WinNTFileSystem.normalize(Ljava/lang/String;II)Ljava/lang/String; @ 90
Event: 2.677 Thread 0x0000029ac5e5e800 Uncommon trap: reason=unstable_if action=reinterpret pc=0x0000029aabfd78d0 method=java.io.File.equals(Ljava/lang/Object;)Z @ 1
Event: 2.677 Thread 0x0000029ac5e5e800 Uncommon trap: reason=unstable_if action=reinterpret pc=0x0000029aabec5cb0 method=java.io.WinNTFileSystem.resolve(Ljava/lang/String;Ljava/lang/String;)Ljava/lang/String; @ 117
Event: 2.757 Thread 0x0000029ac5e5e800 Uncommon trap: reason=class_check action=maybe_recompile pc=0x0000029aac0479d8 method=java.util.regex.Matcher.match(II)Z @ 86

Classes redefined (0 events):
No events

Internal exceptions (10 events):
Event: 0.226 Thread 0x0000029aaa394800 Exception <a 'java/security/PrivilegedActionException'> (0x0000000780c20340) thrown at [E:\jenkins\tmp\workspace\build\src\hotspot\src\share\vm\prims\jvm.cpp, line 1523]
Event: 0.226 Thread 0x0000029aaa394800 Exception <a 'java/security/PrivilegedActionException'> (0x0000000780c20550) thrown at [E:\jenkins\tmp\workspace\build\src\hotspot\src\share\vm\prims\jvm.cpp, line 1523]
Event: 0.228 Thread 0x0000029aaa394800 Exception <a 'java/security/PrivilegedActionException'> (0x0000000780c25500) thrown at [E:\jenkins\tmp\workspace\build\src\hotspot\src\share\vm\prims\jvm.cpp, line 1523]
Event: 0.228 Thread 0x0000029aaa394800 Exception <a 'java/security/PrivilegedActionException'> (0x0000000780c25710) thrown at [E:\jenkins\tmp\workspace\build\src\hotspot\src\share\vm\prims\jvm.cpp, line 1523]
Event: 0.297 Thread 0x0000029aaa394800 Exception <a 'java/lang/NoClassDefFoundError': org/slf4j/impl/StaticMarkerBinder> (0x0000000780f8e088) thrown at [E:\jenkins\tmp\workspace\build\src\hotspot\src\share\vm\classfile\systemDictionary.cpp, line 206]
Event: 0.395 Thread 0x0000029aaa394800 Implicit null exception at 0x0000029aabe6c59b to 0x0000029aabe6c76d
Event: 0.943 Thread 0x0000029aaa394800 Exception <a 'java/lang/NoSuchMethodError': java.lang.Object.lambda$get$0(Ljava/util/function/Supplier;Ljava/lang/Object;)Ljava/lang/Object;> (0x0000000782368d48) thrown at [E:\jenkins\tmp\workspace\build\src\hotspot\src\share\vm\interpreter\linkResolver.
Event: 2.403 Thread 0x0000029aaa394800 Exception <a 'java/io/IOException'> (0x00000007826fdf08) thrown at [E:\jenkins\tmp\workspace\build\src\hotspot\src\share\vm\prims\jni.cpp, line 711]
Event: 2.614 Thread 0x0000029ac5e5e800 Exception <a 'java/lang/NoSuchMethodError': java.lang.Object.lambda$static$0(Lorg/gradle/internal/state/ModelObject;)Ljava/lang/String;> (0x00000007801a3668) thrown at [E:\jenkins\tmp\workspace\build\src\hotspot\src\share\vm\interpreter\linkResolver.cpp, 
Event: 2.677 Thread 0x0000029ac5e5e800 Implicit null exception at 0x0000029aabfd72af to 0x0000029aabfd78c1

Events (10 events):
Event: 2.766 loading class org/gradle/cache/internal/cacheops/CacheOperationStack
Event: 2.766 loading class org/gradle/cache/internal/cacheops/CacheOperationStack done
Event: 2.766 loading class org/gradle/cache/internal/DefaultCacheFactory$DirCacheReference
Event: 2.766 loading class org/gradle/cache/internal/DefaultCacheFactory$DirCacheReference done
Event: 2.766 loading class org/gradle/cache/internal/DefaultCacheFactory$ReferenceTrackingCache
Event: 2.766 loading class org/gradle/cache/internal/DefaultCacheFactory$ReferenceTrackingCache done
Event: 2.767 loading class org/gradle/cache/internal/CleaningInMemoryCacheDecoratorFactory
Event: 2.767 loading class org/gradle/cache/internal/CleaningInMemoryCacheDecoratorFactory done
Event: 2.767 loading class org/gradle/cache/internal/DefaultInMemoryCacheDecoratorFactory
Event: 2.767 loading class org/gradle/cache/internal/DefaultInMemoryCacheDecoratorFactory done


Dynamic libraries:
0x00007ff7eaa50000 - 0x00007ff7eaa8a000 	C:\Program Files\Eclipse Adoptium\jdk-8.0.312.7-hotspot\bin\java.exe
0x00007ffccf110000 - 0x00007ffccf305000 	C:\Windows\SYSTEM32\ntdll.dll
0x00007ffccdf30000 - 0x00007ffccdfed000 	C:\Windows\System32\KERNEL32.DLL
0x00007ffcccc10000 - 0x00007ffccced7000 	C:\Windows\System32\KERNELBASE.dll
0x00007ffccef70000 - 0x00007ffccf01a000 	C:\Windows\System32\ADVAPI32.dll
0x00007ffcce8b0000 - 0x00007ffcce94e000 	C:\Windows\System32\msvcrt.dll
0x00007ffccde70000 - 0x00007ffccdf0b000 	C:\Windows\System32\sechost.dll
0x00007ffcce780000 - 0x00007ffcce8a3000 	C:\Windows\System32\RPCRT4.dll
0x00007ffccd850000 - 0x00007ffccd9f0000 	C:\Windows\System32\USER32.dll
0x00007ffccd0d0000 - 0x00007ffccd0f2000 	C:\Windows\System32\win32u.dll
0x00007ffccdb60000 - 0x00007ffccdb8a000 	C:\Windows\System32\GDI32.dll
0x00007ffccc890000 - 0x00007ffccc99a000 	C:\Windows\System32\gdi32full.dll
0x00007ffcccf30000 - 0x00007ffcccfcd000 	C:\Windows\System32\msvcp_win.dll
0x00007ffcccfd0000 - 0x00007ffccd0d0000 	C:\Windows\System32\ucrtbase.dll
0x00007ffcba760000 - 0x00007ffcba9fa000 	C:\Windows\WinSxS\amd64_microsoft.windows.common-controls_6595b64144ccf1df_6.0.19041.1_none_b555e41d4684ddec\COMCTL32.dll
0x00007ffcce010000 - 0x00007ffcce040000 	C:\Windows\System32\IMM32.DLL
0x00007ffc94790000 - 0x00007ffc9487f000 	C:\Program Files\Eclipse Adoptium\jdk-8.0.312.7-hotspot\jre\bin\msvcr120.dll
0x00007ffc946e0000 - 0x00007ffc94786000 	C:\Program Files\Eclipse Adoptium\jdk-8.0.312.7-hotspot\jre\bin\msvcp120.dll
0x000000005dc70000 - 0x000000005e4db000 	C:\Program Files\Eclipse Adoptium\jdk-8.0.312.7-hotspot\jre\bin\server\jvm.dll
0x00007ffccdcb0000 - 0x00007ffccdcb8000 	C:\Windows\System32\PSAPI.DLL
0x00007ffcbefc0000 - 0x00007ffcbefe7000 	C:\Windows\SYSTEM32\WINMM.dll
0x00007ffcc8530000 - 0x00007ffcc8539000 	C:\Windows\SYSTEM32\WSOCK32.dll
0x00007ffccef00000 - 0x00007ffccef6b000 	C:\Windows\System32\WS2_32.dll
0x00007ffcc6c70000 - 0x00007ffcc6c7a000 	C:\Windows\SYSTEM32\VERSION.dll
0x00007ffcc5960000 - 0x00007ffcc596f000 	C:\Program Files\Eclipse Adoptium\jdk-8.0.312.7-hotspot\jre\bin\verify.dll
0x00007ffc951f0000 - 0x00007ffc95219000 	C:\Program Files\Eclipse Adoptium\jdk-8.0.312.7-hotspot\jre\bin\java.dll
0x00007ffcaf350000 - 0x00007ffcaf366000 	C:\Program Files\Eclipse Adoptium\jdk-8.0.312.7-hotspot\jre\bin\zip.dll
0x00007ffcce040000 - 0x00007ffcce780000 	C:\Windows\System32\SHELL32.dll
0x00007ffccaa00000 - 0x00007ffccb191000 	C:\Windows\SYSTEM32\windows.storage.dll
0x00007ffccd340000 - 0x00007ffccd693000 	C:\Windows\System32\combase.dll
0x00007ffccc2e0000 - 0x00007ffccc30c000 	C:\Windows\SYSTEM32\Wldp.dll
0x00007ffccf020000 - 0x00007ffccf0ce000 	C:\Windows\System32\SHCORE.dll
0x00007ffcce950000 - 0x00007ffcce9a5000 	C:\Windows\System32\shlwapi.dll
0x00007ffccc7a0000 - 0x00007ffccc7bf000 	C:\Windows\SYSTEM32\profapi.dll
0x00007ffcaa320000 - 0x00007ffcaa33a000 	C:\Program Files\Eclipse Adoptium\jdk-8.0.312.7-hotspot\jre\bin\net.dll
0x00007ffccc060000 - 0x00007ffccc0ca000 	C:\Windows\system32\mswsock.dll
0x00007ffca8210000 - 0x00007ffca8222000 	C:\Program Files\Eclipse Adoptium\jdk-8.0.312.7-hotspot\jre\bin\nio.dll
0x00007ffc955b0000 - 0x00007ffc955d7000 	C:\Users\Jexel\.gradle\native\e1d6ef7f7dcc3fd88c89a11ec53ec762bb8ba0a96d01ffa2cd45eb1d1d8dd5c5\windows-amd64\native-platform.dll
0x00007ffc57620000 - 0x00007ffc57764000 	C:\Users\Jexel\.gradle\native\5664cfc778a61ccfe75a443a1ab52a65af34e5dc3c78e0209fed803814484fcb\windows-amd64\native-platform-file-events.dll
0x00007ffcbcbd0000 - 0x00007ffcbcbdd000 	C:\Program Files\Eclipse Adoptium\jdk-8.0.312.7-hotspot\jre\bin\management.dll
0x00007ffccc230000 - 0x00007ffccc248000 	C:\Windows\SYSTEM32\CRYPTSP.dll
0x00007ffccb980000 - 0x00007ffccb9b4000 	C:\Windows\system32\rsaenh.dll
0x00007ffccc860000 - 0x00007ffccc887000 	C:\Windows\System32\bcrypt.dll
0x00007ffccc760000 - 0x00007ffccc78e000 	C:\Windows\SYSTEM32\USERENV.dll
0x00007ffccd100000 - 0x00007ffccd17f000 	C:\Windows\System32\bcryptprimitives.dll
0x00007ffccc250000 - 0x00007ffccc25c000 	C:\Windows\SYSTEM32\CRYPTBASE.dll
0x00007ffccbd00000 - 0x00007ffccbd3b000 	C:\Windows\SYSTEM32\IPHLPAPI.DLL
0x00007ffcce000000 - 0x00007ffcce009000 	C:\Windows\System32\NSI.dll
0x00007ffcc6b80000 - 0x00007ffcc6b97000 	C:\Windows\SYSTEM32\dhcpcsvc6.DLL
0x00007ffcc6b60000 - 0x00007ffcc6b7d000 	C:\Windows\SYSTEM32\dhcpcsvc.DLL
0x00007ffccbd50000 - 0x00007ffccbe1a000 	C:\Windows\SYSTEM32\DNSAPI.dll

VM Arguments:
jvm_args: -Xmx3G -Dfile.encoding=windows-1252 -Duser.country=US -Duser.language=en -Duser.variant 
java_command: org.gradle.launcher.daemon.bootstrap.GradleDaemon 7.3
java_class_path (initial): C:\Users\Jexel\.gradle\wrapper\dists\gradle-7.3-bin\ddwl0k7mt9g6ak16i1m905vyv\gradle-7.3\lib\gradle-launcher-7.3.jar
Launcher Type: SUN_STANDARD

Environment Variables:
JAVA_HOME=C:\Program Files\Eclipse Adoptium\jdk-8.0.312.7-hotspot\
PATH=C:\Program Files\Eclipse Adoptium\jdk-17.0.1.12-hotspot\bin;C:\Program Files\Eclipse Adoptium\jdk-8.0.312.7-hotspot\bin;C:\Program Files (x86)\Common Files\Intel\Shared Libraries\redist\intel64_win\compiler;C:\Program Files (x86)\Common Files\Oracle\Java\javapath;C:\Windows\system32;C:\Windows;C:\Windows\System32\Wbem;C:\Windows\System32\WindowsPowerShell\v1.0\;C:\Windows\System32\OpenSSH\;C:\Program Files (x86)\NVIDIA Corporation\PhysX\Common;C:\Program Files\NVIDIA Corporation\NVIDIA NvDLISR;C:\Program Files\Git\cmd;C:\Program Files\dotnet\;C:\ProgramData\ComposerSetup\bin;C:\Users\Jexel\AppData\Local\Programs\Python\Python39\Scripts\;C:\Users\Jexel\AppData\Local\Programs\Python\Python39\;C:\Users\Jexel\AppData\Local\Programs\Python\Python35\Scripts\;C:\Users\Jexel\AppData\Local\Programs\Python\Python35\;C:\Users\Jexel\AppData\Local\Microsoft\WindowsApps;C:\Program Files\JetBrains\IntelliJ IDEA Community Edition 2021.2.2\bin;C:\Users\Jexel\AppData\Local\GitHubDesktop\bin;C:\Program Files\JetBrains\IntelliJ IDEA 2020.3.1\bin;C:\Users\Jexel\.dotnet\tools;C:\Users\Jexel\AppData\Local\Programs\Microsoft VS Code\bin;C:\Users\Jexel\Desktop\Vintage Renaissance Wiki;C:\Users\Jexel\AppData\Local\atom\bin;C:\Users\Jexel\AppData\Roaming\Composer\vendor\bin
USERNAME=Jexel
OS=Windows_NT
PROCESSOR_IDENTIFIER=AMD64 Family 23 Model 113 Stepping 0, AuthenticAMD



---------------  S Y S T E M  ---------------

OS: Windows 10.0 , 64 bit Build 19041 (10.0.19041.292)

CPU:total 6 (initial active 6) (6 cores per cpu, 1 threads per core) family 23 model 113 stepping 0, cmov, cx8, fxsr, mmx, sse, sse2, sse3, ssse3, sse4.1, sse4.2, popcnt, avx, avx2, aes, clmul, mmxext, 3dnowpref, lzcnt, sse4a, tsc, tscinvbit, tscinv, bmi1

Memory: 4k page, physical 16724684k(4160968k free), swap 19796684k(5312k free)

vm_info: OpenJDK 64-Bit Server VM (25.312-b07) for windows-amd64 JRE (1.8.0_312-b07), built on Oct 19 2021 15:47:56 by "jenkins" with MS VC++ 12.0 (VS2013)

time: Sun Oct 02 19:32:07 2022
timezone: Malay Peninsula Standard Time
elapsed time: 2.779052 seconds (0d 0h 0m 2s)

