#
# There is insufficient memory for the Java Runtime Environment to continue.
# Native memory allocation (malloc) failed to allocate 32744 bytes for ChunkPool::allocate
# Possible reasons:
#   The system is out of physical RAM or swap space
#   The process is running with CompressedOops enabled, and the Java Heap may be blocking the growth of the native heap
# Possible solutions:
#   Reduce memory load on the system
#   Increase physical memory or swap space
#   Check if swap backing store is full
#   Decrease Java heap size (-Xmx/-Xms)
#   Decrease number of Java threads
#   Decrease Java thread stack sizes (-Xss)
#   Set larger code cache with -XX:ReservedCodeCacheSize=
#   JVM is running with Zero Based Compressed Oops mode in which the Java heap is
#     placed in the first 32GB address space. The Java Heap base address is the
#     maximum limit for the native heap growth. Please use -XX:HeapBaseMinAddress
#     to set the Java Heap base and to place the Java Heap above 32GB virtual address.
# This output file may be truncated or incomplete.
#
#  Out of Memory Error (allocation.cpp:272), pid=13436, tid=0x0000000000002c48
#
# JRE version: OpenJDK Runtime Environment (8.0_312-b07) (build 1.8.0_312-b07)
# Java VM: OpenJDK 64-Bit Server VM (25.312-b07 mixed mode windows-amd64 compressed oops)
# Failed to write core dump. Minidumps are not enabled by default on client versions of Windows
#

---------------  T H R E A D  ---------------

Current thread (0x0000018b454e0800):  JavaThread "C2 CompilerThread0" daemon [_thread_in_native, id=11336, stack(0x0000000101200000,0x0000000101300000)]

Stack: [0x0000000101200000,0x0000000101300000]
[error occurred during error reporting (printing stack bounds), id 0xc0000005]

Native frames: (J=compiled Java code, j=interpreted, Vv=VM code, C=native code)


Current CompileTask:
C2:  10655 7621       4       org.gradle.internal.logging.text.AbstractLineChoppingStyledTextOutput::doAppend (43 bytes)


---------------  P R O C E S S  ---------------

Java Threads: ( => current thread )
  0x0000018b49bd6800 JavaThread "/127.0.0.1:50736 to /127.0.0.1:50737 workers Thread 5" [_thread_in_native, id=15656, stack(0x0000000108c00000,0x0000000108d00000)]
  0x0000018b46d00800 JavaThread "/127.0.0.1:50736 to /127.0.0.1:50737 workers Thread 4" [_thread_blocked, id=6608, stack(0x0000000108b00000,0x0000000108c00000)]
  0x0000018b46d00000 JavaThread "/127.0.0.1:50736 to /127.0.0.1:50737 workers Thread 3" [_thread_blocked, id=10688, stack(0x0000000108a00000,0x0000000108b00000)]
  0x0000018b46d04800 JavaThread "/127.0.0.1:50736 to /127.0.0.1:50737 workers Thread 2" [_thread_blocked, id=2200, stack(0x0000000108900000,0x0000000108a00000)]
  0x0000018b46d04000 JavaThread "/127.0.0.1:50736 to /127.0.0.1:50737 workers" [_thread_blocked, id=11396, stack(0x0000000108700000,0x0000000108800000)]
  0x0000018b46d03000 JavaThread "Exec process Thread 4" [_thread_in_native, id=15196, stack(0x0000000108800000,0x0000000108900000)]
  0x0000018b46cff000 JavaThread "Incoming local TCP Connector on port 50736" [_thread_blocked, id=940, stack(0x0000000108600000,0x0000000108700000)]
  0x0000018b46d01800 JavaThread "Build operations Thread 6" [_thread_blocked, id=11368, stack(0x0000000108500000,0x0000000108600000)]
  0x0000018b46cfe800 JavaThread "Build operations Thread 5" [_thread_blocked, id=13324, stack(0x0000000108400000,0x0000000108500000)]
  0x0000018b46d02800 JavaThread "Build operations Thread 4" [_thread_blocked, id=11544, stack(0x0000000108300000,0x0000000108400000)]
  0x0000018b46cf6800 JavaThread "Build operations Thread 3" [_thread_blocked, id=5924, stack(0x0000000108200000,0x0000000108300000)]
  0x0000018b46cfd800 JavaThread "Build operations Thread 2" [_thread_blocked, id=13580, stack(0x0000000108100000,0x0000000108200000)]
  0x0000018b46cf7800 JavaThread "Build operations" [_thread_blocked, id=11060, stack(0x0000000108000000,0x0000000108100000)]
  0x0000018b46cf5800 JavaThread "Cache worker for Java compile cache (C:\Users\Jexel\.gradle\caches\7.3\javaCompile)" [_thread_blocked, id=15268, stack(0x0000000107f00000,0x0000000108000000)]
  0x0000018b46cfb000 JavaThread "Cache worker for execution history cache (C:\Users\Jexel\Desktop\IsleOfBerk\.gradle\7.3\executionHistory)" [_thread_blocked, id=2132, stack(0x0000000107e00000,0x0000000107f00000)]
  0x0000018b46cfc000 JavaThread "Execution worker for ':' Thread 5" [_thread_blocked, id=8480, stack(0x0000000107d00000,0x0000000107e00000)]
  0x0000018b46cfa800 JavaThread "Execution worker for ':' Thread 4" [_thread_blocked, id=2400, stack(0x0000000107c00000,0x0000000107d00000)]
  0x0000018b46cf9800 JavaThread "Execution worker for ':' Thread 3" [_thread_blocked, id=3876, stack(0x0000000107b00000,0x0000000107c00000)]
  0x0000018b46cf9000 JavaThread "Execution worker for ':' Thread 2" [_thread_blocked, id=4884, stack(0x0000000107a00000,0x0000000107b00000)]
  0x0000018b46cf8000 JavaThread "Execution worker for ':'" [_thread_blocked, id=11636, stack(0x0000000105c00000,0x0000000105d00000)]
  0x0000018b48966800 JavaThread "Unconstrained build operations Thread 60" [_thread_blocked, id=15436, stack(0x0000000107900000,0x0000000107a00000)]
  0x0000018b48965800 JavaThread "Unconstrained build operations Thread 59" [_thread_blocked, id=1696, stack(0x0000000107800000,0x0000000107900000)]
  0x0000018b48965000 JavaThread "Unconstrained build operations Thread 58" [_thread_blocked, id=9104, stack(0x0000000107700000,0x0000000107800000)]
  0x0000018b48964000 JavaThread "Unconstrained build operations Thread 57" [_thread_blocked, id=944, stack(0x0000000107600000,0x0000000107700000)]
  0x0000018b48963800 JavaThread "Unconstrained build operations Thread 56" [_thread_blocked, id=12316, stack(0x0000000107500000,0x0000000107600000)]
  0x0000018b48962800 JavaThread "Unconstrained build operations Thread 55" [_thread_blocked, id=5904, stack(0x0000000107400000,0x0000000107500000)]
  0x0000018b4895a800 JavaThread "Unconstrained build operations Thread 54" [_thread_blocked, id=2208, stack(0x0000000107300000,0x0000000107400000)]
  0x0000018b48961800 JavaThread "Unconstrained build operations Thread 53" [_thread_blocked, id=5968, stack(0x0000000107200000,0x0000000107300000)]
  0x0000018b4895a000 JavaThread "Unconstrained build operations Thread 52" [_thread_blocked, id=13956, stack(0x0000000107100000,0x0000000107200000)]
  0x0000018b48961000 JavaThread "Unconstrained build operations Thread 51" [_thread_blocked, id=16116, stack(0x0000000107000000,0x0000000107100000)]
  0x0000018b48959000 JavaThread "Unconstrained build operations Thread 50" [_thread_blocked, id=6064, stack(0x0000000106f00000,0x0000000107000000)]
  0x0000018b48960000 JavaThread "Unconstrained build operations Thread 49" [_thread_blocked, id=14684, stack(0x0000000106e00000,0x0000000106f00000)]
  0x0000018b4895b800 JavaThread "Unconstrained build operations Thread 48" [_thread_blocked, id=14736, stack(0x0000000106d00000,0x0000000106e00000)]
  0x0000018b48958800 JavaThread "Unconstrained build operations Thread 47" [_thread_blocked, id=6348, stack(0x0000000106c00000,0x0000000106d00000)]
  0x0000018b4895f800 JavaThread "Unconstrained build operations Thread 46" [_thread_blocked, id=4068, stack(0x0000000106b00000,0x0000000106c00000)]
  0x0000018b4895e800 JavaThread "Unconstrained build operations Thread 45" [_thread_blocked, id=12792, stack(0x0000000106a00000,0x0000000106b00000)]
  0x0000018b4895e000 JavaThread "Unconstrained build operations Thread 44" [_thread_blocked, id=7764, stack(0x0000000106900000,0x0000000106a00000)]
  0x0000018b4895d000 JavaThread "Unconstrained build operations Thread 43" [_thread_blocked, id=15076, stack(0x0000000106800000,0x0000000106900000)]
  0x0000018b4895c000 JavaThread "Unconstrained build operations Thread 42" [_thread_blocked, id=9968, stack(0x0000000106700000,0x0000000106800000)]
  0x0000018b4a5c7000 JavaThread "Unconstrained build operations Thread 41" [_thread_blocked, id=15728, stack(0x0000000106600000,0x0000000106700000)]
  0x0000018b4a5ce000 JavaThread "Unconstrained build operations Thread 40" [_thread_blocked, id=11888, stack(0x0000000106500000,0x0000000106600000)]
  0x0000018b4a5cc800 JavaThread "Unconstrained build operations Thread 39" [_thread_blocked, id=14740, stack(0x0000000106400000,0x0000000106500000)]
  0x0000018b4a5cc000 JavaThread "Unconstrained build operations Thread 38" [_thread_blocked, id=12844, stack(0x0000000106300000,0x0000000106400000)]
  0x0000018b4a5c8800 JavaThread "Unconstrained build operations Thread 37" [_thread_blocked, id=12232, stack(0x0000000106200000,0x0000000106300000)]
  0x0000018b4a5c8000 JavaThread "Unconstrained build operations Thread 36" [_thread_blocked, id=3848, stack(0x0000000106100000,0x0000000106200000)]
  0x0000018b4a5cd800 JavaThread "Unconstrained build operations Thread 35" [_thread_blocked, id=6116, stack(0x0000000106000000,0x0000000106100000)]
  0x0000018b4a5cb000 JavaThread "Exec process Thread 3" [_thread_in_native, id=8996, stack(0x0000000105f00000,0x0000000106000000)]
  0x0000018b4a5c9800 JavaThread "Exec process Thread 2" [_thread_blocked, id=2992, stack(0x0000000105e00000,0x0000000105f00000)]
  0x0000018b4a5ca800 JavaThread "Exec process" [_thread_in_native, id=2748, stack(0x0000000105d00000,0x0000000105e00000)]
  0x0000018b4a5c6800 JavaThread "ForkJoinPool.commonPool-worker-4" daemon [_thread_blocked, id=1256, stack(0x0000000105b00000,0x0000000105c00000)]
  0x0000018b4a5c5800 JavaThread "ForkJoinPool.commonPool-worker-3" daemon [_thread_blocked, id=8656, stack(0x0000000105a00000,0x0000000105b00000)]
  0x0000018b4a5c5000 JavaThread "ForkJoinPool.commonPool-worker-2" daemon [_thread_blocked, id=10420, stack(0x0000000105900000,0x0000000105a00000)]
  0x0000018b4a5c4000 JavaThread "ForkJoinPool.commonPool-worker-1" daemon [_thread_blocked, id=4932, stack(0x0000000105800000,0x0000000105900000)]
  0x0000018b4a5c3000 JavaThread "Memory manager" [_thread_blocked, id=7536, stack(0x0000000105700000,0x0000000105800000)]
  0x0000018b4a5c2800 JavaThread "Keep-Alive-Timer" daemon [_thread_blocked, id=3236, stack(0x0000000105600000,0x0000000105700000)]
  0x0000018b4a5c1800 JavaThread "Unconstrained build operations Thread 34" [_thread_blocked, id=8844, stack(0x0000000105500000,0x0000000105600000)]
  0x0000018b4a5c1000 JavaThread "Unconstrained build operations Thread 33" [_thread_blocked, id=13052, stack(0x0000000105400000,0x0000000105500000)]
  0x0000018b4a5c0000 JavaThread "Unconstrained build operations Thread 32" [_thread_blocked, id=2728, stack(0x0000000105300000,0x0000000105400000)]
  0x0000018b4a670800 JavaThread "Unconstrained build operations Thread 31" [_thread_blocked, id=12388, stack(0x0000000105200000,0x0000000105300000)]
  0x0000018b4a66e000 JavaThread "Unconstrained build operations Thread 30" [_thread_blocked, id=4732, stack(0x0000000105100000,0x0000000105200000)]
  0x0000018b4a66d000 JavaThread "Unconstrained build operations Thread 29" [_thread_blocked, id=2812, stack(0x0000000105000000,0x0000000105100000)]
  0x0000018b4a66c800 JavaThread "Unconstrained build operations Thread 28" [_thread_blocked, id=15396, stack(0x0000000104f00000,0x0000000105000000)]
  0x0000018b4a66f800 JavaThread "Unconstrained build operations Thread 27" [_thread_blocked, id=7716, stack(0x0000000104e00000,0x0000000104f00000)]
  0x0000018b4a66e800 JavaThread "Unconstrained build operations Thread 26" [_thread_blocked, id=13104, stack(0x0000000104d00000,0x0000000104e00000)]
  0x0000018b4a66b800 JavaThread "Unconstrained build operations Thread 25" [_thread_blocked, id=12384, stack(0x0000000104c00000,0x0000000104d00000)]
  0x0000018b4a671000 JavaThread "Unconstrained build operations Thread 24" [_thread_blocked, id=6576, stack(0x0000000104b00000,0x0000000104c00000)]
  0x0000018b4a663800 JavaThread "Unconstrained build operations Thread 23" [_thread_blocked, id=15688, stack(0x0000000104a00000,0x0000000104b00000)]
  0x0000018b4a66b000 JavaThread "Unconstrained build operations Thread 22" [_thread_blocked, id=32, stack(0x0000000104900000,0x0000000104a00000)]
  0x0000018b4a66a000 JavaThread "Unconstrained build operations Thread 21" [_thread_blocked, id=6000, stack(0x0000000104800000,0x0000000104900000)]
  0x0000018b4a662000 JavaThread "Unconstrained build operations Thread 20" [_thread_blocked, id=2168, stack(0x0000000104700000,0x0000000104800000)]
  0x0000018b4a669000 JavaThread "Unconstrained build operations Thread 19" [_thread_blocked, id=5256, stack(0x0000000104600000,0x0000000104700000)]
  0x0000018b4a668800 JavaThread "Unconstrained build operations Thread 18" [_thread_blocked, id=13188, stack(0x0000000104500000,0x0000000104600000)]
  0x0000018b4a667800 JavaThread "Unconstrained build operations Thread 17" [_thread_blocked, id=15772, stack(0x0000000104400000,0x0000000104500000)]
  0x0000018b4a665800 JavaThread "Unconstrained build operations Thread 16" [_thread_blocked, id=6740, stack(0x0000000104300000,0x0000000104400000)]
  0x0000018b4a663000 JavaThread "Unconstrained build operations Thread 15" [_thread_blocked, id=15504, stack(0x0000000104200000,0x0000000104300000)]
  0x0000018b4a664800 JavaThread "Unconstrained build operations Thread 14" [_thread_blocked, id=11776, stack(0x0000000104100000,0x0000000104200000)]
  0x0000018b4a666000 JavaThread "Unconstrained build operations Thread 13" [_thread_blocked, id=5492, stack(0x0000000104000000,0x0000000104100000)]
  0x0000018b4a667000 JavaThread "Unconstrained build operations Thread 12" [_thread_blocked, id=2696, stack(0x0000000103f00000,0x0000000104000000)]
  0x0000018b49625000 JavaThread "Unconstrained build operations Thread 11" [_thread_blocked, id=10876, stack(0x0000000103e00000,0x0000000103f00000)]
  0x0000018b49627800 JavaThread "Unconstrained build operations Thread 10" [_thread_blocked, id=11600, stack(0x0000000103d00000,0x0000000103e00000)]
  0x0000018b49624800 JavaThread "Unconstrained build operations Thread 9" [_thread_blocked, id=15880, stack(0x0000000103c00000,0x0000000103d00000)]
  0x0000018b49626800 JavaThread "Unconstrained build operations Thread 8" [_thread_blocked, id=3068, stack(0x0000000103b00000,0x0000000103c00000)]
  0x0000018b49626000 JavaThread "Unconstrained build operations Thread 7" [_thread_blocked, id=13504, stack(0x0000000103a00000,0x0000000103b00000)]
  0x0000018b49629000 JavaThread "Unconstrained build operations Thread 6" [_thread_blocked, id=13900, stack(0x0000000103900000,0x0000000103a00000)]
  0x0000018b4962a800 JavaThread "Unconstrained build operations Thread 5" [_thread_blocked, id=13248, stack(0x0000000103800000,0x0000000103900000)]
  0x0000018b49628000 JavaThread "Unconstrained build operations Thread 4" [_thread_blocked, id=7260, stack(0x0000000103700000,0x0000000103800000)]
  0x0000018b49623800 JavaThread "Unconstrained build operations Thread 3" [_thread_blocked, id=4056, stack(0x0000000103600000,0x0000000103700000)]
  0x0000018b4962a000 JavaThread "Unconstrained build operations Thread 2" [_thread_blocked, id=6868, stack(0x0000000103500000,0x0000000103600000)]
  0x0000018b4961b800 JavaThread "Unconstrained build operations" [_thread_blocked, id=7308, stack(0x0000000103400000,0x0000000103500000)]
  0x0000018b49620800 JavaThread "Cache worker for Build Output Cleanup Cache (C:\Users\Jexel\Desktop\IsleOfBerk\.gradle\buildOutputCleanup)" [_thread_blocked, id=464, stack(0x0000000103300000,0x0000000103400000)]
  0x0000018b4961f800 JavaThread "Cache worker for dependencies-accessors (C:\Users\Jexel\Desktop\IsleOfBerk\.gradle\7.3\dependencies-accessors)" [_thread_blocked, id=14936, stack(0x0000000103200000,0x0000000103300000)]
  0x0000018b4961e000 JavaThread "jar transforms Thread 6" [_thread_blocked, id=3140, stack(0x0000000103100000,0x0000000103200000)]
  0x0000018b4961d800 JavaThread "jar transforms Thread 5" [_thread_blocked, id=7336, stack(0x0000000103000000,0x0000000103100000)]
  0x0000018b49621000 JavaThread "jar transforms Thread 4" [_thread_blocked, id=12780, stack(0x0000000102f00000,0x0000000103000000)]
  0x0000018b49622000 JavaThread "jar transforms Thread 3" [_thread_blocked, id=3892, stack(0x0000000102e00000,0x0000000102f00000)]
  0x0000018b4961c800 JavaThread "Cache worker for file content cache (C:\Users\Jexel\.gradle\caches\7.3\fileContent)" [_thread_blocked, id=12624, stack(0x0000000102d00000,0x0000000102e00000)]
  0x0000018b467f2000 JavaThread "jar transforms Thread 2" [_thread_blocked, id=15124, stack(0x0000000102c00000,0x0000000102d00000)]
  0x0000018b467f1800 JavaThread "jar transforms" [_thread_blocked, id=4508, stack(0x0000000102b00000,0x0000000102c00000)]
  0x0000018b467f0800 JavaThread "Cache worker for execution history cache (C:\Users\Jexel\.gradle\caches\7.3\executionHistory)" [_thread_blocked, id=12984, stack(0x0000000102a00000,0x0000000102b00000)]
  0x0000018b467ec800 JavaThread "Cache worker for cache directory md-rule (C:\Users\Jexel\.gradle\caches\7.3\md-rule)" [_thread_blocked, id=10492, stack(0x0000000102900000,0x0000000102a00000)]
  0x0000018b467ed800 JavaThread "Cache worker for cache directory md-supplier (C:\Users\Jexel\.gradle\caches\7.3\md-supplier)" [_thread_blocked, id=8608, stack(0x0000000102800000,0x0000000102900000)]
  0x0000018b467ef000 JavaThread "Cache worker for checksums cache (C:\Users\Jexel\Desktop\IsleOfBerk\.gradle\7.3\checksums)" [_thread_blocked, id=4908, stack(0x0000000102700000,0x0000000102800000)]
  0x0000018b467ee800 JavaThread "File watcher consumer" daemon [_thread_blocked, id=12252, stack(0x0000000102600000,0x0000000102700000)]
  0x0000018b467f0000 JavaThread "File watcher server" daemon [_thread_in_native, id=6924, stack(0x0000000102500000,0x0000000102600000)]
  0x0000018b467ec000 JavaThread "Cache worker for file hash cache (C:\Users\Jexel\Desktop\IsleOfBerk\.gradle\7.3\fileHashes)" [_thread_blocked, id=11996, stack(0x0000000102400000,0x0000000102500000)]
  0x0000018b467eb000 JavaThread "Cache worker for file hash cache (C:\Users\Jexel\.gradle\caches\7.3\fileHashes)" [_thread_blocked, id=10280, stack(0x0000000102300000,0x0000000102400000)]
  0x0000018b47f63000 JavaThread "File lock request listener" [_thread_in_native, id=6860, stack(0x0000000102200000,0x0000000102300000)]
  0x0000018b47f9c800 JavaThread "Cache worker for journal cache (C:\Users\Jexel\.gradle\caches\journal-1)" [_thread_blocked, id=9396, stack(0x0000000102100000,0x0000000102200000)]
  0x0000018b47ecb800 JavaThread "Daemon client event forwarder" [_thread_blocked, id=1572, stack(0x0000000102000000,0x0000000102100000)]
  0x0000018b47e94000 JavaThread "Stdin handler" [_thread_blocked, id=1744, stack(0x0000000101f00000,0x0000000102000000)]
  0x0000018b47e8e800 JavaThread "Asynchronous log dispatcher for DefaultDaemonConnection: socket connection from /127.0.0.1:50728 to /127.0.0.1:50729" [_thread_blocked, id=15660, stack(0x0000000101e00000,0x0000000101f00000)]
  0x0000018b47ee6000 JavaThread "Daemon worker" [_thread_blocked, id=7896, stack(0x0000000101d00000,0x0000000101e00000)]
  0x0000018b47e8b800 JavaThread "Cancel handler" [_thread_blocked, id=11800, stack(0x0000000101c00000,0x0000000101d00000)]
  0x0000018b47e5b800 JavaThread "Handler for socket connection from /127.0.0.1:50728 to /127.0.0.1:50729" [_thread_in_native, id=10068, stack(0x0000000101b00000,0x0000000101c00000)]
  0x0000018b47e58800 JavaThread "Daemon" [_thread_blocked, id=720, stack(0x0000000101a00000,0x0000000101b00000)]
  0x0000018b47dad000 JavaThread "Daemon periodic checks" [_thread_blocked, id=8520, stack(0x0000000101900000,0x0000000101a00000)]
  0x0000018b47daa800 JavaThread "Incoming local TCP Connector on port 50728" [_thread_in_native, id=4052, stack(0x0000000101800000,0x0000000101900000)]
  0x0000018b47cef000 JavaThread "Daemon health stats" [_thread_blocked, id=5708, stack(0x0000000101700000,0x0000000101800000)]
  0x0000018b45559800 JavaThread "Service Thread" daemon [_thread_blocked, id=15596, stack(0x0000000101500000,0x0000000101600000)]
  0x0000018b454e2000 JavaThread "C1 CompilerThread2" daemon [_thread_blocked, id=15716, stack(0x0000000101400000,0x0000000101500000)]
  0x0000018b454dc000 JavaThread "C2 CompilerThread1" daemon [_thread_blocked, id=15072, stack(0x0000000101300000,0x0000000101400000)]
=>0x0000018b454e0800 JavaThread "C2 CompilerThread0" daemon [_thread_in_native, id=11336, stack(0x0000000101200000,0x0000000101300000)]
  0x0000018b454d6800 JavaThread "Attach Listener" daemon [_thread_blocked, id=15736, stack(0x0000000101100000,0x0000000101200000)]
  0x0000018b454d5800 JavaThread "Signal Dispatcher" daemon [_thread_blocked, id=6072, stack(0x0000000101000000,0x0000000101100000)]
  0x0000018b454a8000 JavaThread "Finalizer" daemon [_thread_blocked, id=1724, stack(0x0000000100f00000,0x0000000101000000)]
  0x0000018b44af7000 JavaThread "Reference Handler" daemon [_thread_blocked, id=1084, stack(0x0000000100e00000,0x0000000100f00000)]
  0x0000018b2c496800 JavaThread "main" [_thread_blocked, id=9520, stack(0x0000000100600000,0x0000000100700000)]

Other Threads:
  0x0000018b45482000 VMThread [stack: 0x0000000100d00000,0x0000000100e00000] [id=12736]
  0x0000018b4556e800 WatcherThread [stack: 0x0000000101600000,0x0000000101700000] [id=7964]

VM state:not at safepoint (normal execution)

VM Mutex/Monitor currently owned by a thread: None

heap address: 0x0000000700000000, size: 3072 MB, Compressed Oops mode: Zero based, Oop shift amount: 3
Narrow klass base: 0x0000000000000000, Narrow klass shift: 3
Compressed class space size: 1073741824 Address: 0x00000007c0000000

Heap:
 PSYoungGen      total 509952K, used 152274K [0x0000000780000000, 0x00000007add00000, 0x00000007c0000000)
  eden space 467456K, 23% used [0x0000000780000000,0x0000000786b39e90,0x000000079c880000)
  from space 42496K, 99% used [0x000000079c880000,0x000000079f1faa88,0x000000079f200000)
  to   space 66560K, 0% used [0x00000007a9c00000,0x00000007a9c00000,0x00000007add00000)
 ParOldGen       total 232448K, used 111080K [0x0000000700000000, 0x000000070e300000, 0x0000000780000000)
  object space 232448K, 47% used [0x0000000700000000,0x0000000706c7a0f8,0x000000070e300000)
 Metaspace       used 60693K, capacity 64940K, committed 65280K, reserved 1105920K
  class space    used 8614K, capacity 9385K, committed 9472K, reserved 1048576K

Card table byte_map: [0x0000018b3d1f0000,0x0000018b3d800000] byte_map_base: 0x0000018b399f0000

Marking Bits: (ParMarkBitMap*) 0x0000000076a1c860
 Begin Bits: [0x0000018b3dc00000, 0x0000018b40c00000)
 End Bits:   [0x0000018b40c00000, 0x0000018b43c00000)

Polling page: 0x0000018b2c5c0000

CodeCache: size=245760Kb used=22110Kb max_used=22110Kb free=223649Kb
 bounds [0x0000018b2de30000, 0x0000018b2f3e0000, 0x0000018b3ce30000]
 total_blobs=7562 nmethods=6744 adapters=731
 compilation: enabled

Compilation events (10 events):
Event: 10.328 Thread 0x0000018b454e2000 nmethod 7618 0x0000018b2f3d6150 code [0x0000018b2f3d64e0, 0x0000018b2f3d8260]
Event: 10.328 Thread 0x0000018b454e2000 7619       3       java.nio.Buffer::checkBounds (25 bytes)
Event: 10.328 Thread 0x0000018b454e2000 nmethod 7619 0x0000018b2f3d0a10 code [0x0000018b2f3d0b80, 0x0000018b2f3d0dd0]
Event: 10.328 Thread 0x0000018b454e2000 7620       3       sun.nio.ch.IOStatus::normalize (10 bytes)
Event: 10.328 Thread 0x0000018b454e2000 nmethod 7620 0x0000018b2f3d06d0 code [0x0000018b2f3d0820, 0x0000018b2f3d0998]
Event: 10.652 Thread 0x0000018b454e0800 7621       4       org.gradle.internal.logging.text.AbstractLineChoppingStyledTextOutput::doAppend (43 bytes)
Event: 10.652 Thread 0x0000018b454e2000 7622       3       org.gradle.internal.io.LineBufferingOutputStream::write (59 bytes)
Event: 10.653 Thread 0x0000018b454e2000 nmethod 7622 0x0000018b2f3d37d0 code [0x0000018b2f3d3a40, 0x0000018b2f3d49e0]
Event: 10.653 Thread 0x0000018b454e2000 7623       3       org.gradle.internal.io.LineBufferingOutputStream::endsWithLineSeparator (27 bytes)
Event: 10.653 Thread 0x0000018b454e2000 nmethod 7623 0x0000018b2f3d3410 code [0x0000018b2f3d3560, 0x0000018b2f3d3758]

GC Heap History (10 events):
Event: 6.815 GC heap before
{Heap before GC invocations=8 (full 2):
 PSYoungGen      total 272896K, used 262144K [0x0000000780000000, 0x0000000798c00000, 0x00000007c0000000)
  eden space 262144K, 100% used [0x0000000780000000,0x0000000790000000,0x0000000790000000)
  from space 10752K, 0% used [0x0000000790000000,0x0000000790000000,0x0000000790a80000)
  to   space 16896K, 0% used [0x0000000797b80000,0x0000000797b80000,0x0000000798c00000)
 ParOldGen       total 161792K, used 15525K [0x0000000700000000, 0x0000000709e00000, 0x0000000780000000)
  object space 161792K, 9% used [0x0000000700000000,0x0000000700f294d8,0x0000000709e00000)
 Metaspace       used 50281K, capacity 52710K, committed 52992K, reserved 1095680K
  class space    used 7099K, capacity 7584K, committed 7680K, reserved 1048576K
Event: 6.827 GC heap after
Heap after GC invocations=8 (full 2):
 PSYoungGen      total 378368K, used 16893K [0x0000000780000000, 0x0000000798c00000, 0x00000007c0000000)
  eden space 361472K, 0% used [0x0000000780000000,0x0000000780000000,0x0000000796100000)
  from space 16896K, 99% used [0x0000000797b80000,0x0000000798bff6d8,0x0000000798c00000)
  to   space 20480K, 0% used [0x0000000796400000,0x0000000796400000,0x0000000797800000)
 ParOldGen       total 161792K, used 16677K [0x0000000700000000, 0x0000000709e00000, 0x0000000780000000)
  object space 161792K, 10% used [0x0000000700000000,0x0000000701049610,0x0000000709e00000)
 Metaspace       used 50281K, capacity 52710K, committed 52992K, reserved 1095680K
  class space    used 7099K, capacity 7584K, committed 7680K, reserved 1048576K
}
Event: 8.174 GC heap before
{Heap before GC invocations=9 (full 2):
 PSYoungGen      total 378368K, used 265418K [0x0000000780000000, 0x0000000798c00000, 0x00000007c0000000)
  eden space 361472K, 68% used [0x0000000780000000,0x000000078f2b3438,0x0000000796100000)
  from space 16896K, 99% used [0x0000000797b80000,0x0000000798bff6d8,0x0000000798c00000)
  to   space 20480K, 0% used [0x0000000796400000,0x0000000796400000,0x0000000797800000)
 ParOldGen       total 161792K, used 16677K [0x0000000700000000, 0x0000000709e00000, 0x0000000780000000)
  object space 161792K, 10% used [0x0000000700000000,0x0000000701049610,0x0000000709e00000)
 Metaspace       used 55748K, capacity 58952K, committed 59096K, reserved 1099776K
  class space    used 7853K, capacity 8473K, committed 8576K, reserved 1048576K
Event: 8.189 GC heap after
Heap after GC invocations=9 (full 2):
 PSYoungGen      total 385024K, used 19706K [0x0000000780000000, 0x00000007a0900000, 0x00000007c0000000)
  eden space 364544K, 0% used [0x0000000780000000,0x0000000780000000,0x0000000796400000)
  from space 20480K, 96% used [0x0000000796400000,0x000000079773e9a0,0x0000000797800000)
  to   space 23552K, 0% used [0x000000079f200000,0x000000079f200000,0x00000007a0900000)
 ParOldGen       total 161792K, used 16749K [0x0000000700000000, 0x0000000709e00000, 0x0000000780000000)
  object space 161792K, 10% used [0x0000000700000000,0x000000070105b620,0x0000000709e00000)
 Metaspace       used 55748K, capacity 58952K, committed 59096K, reserved 1099776K
  class space    used 7853K, capacity 8473K, committed 8576K, reserved 1048576K
}
Event: 8.189 GC heap before
{Heap before GC invocations=10 (full 3):
 PSYoungGen      total 385024K, used 19706K [0x0000000780000000, 0x00000007a0900000, 0x00000007c0000000)
  eden space 364544K, 0% used [0x0000000780000000,0x0000000780000000,0x0000000796400000)
  from space 20480K, 96% used [0x0000000796400000,0x000000079773e9a0,0x0000000797800000)
  to   space 23552K, 0% used [0x000000079f200000,0x000000079f200000,0x00000007a0900000)
 ParOldGen       total 161792K, used 16749K [0x0000000700000000, 0x0000000709e00000, 0x0000000780000000)
  object space 161792K, 10% used [0x0000000700000000,0x000000070105b620,0x0000000709e00000)
 Metaspace       used 55748K, capacity 58952K, committed 59096K, reserved 1099776K
  class space    used 7853K, capacity 8473K, committed 8576K, reserved 1048576K
Event: 8.296 GC heap after
Heap after GC invocations=10 (full 3):
 PSYoungGen      total 385024K, used 0K [0x0000000780000000, 0x00000007a0900000, 0x00000007c0000000)
  eden space 364544K, 0% used [0x0000000780000000,0x0000000780000000,0x0000000796400000)
  from space 20480K, 0% used [0x0000000796400000,0x0000000796400000,0x0000000797800000)
  to   space 23552K, 0% used [0x000000079f200000,0x000000079f200000,0x00000007a0900000)
 ParOldGen       total 232448K, used 33546K [0x0000000700000000, 0x000000070e300000, 0x0000000780000000)
  object space 232448K, 14% used [0x0000000700000000,0x00000007020c2998,0x000000070e300000)
 Metaspace       used 55697K, capacity 58778K, committed 59096K, reserved 1099776K
  class space    used 7836K, capacity 8444K, committed 8576K, reserved 1048576K
}
Event: 8.919 GC heap before
{Heap before GC invocations=11 (full 3):
 PSYoungGen      total 385024K, used 364544K [0x0000000780000000, 0x00000007a0900000, 0x00000007c0000000)
  eden space 364544K, 100% used [0x0000000780000000,0x0000000796400000,0x0000000796400000)
  from space 20480K, 0% used [0x0000000796400000,0x0000000796400000,0x0000000797800000)
  to   space 23552K, 0% used [0x000000079f200000,0x000000079f200000,0x00000007a0900000)
 ParOldGen       total 232448K, used 33546K [0x0000000700000000, 0x000000070e300000, 0x0000000780000000)
  object space 232448K, 14% used [0x0000000700000000,0x00000007020c2998,0x000000070e300000)
 Metaspace       used 56435K, capacity 59730K, committed 59776K, reserved 1099776K
  class space    used 7940K, capacity 8574K, committed 8576K, reserved 1048576K
Event: 8.952 GC heap after
Heap after GC invocations=11 (full 3):
 PSYoungGen      total 491008K, used 23543K [0x0000000780000000, 0x00000007a5580000, 0x00000007c0000000)
  eden space 467456K, 0% used [0x0000000780000000,0x0000000780000000,0x000000079c880000)
  from space 23552K, 99% used [0x000000079f200000,0x00000007a08fdfa0,0x00000007a0900000)
  to   space 42496K, 0% used [0x000000079c880000,0x000000079c880000,0x000000079f200000)
 ParOldGen       total 232448K, used 69696K [0x0000000700000000, 0x000000070e300000, 0x0000000780000000)
  object space 232448K, 29% used [0x0000000700000000,0x0000000704410288,0x000000070e300000)
 Metaspace       used 56435K, capacity 59730K, committed 59776K, reserved 1099776K
  class space    used 7940K, capacity 8574K, committed 8576K, reserved 1048576K
}
Event: 9.702 GC heap before
{Heap before GC invocations=12 (full 3):
 PSYoungGen      total 491008K, used 490999K [0x0000000780000000, 0x00000007a5580000, 0x00000007c0000000)
  eden space 467456K, 100% used [0x0000000780000000,0x000000079c880000,0x000000079c880000)
  from space 23552K, 99% used [0x000000079f200000,0x00000007a08fdfa0,0x00000007a0900000)
  to   space 42496K, 0% used [0x000000079c880000,0x000000079c880000,0x000000079f200000)
 ParOldGen       total 232448K, used 69696K [0x0000000700000000, 0x000000070e300000, 0x0000000780000000)
  object space 232448K, 29% used [0x0000000700000000,0x0000000704410288,0x000000070e300000)
 Metaspace       used 59672K, capacity 63828K, committed 64128K, reserved 1103872K
  class space    used 8460K, capacity 9245K, committed 9344K, reserved 1048576K
Event: 9.756 GC heap after
Heap after GC invocations=12 (full 3):
 PSYoungGen      total 509952K, used 42474K [0x0000000780000000, 0x00000007add00000, 0x00000007c0000000)
  eden space 467456K, 0% used [0x0000000780000000,0x0000000780000000,0x000000079c880000)
  from space 42496K, 99% used [0x000000079c880000,0x000000079f1faa88,0x000000079f200000)
  to   space 66560K, 0% used [0x00000007a9c00000,0x00000007a9c00000,0x00000007add00000)
 ParOldGen       total 232448K, used 111080K [0x0000000700000000, 0x000000070e300000, 0x0000000780000000)
  object space 232448K, 47% used [0x0000000700000000,0x0000000706c7a0f8,0x000000070e300000)
 Metaspace       used 59672K, capacity 63828K, committed 64128K, reserved 1103872K
  class space    used 8460K, capacity 9245K, committed 9344K, reserved 1048576K
}

Deoptimization events (10 events):
Event: 9.762 Thread 0x0000018b46cf5800 Uncommon trap: reason=bimorphic action=maybe_recompile pc=0x0000018b2e1a8ad8 method=java.io.BufferedInputStream.read1([BII)I @ 39
Event: 9.771 Thread 0x0000018b46cf5800 Uncommon trap: reason=bimorphic action=maybe_recompile pc=0x0000018b2e259f64 method=java.io.BufferedInputStream.read1([BII)I @ 39
Event: 9.922 Thread 0x0000018b47ee6000 Uncommon trap: reason=predicate action=maybe_recompile pc=0x0000018b2eff9df0 method=java.util.Iterator.forEachRemaining(Ljava/util/function/Consumer;)V @ 14
Event: 9.932 Thread 0x0000018b47ee6000 Uncommon trap: reason=unstable_if action=reinterpret pc=0x0000018b2f2bb1a0 method=org.gradle.api.internal.file.pattern.FixedStepPathMatcher.matches([Ljava/lang/String;I)Z @ 10
Event: 10.012 Thread 0x0000018b47ee6000 Uncommon trap: reason=unstable_if action=reinterpret pc=0x0000018b2edfbaa4 method=java.util.TreeMap.put(Ljava/lang/Object;Ljava/lang/Object;)Ljava/lang/Object; @ 163
Event: 10.029 Thread 0x0000018b47ee6000 Uncommon trap: reason=unstable_if action=reinterpret pc=0x0000018b2e6bfbb0 method=java.lang.Class.arrayContentsEq([Ljava/lang/Object;[Ljava/lang/Object;)Z @ 1
Event: 10.073 Thread 0x0000018b47ee6000 Uncommon trap: reason=class_check action=maybe_recompile pc=0x0000018b2e433c44 method=java.io.DataOutputStream.write(I)V @ 5
Event: 10.073 Thread 0x0000018b47ee6000 Uncommon trap: reason=class_check action=maybe_recompile pc=0x0000018b2e433c44 method=java.io.DataOutputStream.write(I)V @ 5
Event: 10.073 Thread 0x0000018b47ee6000 Uncommon trap: reason=class_check action=maybe_recompile pc=0x0000018b2e433c44 method=java.io.DataOutputStream.write(I)V @ 5
Event: 10.073 Thread 0x0000018b47ee6000 Uncommon trap: reason=class_check action=maybe_recompile pc=0x0000018b2e433c44 method=java.io.DataOutputStream.write(I)V @ 5

Classes redefined (0 events):
No events

Internal exceptions (10 events):
Event: 10.018 Thread 0x0000018b47ee6000 Exception <a 'java/lang/NoSuchMethodError': <clinit>> (0x0000000785ca1df8) thrown at [E:\jenkins\tmp\workspace\build\src\hotspot\src\share\vm\prims\jni.cpp, line 1616]
Event: 10.020 Thread 0x0000018b47ee6000 Exception <a 'java/lang/NoSuchMethodError': <clinit>> (0x0000000785ce6f58) thrown at [E:\jenkins\tmp\workspace\build\src\hotspot\src\share\vm\prims\jni.cpp, line 1616]
Event: 10.022 Thread 0x0000018b47ee6000 Exception <a 'java/lang/NoSuchMethodError': <clinit>> (0x0000000785d2eed0) thrown at [E:\jenkins\tmp\workspace\build\src\hotspot\src\share\vm\prims\jni.cpp, line 1616]
Event: 10.022 Thread 0x0000018b47ee6000 Exception <a 'java/lang/NoSuchMethodError': <clinit>> (0x0000000785d51d78) thrown at [E:\jenkins\tmp\workspace\build\src\hotspot\src\share\vm\prims\jni.cpp, line 1616]
Event: 10.023 Thread 0x0000018b47ee6000 Exception <a 'java/lang/NoSuchMethodError': <clinit>> (0x0000000785d593c8) thrown at [E:\jenkins\tmp\workspace\build\src\hotspot\src\share\vm\prims\jni.cpp, line 1616]
Event: 10.029 Thread 0x0000018b47ee6000 Implicit null exception at 0x0000018b2e6bf92a to 0x0000018b2e6bfba1
Event: 10.034 Thread 0x0000018b47ee6000 Exception <a 'java/lang/NoSuchMethodError': <clinit>> (0x0000000785e28970) thrown at [E:\jenkins\tmp\workspace\build\src\hotspot\src\share\vm\prims\jni.cpp, line 1616]
Event: 10.036 Thread 0x0000018b47ee6000 Exception <a 'java/lang/NoSuchMethodError': <clinit>> (0x0000000785ea6a40) thrown at [E:\jenkins\tmp\workspace\build\src\hotspot\src\share\vm\prims\jni.cpp, line 1616]
Event: 10.036 Thread 0x0000018b47ee6000 Exception <a 'java/lang/NoSuchMethodError': <clinit>> (0x0000000785eaa4b0) thrown at [E:\jenkins\tmp\workspace\build\src\hotspot\src\share\vm\prims\jni.cpp, line 1616]
Event: 10.074 Thread 0x0000018b47ee6000 Exception <a 'java/lang/NoSuchMethodError': <clinit>> (0x00000007863e84e8) thrown at [E:\jenkins\tmp\workspace\build\src\hotspot\src\share\vm\prims\jni.cpp, line 1616]

Events (10 events):
Event: 10.506 loading class sun/security/ssl/Alert$Level
Event: 10.506 loading class sun/security/ssl/Alert$Level done
Event: 10.507 Executing VM operation: RevokeBias
Event: 10.507 Executing VM operation: RevokeBias done
Event: 10.507 loading class java/util/Collections$SynchronizedRandomAccessList
Event: 10.507 loading class java/util/Collections$SynchronizedList
Event: 10.507 loading class java/util/Collections$SynchronizedList done
Event: 10.507 loading class java/util/Collections$SynchronizedRandomAccessList done
Event: 10.507 Executing VM operation: RevokeBias
Event: 10.507 Executing VM operation: RevokeBias done


Dynamic libraries:
0x00007ff7951d0000 - 0x00007ff79520a000 	C:\Program Files\Eclipse Adoptium\jdk-8.0.312.7-hotspot\bin\java.exe
0x00007ffe835d0000 - 0x00007ffe837c5000 	C:\Windows\SYSTEM32\ntdll.dll
0x00007ffe81e20000 - 0x00007ffe81edd000 	C:\Windows\System32\KERNEL32.DLL
0x00007ffe80d20000 - 0x00007ffe80fe7000 	C:\Windows\System32\KERNELBASE.dll
0x00007ffe82010000 - 0x00007ffe820ba000 	C:\Windows\System32\ADVAPI32.dll
0x00007ffe81ee0000 - 0x00007ffe81f7e000 	C:\Windows\System32\msvcrt.dll
0x00007ffe82280000 - 0x00007ffe8231b000 	C:\Windows\System32\sechost.dll
0x00007ffe82b10000 - 0x00007ffe82c33000 	C:\Windows\System32\RPCRT4.dll
0x00007ffe81640000 - 0x00007ffe817e0000 	C:\Windows\System32\USER32.dll
0x00007ffe81500000 - 0x00007ffe81522000 	C:\Windows\System32\win32u.dll
0x00007ffe823a0000 - 0x00007ffe823ca000 	C:\Windows\System32\GDI32.dll
0x00007ffe81530000 - 0x00007ffe8163a000 	C:\Windows\System32\gdi32full.dll
0x00007ffe812e0000 - 0x00007ffe8137d000 	C:\Windows\System32\msvcp_win.dll
0x00007ffe80ff0000 - 0x00007ffe810f0000 	C:\Windows\System32\ucrtbase.dll
0x00007ffe704c0000 - 0x00007ffe7075a000 	C:\Windows\WinSxS\amd64_microsoft.windows.common-controls_6595b64144ccf1df_6.0.19041.1_none_b555e41d4684ddec\COMCTL32.dll
0x00007ffe81f80000 - 0x00007ffe81fb0000 	C:\Windows\System32\IMM32.DLL
0x00007ffe495a0000 - 0x00007ffe4968f000 	C:\Program Files\Eclipse Adoptium\jdk-8.0.312.7-hotspot\jre\bin\msvcr120.dll
0x00007ffe491d0000 - 0x00007ffe49276000 	C:\Program Files\Eclipse Adoptium\jdk-8.0.312.7-hotspot\jre\bin\msvcp120.dll
0x0000000076230000 - 0x0000000076a9b000 	C:\Program Files\Eclipse Adoptium\jdk-8.0.312.7-hotspot\jre\bin\server\jvm.dll
0x00007ffe817e0000 - 0x00007ffe817e8000 	C:\Windows\System32\PSAPI.DLL
0x00007ffe7d500000 - 0x00007ffe7d509000 	C:\Windows\SYSTEM32\WSOCK32.dll
0x00007ffe82320000 - 0x00007ffe8238b000 	C:\Windows\System32\WS2_32.dll
0x00007ffe74ce0000 - 0x00007ffe74d07000 	C:\Windows\SYSTEM32\WINMM.dll
0x00007ffe7b290000 - 0x00007ffe7b29a000 	C:\Windows\SYSTEM32\VERSION.dll
0x00007ffe62800000 - 0x00007ffe6280f000 	C:\Program Files\Eclipse Adoptium\jdk-8.0.312.7-hotspot\jre\bin\verify.dll
0x00007ffe50e00000 - 0x00007ffe50e29000 	C:\Program Files\Eclipse Adoptium\jdk-8.0.312.7-hotspot\jre\bin\java.dll
0x00007ffe5e850000 - 0x00007ffe5e866000 	C:\Program Files\Eclipse Adoptium\jdk-8.0.312.7-hotspot\jre\bin\zip.dll
0x00007ffe823d0000 - 0x00007ffe82b10000 	C:\Windows\System32\SHELL32.dll
0x00007ffe7eec0000 - 0x00007ffe7f651000 	C:\Windows\SYSTEM32\windows.storage.dll
0x00007ffe83230000 - 0x00007ffe83583000 	C:\Windows\System32\combase.dll
0x00007ffe807a0000 - 0x00007ffe807cc000 	C:\Windows\SYSTEM32\Wldp.dll
0x00007ffe83120000 - 0x00007ffe831ce000 	C:\Windows\System32\SHCORE.dll
0x00007ffe81fb0000 - 0x00007ffe82005000 	C:\Windows\System32\shlwapi.dll
0x00007ffe80c60000 - 0x00007ffe80c7f000 	C:\Windows\SYSTEM32\profapi.dll
0x00007ffe55e70000 - 0x00007ffe55e8a000 	C:\Program Files\Eclipse Adoptium\jdk-8.0.312.7-hotspot\jre\bin\net.dll
0x00007ffe80520000 - 0x00007ffe8058a000 	C:\Windows\system32\mswsock.dll
0x00007ffe506e0000 - 0x00007ffe506f2000 	C:\Program Files\Eclipse Adoptium\jdk-8.0.312.7-hotspot\jre\bin\nio.dll
0x00007ffe515e0000 - 0x00007ffe51607000 	C:\Users\Jexel\.gradle\native\e1d6ef7f7dcc3fd88c89a11ec53ec762bb8ba0a96d01ffa2cd45eb1d1d8dd5c5\windows-amd64\native-platform.dll
0x00007ffe48480000 - 0x00007ffe485c4000 	C:\Users\Jexel\.gradle\native\5664cfc778a61ccfe75a443a1ab52a65af34e5dc3c78e0209fed803814484fcb\windows-amd64\native-platform-file-events.dll
0x00007ffe61630000 - 0x00007ffe6163d000 	C:\Program Files\Eclipse Adoptium\jdk-8.0.312.7-hotspot\jre\bin\management.dll
0x00007ffe806f0000 - 0x00007ffe80708000 	C:\Windows\SYSTEM32\CRYPTSP.dll
0x00007ffe7fe40000 - 0x00007ffe7fe74000 	C:\Windows\system32\rsaenh.dll
0x00007ffe812b0000 - 0x00007ffe812d7000 	C:\Windows\System32\bcrypt.dll
0x00007ffe80c20000 - 0x00007ffe80c4e000 	C:\Windows\SYSTEM32\USERENV.dll
0x00007ffe81480000 - 0x00007ffe814ff000 	C:\Windows\System32\bcryptprimitives.dll
0x00007ffe80710000 - 0x00007ffe8071c000 	C:\Windows\SYSTEM32\CRYPTBASE.dll
0x00007ffe801c0000 - 0x00007ffe801fb000 	C:\Windows\SYSTEM32\IPHLPAPI.DLL
0x00007ffe820c0000 - 0x00007ffe820c9000 	C:\Windows\System32\NSI.dll
0x00007ffe7b340000 - 0x00007ffe7b357000 	C:\Windows\SYSTEM32\dhcpcsvc6.DLL
0x00007ffe7b320000 - 0x00007ffe7b33d000 	C:\Windows\SYSTEM32\dhcpcsvc.DLL
0x00007ffe80210000 - 0x00007ffe802da000 	C:\Windows\SYSTEM32\DNSAPI.dll
0x00007ffe506b0000 - 0x00007ffe506d3000 	C:\Program Files\Eclipse Adoptium\jdk-8.0.312.7-hotspot\jre\bin\sunec.dll
0x00007ffe799f0000 - 0x00007ffe799fa000 	C:\Windows\System32\rasadhlp.dll
0x00007ffe78e80000 - 0x00007ffe78eff000 	C:\Windows\System32\fwpuclnt.dll
0x00007ffe61600000 - 0x00007ffe6160c000 	C:\Program Files\Eclipse Adoptium\jdk-8.0.312.7-hotspot\jre\bin\sunmscapi.dll
0x00007ffe810f0000 - 0x00007ffe8124d000 	C:\Windows\System32\CRYPT32.dll
0x00007ffe80810000 - 0x00007ffe80837000 	C:\Windows\SYSTEM32\ncrypt.dll
0x00007ffe807d0000 - 0x00007ffe8080b000 	C:\Windows\SYSTEM32\NTASN1.dll
0x00007ffe7e400000 - 0x00007ffe7e490000 	C:\Windows\system32\apphelp.dll

VM Arguments:
jvm_args: -Xmx3G -Dfile.encoding=windows-1252 -Duser.country=US -Duser.language=en -Duser.variant 
java_command: org.gradle.launcher.daemon.bootstrap.GradleDaemon 7.3
java_class_path (initial): C:\Users\Jexel\.gradle\wrapper\dists\gradle-7.3-bin\ddwl0k7mt9g6ak16i1m905vyv\gradle-7.3\lib\gradle-launcher-7.3.jar
Launcher Type: SUN_STANDARD

Environment Variables:
JAVA_HOME=C:\Program Files\Eclipse Adoptium\jdk-8.0.312.7-hotspot\
PATH=C:\Program Files\Eclipse Adoptium\jdk-17.0.1.12-hotspot\bin;C:\Program Files\Eclipse Adoptium\jdk-8.0.312.7-hotspot\bin;C:\Program Files (x86)\Common Files\Intel\Shared Libraries\redist\intel64_win\compiler;C:\Program Files (x86)\Common Files\Oracle\Java\javapath;C:\Windows\system32;C:\Windows;C:\Windows\System32\Wbem;C:\Windows\System32\WindowsPowerShell\v1.0\;C:\Windows\System32\OpenSSH\;C:\Program Files (x86)\NVIDIA Corporation\PhysX\Common;C:\Program Files\NVIDIA Corporation\NVIDIA NvDLISR;C:\Program Files\Git\cmd;C:\Program Files\dotnet\;C:\ProgramData\ComposerSetup\bin;C:\Users\Jexel\AppData\Local\Programs\Python\Python39\Scripts\;C:\Users\Jexel\AppData\Local\Programs\Python\Python39\;C:\Users\Jexel\AppData\Local\Programs\Python\Python35\Scripts\;C:\Users\Jexel\AppData\Local\Programs\Python\Python35\;C:\Users\Jexel\AppData\Local\Microsoft\WindowsApps;C:\Program Files\JetBrains\IntelliJ IDEA Community Edition 2021.2.2\bin;C:\Users\Jexel\AppData\Local\GitHubDesktop\bin;C:\Program Files\JetBrains\IntelliJ IDEA 2020.3.1\bin;C:\Users\Jexel\.dotnet\tools;C:\Users\Jexel\AppData\Local\Programs\Microsoft VS Code\bin;C:\Users\Jexel\Desktop\Vintage Renaissance Wiki;C:\Users\Jexel\AppData\Local\atom\bin;C:\Users\Jexel\AppData\Roaming\Composer\vendor\bin
USERNAME=Jexel
OS=Windows_NT
PROCESSOR_IDENTIFIER=AMD64 Family 23 Model 113 Stepping 0, AuthenticAMD



---------------  S Y S T E M  ---------------

OS: Windows 10.0 , 64 bit Build 19041 (10.0.19041.292)

CPU:total 6 (initial active 6) (6 cores per cpu, 1 threads per core) family 23 model 113 stepping 0, cmov, cx8, fxsr, mmx, sse, sse2, sse3, ssse3, sse4.1, sse4.2, popcnt, avx, avx2, aes, clmul, mmxext, 3dnowpref, lzcnt, sse4a, tsc, tscinvbit, tscinv, bmi1

Memory: 4k page, physical 16724684k(4153188k free), swap 19796684k(4292k free)

vm_info: OpenJDK 64-Bit Server VM (25.312-b07) for windows-amd64 JRE (1.8.0_312-b07), built on Oct 19 2021 15:47:56 by "jenkins" with MS VC++ 12.0 (VS2013)

time: Wed Oct 05 17:52:30 2022
timezone: Malay Peninsula Standard Time
elapsed time: 10.663443 seconds (0d 0h 0m 10s)

