#
# There is insufficient memory for the Java Runtime Environment to continue.
# Native memory allocation (malloc) failed to allocate 967216 bytes for Chunk::new
# Possible reasons:
#   The system is out of physical RAM or swap space
#   The process is running with CompressedOops enabled, and the Java Heap may be blocking the growth of the native heap
# Possible solutions:
#   Reduce memory load on the system
#   Increase physical memory or swap space
#   Check if swap backing store is full
#   Decrease Java heap size (-Xmx/-Xms)
#   Decrease number of Java threads
#   Decrease Java thread stack sizes (-Xss)
#   Set larger code cache with -XX:ReservedCodeCacheSize=
#   JVM is running with Zero Based Compressed Oops mode in which the Java heap is
#     placed in the first 32GB address space. The Java Heap base address is the
#     maximum limit for the native heap growth. Please use -XX:HeapBaseMinAddress
#     to set the Java Heap base and to place the Java Heap above 32GB virtual address.
# This output file may be truncated or incomplete.
#
#  Out of Memory Error (allocation.cpp:389), pid=9544, tid=0x0000000000002144
#
# JRE version: OpenJDK Runtime Environment (8.0_312-b07) (build 1.8.0_312-b07)
# Java VM: OpenJDK 64-Bit Server VM (25.312-b07 mixed mode windows-amd64 compressed oops)
# Failed to write core dump. Minidumps are not enabled by default on client versions of Windows
#

---------------  T H R E A D  ---------------

Current thread (0x000001f07ded0000):  JavaThread "C2 CompilerThread0" daemon [_thread_in_native, id=8516, stack(0x0000005ecc000000,0x0000005ecc100000)]

Stack: [0x0000005ecc000000,0x0000005ecc100000]
[error occurred during error reporting (printing stack bounds), id 0xc0000005]

Native frames: (J=compiled Java code, j=interpreted, Vv=VM code, C=native code)


Current CompileTask:
C2:   3993 3235   !   4       java.net.URLClassLoader$1::run (81 bytes)


---------------  P R O C E S S  ---------------

Java Threads: ( => current thread )
  0x000001f016acf800 JavaThread "Cache worker for Build Output Cleanup Cache (C:\Users\Jexel\Desktop\IsleOfBerk\.gradle\buildOutputCleanup)" [_thread_blocked, id=10644, stack(0x0000005ece100000,0x0000005ece200000)]
  0x000001f016ad3800 JavaThread "Cache worker for dependencies-accessors (C:\Users\Jexel\Desktop\IsleOfBerk\.gradle\7.3\dependencies-accessors)" [_thread_blocked, id=12336, stack(0x0000005ece000000,0x0000005ece100000)]
  0x000001f016acd800 JavaThread "jar transforms Thread 6" [_thread_blocked, id=4288, stack(0x0000005ecdf00000,0x0000005ece000000)]
  0x000001f016ac5800 JavaThread "jar transforms Thread 5" [_thread_blocked, id=12884, stack(0x0000005ecde00000,0x0000005ecdf00000)]
  0x000001f016acc800 JavaThread "jar transforms Thread 4" [_thread_blocked, id=13356, stack(0x0000005ecdd00000,0x0000005ecde00000)]
  0x000001f016ac9800 JavaThread "jar transforms Thread 3" [_thread_blocked, id=14864, stack(0x0000005ecdc00000,0x0000005ecdd00000)]
  0x000001f016ac8000 JavaThread "Cache worker for file content cache (C:\Users\Jexel\.gradle\caches\7.3\fileContent)" [_thread_blocked, id=1192, stack(0x0000005ecdb00000,0x0000005ecdc00000)]
  0x000001f016acb000 JavaThread "jar transforms Thread 2" [_thread_blocked, id=14720, stack(0x0000005ecda00000,0x0000005ecdb00000)]
  0x000001f016ac7000 JavaThread "jar transforms" [_thread_blocked, id=11148, stack(0x0000005ecd900000,0x0000005ecda00000)]
  0x000001f016aca000 JavaThread "Cache worker for execution history cache (C:\Users\Jexel\.gradle\caches\7.3\executionHistory)" [_thread_blocked, id=8448, stack(0x0000005ecd800000,0x0000005ecd900000)]
  0x000001f016acb800 JavaThread "Cache worker for cache directory md-rule (C:\Users\Jexel\.gradle\caches\7.3\md-rule)" [_thread_blocked, id=6860, stack(0x0000005ecd700000,0x0000005ecd800000)]
  0x000001f0151da000 JavaThread "Cache worker for cache directory md-supplier (C:\Users\Jexel\.gradle\caches\7.3\md-supplier)" [_thread_blocked, id=12716, stack(0x0000005ecd600000,0x0000005ecd700000)]
  0x000001f0151d6800 JavaThread "Cache worker for checksums cache (C:\Users\Jexel\Desktop\IsleOfBerk\.gradle\7.3\checksums)" [_thread_blocked, id=11920, stack(0x0000005ecd500000,0x0000005ecd600000)]
  0x000001f0151d9800 JavaThread "File watcher consumer" daemon [_thread_blocked, id=15192, stack(0x0000005ecd400000,0x0000005ecd500000)]
  0x000001f0151d4800 JavaThread "File watcher server" daemon [_thread_in_native, id=7476, stack(0x0000005ecd300000,0x0000005ecd400000)]
  0x000001f0151d3000 JavaThread "Cache worker for file hash cache (C:\Users\Jexel\Desktop\IsleOfBerk\.gradle\7.3\fileHashes)" [_thread_blocked, id=15312, stack(0x0000005ecd200000,0x0000005ecd300000)]
  0x000001f0151d8800 JavaThread "Cache worker for file hash cache (C:\Users\Jexel\.gradle\caches\7.3\fileHashes)" [_thread_blocked, id=4652, stack(0x0000005ecd100000,0x0000005ecd200000)]
  0x000001f0151d5800 JavaThread "File lock request listener" [_thread_in_native, id=9352, stack(0x0000005ecd000000,0x0000005ecd100000)]
  0x000001f0151d7000 JavaThread "Cache worker for journal cache (C:\Users\Jexel\.gradle\caches\journal-1)" [_thread_blocked, id=1816, stack(0x0000005eccf00000,0x0000005ecd000000)]
  0x000001f015db9000 JavaThread "Daemon client event forwarder" [_thread_blocked, id=3792, stack(0x0000005ecce00000,0x0000005eccf00000)]
  0x000001f015db8800 JavaThread "Stdin handler" [_thread_blocked, id=13448, stack(0x0000005eccd00000,0x0000005ecce00000)]
  0x000001f015dad000 JavaThread "Asynchronous log dispatcher for DefaultDaemonConnection: socket connection from /127.0.0.1:50868 to /127.0.0.1:50869" [_thread_blocked, id=4632, stack(0x0000005eccc00000,0x0000005eccd00000)]
  0x000001f015ef3000 JavaThread "Daemon worker" [_thread_in_vm, id=11824, stack(0x0000005eccb00000,0x0000005eccc00000)]
  0x000001f015eb0000 JavaThread "Cancel handler" [_thread_blocked, id=4864, stack(0x0000005ecca00000,0x0000005eccb00000)]
  0x000001f015d38000 JavaThread "Handler for socket connection from /127.0.0.1:50868 to /127.0.0.1:50869" [_thread_in_native, id=9120, stack(0x0000005ecc900000,0x0000005ecca00000)]
  0x000001f015d35800 JavaThread "Daemon" [_thread_blocked, id=10584, stack(0x0000005ecc800000,0x0000005ecc900000)]
  0x000001f015d63800 JavaThread "Daemon periodic checks" [_thread_blocked, id=1800, stack(0x0000005ecc700000,0x0000005ecc800000)]
  0x000001f015d5b800 JavaThread "Incoming local TCP Connector on port 50868" [_thread_in_native, id=276, stack(0x0000005ecc600000,0x0000005ecc700000)]
  0x000001f015e2e000 JavaThread "Daemon health stats" [_thread_blocked, id=4112, stack(0x0000005ecc500000,0x0000005ecc600000)]
  0x000001f07df20800 JavaThread "Service Thread" daemon [_thread_blocked, id=3648, stack(0x0000005ecc300000,0x0000005ecc400000)]
  0x000001f07dee6000 JavaThread "C1 CompilerThread2" daemon [_thread_blocked, id=15324, stack(0x0000005ecc200000,0x0000005ecc300000)]
  0x000001f07dedd000 JavaThread "C2 CompilerThread1" daemon [_thread_in_native, id=3404, stack(0x0000005ecc100000,0x0000005ecc200000)]
=>0x000001f07ded0000 JavaThread "C2 CompilerThread0" daemon [_thread_in_native, id=8516, stack(0x0000005ecc000000,0x0000005ecc100000)]
  0x000001f07ded5000 JavaThread "Attach Listener" daemon [_thread_blocked, id=13248, stack(0x0000005ecbf00000,0x0000005ecc000000)]
  0x000001f07ded4000 JavaThread "Signal Dispatcher" daemon [_thread_blocked, id=9660, stack(0x0000005ecbe00000,0x0000005ecbf00000)]
  0x000001f07dea7800 JavaThread "Finalizer" daemon [_thread_blocked, id=14348, stack(0x0000005ecbc00000,0x0000005ecbd00000)]
  0x000001f07d514800 JavaThread "Reference Handler" daemon [_thread_blocked, id=10356, stack(0x0000005ecbb00000,0x0000005ecbc00000)]
  0x000001f079db5000 JavaThread "main" [_thread_blocked, id=12832, stack(0x0000005ecb300000,0x0000005ecb400000)]

Other Threads:
  0x000001f07de83800 VMThread [stack: 0x0000005ecba00000,0x0000005ecbb00000] [id=6576]
  0x000001f07df70000 WatcherThread [stack: 0x0000005ecc400000,0x0000005ecc500000] [id=7400]

VM state:not at safepoint (normal execution)

VM Mutex/Monitor currently owned by a thread: None

heap address: 0x0000000700000000, size: 3072 MB, Compressed Oops mode: Zero based, Oop shift amount: 3
Narrow klass base: 0x0000000000000000, Narrow klass shift: 3
Compressed class space size: 1073741824 Address: 0x00000007c0000000

Heap:
 PSYoungGen      total 238592K, used 112874K [0x0000000780000000, 0x000000078fd00000, 0x00000007c0000000)
  eden space 223232K, 50% used [0x0000000780000000,0x0000000786e3a948,0x000000078da00000)
  from space 15360K, 0% used [0x000000078e880000,0x000000078e880000,0x000000078f780000)
  to   space 14848K, 0% used [0x000000078da00000,0x000000078da00000,0x000000078e880000)
 ParOldGen       total 135680K, used 15644K [0x0000000700000000, 0x0000000708480000, 0x0000000780000000)
  object space 135680K, 11% used [0x0000000700000000,0x0000000700f473c8,0x0000000708480000)
 Metaspace       used 38455K, capacity 40216K, committed 40448K, reserved 1085440K
  class space    used 5479K, capacity 5854K, committed 5888K, reserved 1048576K

Card table byte_map: [0x000001f07bbd0000,0x000001f07c1e0000] byte_map_base: 0x000001f0783d0000

Marking Bits: (ParMarkBitMap*) 0x000000006f9dc860
 Begin Bits: [0x000001f00f000000, 0x000001f012000000)
 End Bits:   [0x000001f012000000, 0x000001f015000000)

Polling page: 0x000001f07a020000

CodeCache: size=245760Kb used=12276Kb max_used=12276Kb free=233483Kb
 bounds [0x000001f000000000, 0x000001f000c10000, 0x000001f00f000000]
 total_blobs=3949 nmethods=3230 adapters=627
 compilation: enabled

Compilation events (10 events):
Event: 3.940 Thread 0x000001f07dee6000 3234       1       java.util.concurrent.CopyOnWriteArrayList::getArray (5 bytes)
Event: 3.940 Thread 0x000001f07dee6000 nmethod 3234 0x000001f000be1010 code [0x000001f000be1160, 0x000001f000be1278]
Event: 3.945 Thread 0x000001f07dedd000 nmethod 3229 0x000001f000bf8510 code [0x000001f000bf86a0, 0x000001f000bf91f8]
Event: 3.945 Thread 0x000001f07dedd000 3233       4       java.lang.invoke.MethodType::makeImpl (66 bytes)
Event: 3.946 Thread 0x000001f07ded0000 nmethod 3205 0x000001f000bf9910 code [0x000001f000bfab20, 0x000001f000bfea88]
Event: 3.950 Thread 0x000001f07ded0000 3235   !   4       java.net.URLClassLoader$1::run (81 bytes)
Event: 3.953 Thread 0x000001f07dee6000 3236       3       org.gradle.internal.logging.slf4j.OutputEventListenerBackedLogger::debug (7 bytes)
Event: 3.953 Thread 0x000001f07dee6000 nmethod 3236 0x000001f000bf7550 code [0x000001f000bf7720, 0x000001f000bf8000]
Event: 3.953 Thread 0x000001f07dee6000 3237       3       org.gradle.internal.logging.slf4j.BuildOperationAwareLogger::debug (18 bytes)
Event: 3.954 Thread 0x000001f07dee6000 nmethod 3237 0x000001f000bf6d10 code [0x000001f000bf6ea0, 0x000001f000bf7380]

GC Heap History (10 events):
Event: 2.357 GC heap before
{Heap before GC invocations=4 (full 0):
 PSYoungGen      total 76288K, used 52074K [0x0000000780000000, 0x0000000789500000, 0x00000007c0000000)
  eden space 65536K, 63% used [0x0000000780000000,0x0000000782881040,0x0000000784000000)
  from space 10752K, 98% used [0x0000000784000000,0x0000000784a59ab0,0x0000000784a80000)
  to   space 10752K, 0% used [0x0000000788a80000,0x0000000788a80000,0x0000000789500000)
 ParOldGen       total 175104K, used 24K [0x0000000700000000, 0x000000070ab00000, 0x0000000780000000)
  object space 175104K, 0% used [0x0000000700000000,0x0000000700006000,0x000000070ab00000)
 Metaspace       used 20612K, capacity 21260K, committed 21296K, reserved 1067008K
  class space    used 2992K, capacity 3180K, committed 3200K, reserved 1048576K
Event: 2.363 GC heap after
Heap after GC invocations=4 (full 0):
 PSYoungGen      total 141824K, used 10106K [0x0000000780000000, 0x0000000789500000, 0x00000007c0000000)
  eden space 131072K, 0% used [0x0000000780000000,0x0000000780000000,0x0000000788000000)
  from space 10752K, 93% used [0x0000000788a80000,0x000000078945eb40,0x0000000789500000)
  to   space 10752K, 0% used [0x0000000788000000,0x0000000788000000,0x0000000788a80000)
 ParOldGen       total 175104K, used 32K [0x0000000700000000, 0x000000070ab00000, 0x0000000780000000)
  object space 175104K, 0% used [0x0000000700000000,0x0000000700008000,0x000000070ab00000)
 Metaspace       used 20612K, capacity 21260K, committed 21296K, reserved 1067008K
  class space    used 2992K, capacity 3180K, committed 3200K, reserved 1048576K
}
Event: 2.363 GC heap before
{Heap before GC invocations=5 (full 1):
 PSYoungGen      total 141824K, used 10106K [0x0000000780000000, 0x0000000789500000, 0x00000007c0000000)
  eden space 131072K, 0% used [0x0000000780000000,0x0000000780000000,0x0000000788000000)
  from space 10752K, 93% used [0x0000000788a80000,0x000000078945eb40,0x0000000789500000)
  to   space 10752K, 0% used [0x0000000788000000,0x0000000788000000,0x0000000788a80000)
 ParOldGen       total 175104K, used 32K [0x0000000700000000, 0x000000070ab00000, 0x0000000780000000)
  object space 175104K, 0% used [0x0000000700000000,0x0000000700008000,0x000000070ab00000)
 Metaspace       used 20612K, capacity 21260K, committed 21296K, reserved 1067008K
  class space    used 2992K, capacity 3180K, committed 3200K, reserved 1048576K
Event: 2.386 GC heap after
Heap after GC invocations=5 (full 1):
 PSYoungGen      total 141824K, used 0K [0x0000000780000000, 0x0000000789500000, 0x00000007c0000000)
  eden space 131072K, 0% used [0x0000000780000000,0x0000000780000000,0x0000000788000000)
  from space 10752K, 0% used [0x0000000788a80000,0x0000000788a80000,0x0000000789500000)
  to   space 10752K, 0% used [0x0000000788000000,0x0000000788000000,0x0000000788a80000)
 ParOldGen       total 94208K, used 9877K [0x0000000700000000, 0x0000000705c00000, 0x0000000780000000)
  object space 94208K, 10% used [0x0000000700000000,0x00000007009a55a8,0x0000000705c00000)
 Metaspace       used 20612K, capacity 21260K, committed 21296K, reserved 1067008K
  class space    used 2992K, capacity 3180K, committed 3200K, reserved 1048576K
}
Event: 3.316 GC heap before
{Heap before GC invocations=6 (full 1):
 PSYoungGen      total 141824K, used 131072K [0x0000000780000000, 0x0000000789500000, 0x00000007c0000000)
  eden space 131072K, 100% used [0x0000000780000000,0x0000000788000000,0x0000000788000000)
  from space 10752K, 0% used [0x0000000788a80000,0x0000000788a80000,0x0000000789500000)
  to   space 10752K, 0% used [0x0000000788000000,0x0000000788000000,0x0000000788a80000)
 ParOldGen       total 94208K, used 9877K [0x0000000700000000, 0x0000000705c00000, 0x0000000780000000)
  object space 94208K, 10% used [0x0000000700000000,0x00000007009a55a8,0x0000000705c00000)
 Metaspace       used 32647K, capacity 34064K, committed 34176K, reserved 1079296K
  class space    used 4610K, capacity 4908K, committed 4992K, reserved 1048576K
Event: 3.329 GC heap after
Heap after GC invocations=6 (full 1):
 PSYoungGen      total 141824K, used 10728K [0x0000000780000000, 0x000000078f780000, 0x00000007c0000000)
  eden space 131072K, 0% used [0x0000000780000000,0x0000000780000000,0x0000000788000000)
  from space 10752K, 99% used [0x0000000788000000,0x0000000788a7a1d8,0x0000000788a80000)
  to   space 15360K, 0% used [0x000000078e880000,0x000000078e880000,0x000000078f780000)
 ParOldGen       total 94208K, used 12699K [0x0000000700000000, 0x0000000705c00000, 0x0000000780000000)
  object space 94208K, 13% used [0x0000000700000000,0x0000000700c66f98,0x0000000705c00000)
 Metaspace       used 32647K, capacity 34064K, committed 34176K, reserved 1079296K
  class space    used 4610K, capacity 4908K, committed 4992K, reserved 1048576K
}
Event: 3.457 GC heap before
{Heap before GC invocations=7 (full 1):
 PSYoungGen      total 141824K, used 40322K [0x0000000780000000, 0x000000078f780000, 0x00000007c0000000)
  eden space 131072K, 22% used [0x0000000780000000,0x0000000781ce6a00,0x0000000788000000)
  from space 10752K, 99% used [0x0000000788000000,0x0000000788a7a1d8,0x0000000788a80000)
  to   space 15360K, 0% used [0x000000078e880000,0x000000078e880000,0x000000078f780000)
 ParOldGen       total 94208K, used 12699K [0x0000000700000000, 0x0000000705c00000, 0x0000000780000000)
  object space 94208K, 13% used [0x0000000700000000,0x0000000700c66f98,0x0000000705c00000)
 Metaspace       used 33926K, capacity 35296K, committed 35456K, reserved 1079296K
  class space    used 4824K, capacity 5129K, committed 5248K, reserved 1048576K
Event: 3.464 GC heap after
Heap after GC invocations=7 (full 1):
 PSYoungGen      total 238592K, used 8283K [0x0000000780000000, 0x000000078fd00000, 0x00000007c0000000)
  eden space 223232K, 0% used [0x0000000780000000,0x0000000780000000,0x000000078da00000)
  from space 15360K, 53% used [0x000000078e880000,0x000000078f096ed8,0x000000078f780000)
  to   space 14848K, 0% used [0x000000078da00000,0x000000078da00000,0x000000078e880000)
 ParOldGen       total 94208K, used 12707K [0x0000000700000000, 0x0000000705c00000, 0x0000000780000000)
  object space 94208K, 13% used [0x0000000700000000,0x0000000700c68f98,0x0000000705c00000)
 Metaspace       used 33926K, capacity 35296K, committed 35456K, reserved 1079296K
  class space    used 4824K, capacity 5129K, committed 5248K, reserved 1048576K
}
Event: 3.464 GC heap before
{Heap before GC invocations=8 (full 2):
 PSYoungGen      total 238592K, used 8283K [0x0000000780000000, 0x000000078fd00000, 0x00000007c0000000)
  eden space 223232K, 0% used [0x0000000780000000,0x0000000780000000,0x000000078da00000)
  from space 15360K, 53% used [0x000000078e880000,0x000000078f096ed8,0x000000078f780000)
  to   space 14848K, 0% used [0x000000078da00000,0x000000078da00000,0x000000078e880000)
 ParOldGen       total 94208K, used 12707K [0x0000000700000000, 0x0000000705c00000, 0x0000000780000000)
  object space 94208K, 13% used [0x0000000700000000,0x0000000700c68f98,0x0000000705c00000)
 Metaspace       used 33926K, capacity 35296K, committed 35456K, reserved 1079296K
  class space    used 4824K, capacity 5129K, committed 5248K, reserved 1048576K
Event: 3.497 GC heap after
Heap after GC invocations=8 (full 2):
 PSYoungGen      total 238592K, used 0K [0x0000000780000000, 0x000000078fd00000, 0x00000007c0000000)
  eden space 223232K, 0% used [0x0000000780000000,0x0000000780000000,0x000000078da00000)
  from space 15360K, 0% used [0x000000078e880000,0x000000078e880000,0x000000078f780000)
  to   space 14848K, 0% used [0x000000078da00000,0x000000078da00000,0x000000078e880000)
 ParOldGen       total 135680K, used 15644K [0x0000000700000000, 0x0000000708480000, 0x0000000780000000)
  object space 135680K, 11% used [0x0000000700000000,0x0000000700f473c8,0x0000000708480000)
 Metaspace       used 33926K, capacity 35296K, committed 35456K, reserved 1079296K
  class space    used 4824K, capacity 5129K, committed 5248K, reserved 1048576K
}

Deoptimization events (10 events):
Event: 3.369 Thread 0x000001f015ef3000 Uncommon trap: reason=unstable_if action=reinterpret pc=0x000001f000623d90 method=java.util.HashMap.putVal(ILjava/lang/Object;Ljava/lang/Object;ZZ)Ljava/lang/Object; @ 162
Event: 3.383 Thread 0x000001f015ef3000 Uncommon trap: reason=unstable_if action=reinterpret pc=0x000001f000a53274 method=java.util.Arrays.hashCode([Ljava/lang/Object;)I @ 34
Event: 3.497 Thread 0x000001f07dea7800 Uncommon trap: reason=unstable_if action=reinterpret pc=0x000001f0006c5eb0 method=java.lang.ref.Finalizer.remove()V @ 10
Event: 3.497 Thread 0x000001f07dea7800 Uncommon trap: reason=unstable_if action=reinterpret pc=0x000001f0006c6638 method=java.lang.ref.Finalizer.remove()V @ 10
Event: 3.538 Thread 0x000001f015ef3000 Uncommon trap: reason=unstable_if action=reinterpret pc=0x000001f000a52ca8 method=java.util.HashMap.getNode(ILjava/lang/Object;)Ljava/util/HashMap$Node; @ 53
Event: 3.538 Thread 0x000001f015ef3000 Uncommon trap: reason=unstable_if action=reinterpret pc=0x000001f000401cf0 method=java.util.HashMap.hash(Ljava/lang/Object;)I @ 1
Event: 3.540 Thread 0x000001f015ef3000 Uncommon trap: reason=unstable_if action=reinterpret pc=0x000001f0007bc440 method=org.gradle.internal.reflect.PropertyAccessorType.isGetGetterName(Ljava/lang/String;)Z @ 14
Event: 3.552 Thread 0x000001f015ef3000 Uncommon trap: reason=unstable_if action=reinterpret pc=0x000001f0007bcbcc method=org.objectweb.asm.ByteVector.putShort(I)Lorg/objectweb/asm/ByteVector; @ 13
Event: 3.683 Thread 0x000001f015ef3000 Uncommon trap: reason=range_check action=make_not_entrant pc=0x000001f000adaf80 method=java.lang.String.charAt(I)C @ 27
Event: 3.817 Thread 0x000001f015ef3000 Uncommon trap: reason=bimorphic action=maybe_recompile pc=0x000001f0008dedf4 method=java.util.AbstractCollection.addAll(Ljava/util/Collection;)Z @ 29

Classes redefined (0 events):
No events

Internal exceptions (10 events):
Event: 3.806 Thread 0x000001f015ef3000 Exception <a 'java/lang/ClassNotFoundException': org/gradle/api/internal/artifacts/dependencies/AbstractDependencyCustomizer> (0x000000078442d100) thrown at [E:\jenkins\tmp\workspace\build\src\hotspot\src\share\vm\classfile\systemDictionary.cpp, line 217]
Event: 3.807 Thread 0x000001f015ef3000 Exception <a 'java/lang/ClassNotFoundException': org/gradle/api/internal/artifacts/dependencies/AbstractModuleDependencyCustomizer> (0x000000078447b2d8) thrown at [E:\jenkins\tmp\workspace\build\src\hotspot\src\share\vm\classfile\systemDictionary.cpp, lin
Event: 3.807 Thread 0x000001f015ef3000 Exception <a 'java/lang/ClassNotFoundException': org/gradle/api/internal/artifacts/dependencies/AbstractExternalModuleDependencyCustomizer> (0x0000000784507548) thrown at [E:\jenkins\tmp\workspace\build\src\hotspot\src\share\vm\classfile\systemDictionary.
Event: 3.808 Thread 0x000001f015ef3000 Exception <a 'java/lang/ClassNotFoundException': org/gradle/api/internal/artifacts/dependencies/DefaultExternalModuleDependencyCustomizer> (0x00000007845856f8) thrown at [E:\jenkins\tmp\workspace\build\src\hotspot\src\share\vm\classfile\systemDictionary.c
Event: 3.809 Thread 0x000001f015ef3000 Exception <a 'java/lang/ClassNotFoundException': org/gradle/api/internal/artifacts/dependencies/DefaultExternalModuleDependency_DecoratedCustomizer> (0x0000000784603f20) thrown at [E:\jenkins\tmp\workspace\build\src\hotspot\src\share\vm\classfile\systemDi
Event: 3.817 Thread 0x000001f015ef3000 Exception <a 'java/lang/NoSuchMethodError': java.lang.Object.lambda$static$0(Lorg/gradle/api/internal/tasks/TaskDependencyResolveContext;)V> (0x00000007846a9f48) thrown at [E:\jenkins\tmp\workspace\build\src\hotspot\src\share\vm\interpreter\linkResolver.c
Event: 3.832 Thread 0x000001f015ef3000 Exception <a 'java/lang/NoSuchMethodError': java.lang.Object.lambda$static$0(Lorg/gradle/api/internal/artifacts/configurations/MutationValidator$MutationType;)V> (0x00000007849b3a90) thrown at [E:\jenkins\tmp\workspace\build\src\hotspot\src\share\vm\inter
Event: 3.870 Thread 0x000001f015ef3000 Exception <a 'java/lang/NoSuchMethodError': java.lang.Object.lambda$static$0(Lorg/gradle/internal/component/model/DependencyMetadata;)Lorg/gradle/api/internal/artifacts/ivyservice/dependencysubstitution/DependencySubstitutionApplicator$SubstitutionResult;
Event: 3.914 Thread 0x000001f015ef3000 Exception <a 'java/lang/IncompatibleClassChangeError': Found class java.lang.Object, but interface was expected> (0x0000000785a0b3c0) thrown at [E:\jenkins\tmp\workspace\build\src\hotspot\src\share\vm\interpreter\linkResolver.cpp, line 653]
Event: 3.914 Thread 0x000001f015ef3000 Exception <a 'java/lang/NoSuchMethodError': java.lang.Object.lambda$thenComparing$36697e65$1(Ljava/util/Comparator;Ljava/lang/Object;Ljava/lang/Object;)I> (0x0000000785a16ea8) thrown at [E:\jenkins\tmp\workspace\build\src\hotspot\src\share\vm\interpreter\

Events (10 events):
Event: 3.990 loading class org/gradle/api/internal/artifacts/repositories/metadata/DefaultImmutableMetadataSources
Event: 3.990 loading class org/gradle/api/internal/artifacts/repositories/metadata/DefaultImmutableMetadataSources done
Event: 3.990 loading class org/gradle/api/internal/artifacts/repositories/AbstractArtifactRepository$1
Event: 3.990 loading class org/gradle/api/internal/artifacts/repositories/AbstractArtifactRepository$1 done
Event: 3.990 loading class org/gradle/api/internal/artifacts/repositories/resolver/VersionLister
Event: 3.990 loading class org/gradle/api/internal/artifacts/repositories/resolver/VersionLister done
Event: 3.991 loading class org/gradle/api/internal/artifacts/ivyservice/ivyresolve/ModuleComponentRepositoryAccess
Event: 3.991 loading class org/gradle/api/internal/artifacts/ivyservice/ivyresolve/ModuleComponentRepositoryAccess done
Event: 3.991 loading class org/gradle/api/internal/artifacts/repositories/resolver/MavenResolver$MavenLocalRepositoryAccess
Event: 3.991 loading class org/gradle/api/internal/artifacts/repositories/resolver/MavenResolver$MavenLocalRepositoryAccess done


Dynamic libraries:
0x00007ff7dcce0000 - 0x00007ff7dcd1a000 	C:\Program Files\Eclipse Adoptium\jdk-8.0.312.7-hotspot\bin\java.exe
0x00007ff907e90000 - 0x00007ff908085000 	C:\Windows\SYSTEM32\ntdll.dll
0x00007ff907400000 - 0x00007ff9074bd000 	C:\Windows\System32\KERNEL32.DLL
0x00007ff9057f0000 - 0x00007ff905ab7000 	C:\Windows\System32\KERNELBASE.dll
0x00007ff9065d0000 - 0x00007ff90667a000 	C:\Windows\System32\ADVAPI32.dll
0x00007ff906a10000 - 0x00007ff906aae000 	C:\Windows\System32\msvcrt.dll
0x00007ff9068a0000 - 0x00007ff90693b000 	C:\Windows\System32\sechost.dll
0x00007ff907b60000 - 0x00007ff907c83000 	C:\Windows\System32\RPCRT4.dll
0x00007ff906ab0000 - 0x00007ff906c50000 	C:\Windows\System32\USER32.dll
0x00007ff905690000 - 0x00007ff9056b2000 	C:\Windows\System32\win32u.dll
0x00007ff905f00000 - 0x00007ff905f2a000 	C:\Windows\System32\GDI32.dll
0x00007ff905ac0000 - 0x00007ff905bca000 	C:\Windows\System32\gdi32full.dll
0x00007ff9056c0000 - 0x00007ff90575d000 	C:\Windows\System32\msvcp_win.dll
0x00007ff905e00000 - 0x00007ff905f00000 	C:\Windows\System32\ucrtbase.dll
0x00007ff8f9330000 - 0x00007ff8f95ca000 	C:\Windows\WinSxS\amd64_microsoft.windows.common-controls_6595b64144ccf1df_6.0.19041.1_none_b555e41d4684ddec\COMCTL32.dll
0x00007ff9063e0000 - 0x00007ff906410000 	C:\Windows\System32\IMM32.DLL
0x00007ff8cd550000 - 0x00007ff8cd63f000 	C:\Program Files\Eclipse Adoptium\jdk-8.0.312.7-hotspot\jre\bin\msvcr120.dll
0x00007ff8cd4a0000 - 0x00007ff8cd546000 	C:\Program Files\Eclipse Adoptium\jdk-8.0.312.7-hotspot\jre\bin\msvcp120.dll
0x000000006f1f0000 - 0x000000006fa5b000 	C:\Program Files\Eclipse Adoptium\jdk-8.0.312.7-hotspot\jre\bin\server\jvm.dll
0x00007ff907c90000 - 0x00007ff907c98000 	C:\Windows\System32\PSAPI.DLL
0x00007ff902ee0000 - 0x00007ff902ee9000 	C:\Windows\SYSTEM32\WSOCK32.dll
0x00007ff8fe830000 - 0x00007ff8fe857000 	C:\Windows\SYSTEM32\WINMM.dll
0x00007ff907d00000 - 0x00007ff907d6b000 	C:\Windows\System32\WS2_32.dll
0x00007ff8ff7c0000 - 0x00007ff8ff7ca000 	C:\Windows\SYSTEM32\VERSION.dll
0x00007ff900ad0000 - 0x00007ff900adf000 	C:\Program Files\Eclipse Adoptium\jdk-8.0.312.7-hotspot\jre\bin\verify.dll
0x00007ff8e52a0000 - 0x00007ff8e52c9000 	C:\Program Files\Eclipse Adoptium\jdk-8.0.312.7-hotspot\jre\bin\java.dll
0x00007ff8f53f0000 - 0x00007ff8f5406000 	C:\Program Files\Eclipse Adoptium\jdk-8.0.312.7-hotspot\jre\bin\zip.dll
0x00007ff906cb0000 - 0x00007ff9073f0000 	C:\Windows\System32\SHELL32.dll
0x00007ff903780000 - 0x00007ff903f11000 	C:\Windows\SYSTEM32\windows.storage.dll
0x00007ff906080000 - 0x00007ff9063d3000 	C:\Windows\System32\combase.dll
0x00007ff905060000 - 0x00007ff90508c000 	C:\Windows\SYSTEM32\Wldp.dll
0x00007ff906940000 - 0x00007ff9069ee000 	C:\Windows\System32\SHCORE.dll
0x00007ff906c50000 - 0x00007ff906ca5000 	C:\Windows\System32\shlwapi.dll
0x00007ff905520000 - 0x00007ff90553f000 	C:\Windows\SYSTEM32\profapi.dll
0x00007ff8e5280000 - 0x00007ff8e529a000 	C:\Program Files\Eclipse Adoptium\jdk-8.0.312.7-hotspot\jre\bin\net.dll
0x00007ff904de0000 - 0x00007ff904e4a000 	C:\Windows\system32\mswsock.dll
0x00007ff8e5260000 - 0x00007ff8e5272000 	C:\Program Files\Eclipse Adoptium\jdk-8.0.312.7-hotspot\jre\bin\nio.dll
0x00007ff901280000 - 0x00007ff9012a7000 	C:\Users\Jexel\.gradle\native\e1d6ef7f7dcc3fd88c89a11ec53ec762bb8ba0a96d01ffa2cd45eb1d1d8dd5c5\windows-amd64\native-platform.dll
0x00007ff8cb350000 - 0x00007ff8cb494000 	C:\Users\Jexel\.gradle\native\5664cfc778a61ccfe75a443a1ab52a65af34e5dc3c78e0209fed803814484fcb\windows-amd64\native-platform-file-events.dll
0x00007ff8f24f0000 - 0x00007ff8f24fd000 	C:\Program Files\Eclipse Adoptium\jdk-8.0.312.7-hotspot\jre\bin\management.dll
0x00007ff904fb0000 - 0x00007ff904fc8000 	C:\Windows\SYSTEM32\CRYPTSP.dll
0x00007ff904700000 - 0x00007ff904734000 	C:\Windows\system32\rsaenh.dll
0x00007ff905760000 - 0x00007ff905787000 	C:\Windows\System32\bcrypt.dll
0x00007ff9054e0000 - 0x00007ff90550e000 	C:\Windows\SYSTEM32\USERENV.dll
0x00007ff905bd0000 - 0x00007ff905c4f000 	C:\Windows\System32\bcryptprimitives.dll
0x00007ff904fd0000 - 0x00007ff904fdc000 	C:\Windows\SYSTEM32\CRYPTBASE.dll
0x00007ff904a80000 - 0x00007ff904abb000 	C:\Windows\SYSTEM32\IPHLPAPI.DLL
0x00007ff9073f0000 - 0x00007ff9073f9000 	C:\Windows\System32\NSI.dll
0x00007ff8ff930000 - 0x00007ff8ff947000 	C:\Windows\SYSTEM32\dhcpcsvc6.DLL
0x00007ff8ff910000 - 0x00007ff8ff92d000 	C:\Windows\SYSTEM32\dhcpcsvc.DLL
0x00007ff904ad0000 - 0x00007ff904b9a000 	C:\Windows\SYSTEM32\DNSAPI.dll

VM Arguments:
jvm_args: -Xmx3G -Dfile.encoding=windows-1252 -Duser.country=US -Duser.language=en -Duser.variant 
java_command: org.gradle.launcher.daemon.bootstrap.GradleDaemon 7.3
java_class_path (initial): C:\Users\Jexel\.gradle\wrapper\dists\gradle-7.3-bin\ddwl0k7mt9g6ak16i1m905vyv\gradle-7.3\lib\gradle-launcher-7.3.jar
Launcher Type: SUN_STANDARD

Environment Variables:
JAVA_HOME=C:\Program Files\Eclipse Adoptium\jdk-8.0.312.7-hotspot\
PATH=C:\Program Files\Eclipse Adoptium\jdk-17.0.1.12-hotspot\bin;C:\Program Files\Eclipse Adoptium\jdk-8.0.312.7-hotspot\bin;C:\Program Files (x86)\Common Files\Intel\Shared Libraries\redist\intel64_win\compiler;C:\Program Files (x86)\Common Files\Oracle\Java\javapath;C:\Windows\system32;C:\Windows;C:\Windows\System32\Wbem;C:\Windows\System32\WindowsPowerShell\v1.0\;C:\Windows\System32\OpenSSH\;C:\Program Files (x86)\NVIDIA Corporation\PhysX\Common;C:\Program Files\NVIDIA Corporation\NVIDIA NvDLISR;C:\Program Files\Git\cmd;C:\Program Files\dotnet\;C:\ProgramData\ComposerSetup\bin;C:\Users\Jexel\AppData\Local\Programs\Python\Python39\Scripts\;C:\Users\Jexel\AppData\Local\Programs\Python\Python39\;C:\Users\Jexel\AppData\Local\Programs\Python\Python35\Scripts\;C:\Users\Jexel\AppData\Local\Programs\Python\Python35\;C:\Users\Jexel\AppData\Local\Microsoft\WindowsApps;C:\Program Files\JetBrains\IntelliJ IDEA Community Edition 2021.2.2\bin;C:\Users\Jexel\AppData\Local\GitHubDesktop\bin;C:\Program Files\JetBrains\IntelliJ IDEA 2020.3.1\bin;C:\Users\Jexel\.dotnet\tools;C:\Users\Jexel\AppData\Local\Programs\Microsoft VS Code\bin;C:\Users\Jexel\Desktop\Vintage Renaissance Wiki;C:\Users\Jexel\AppData\Local\atom\bin;C:\Users\Jexel\AppData\Roaming\Composer\vendor\bin
USERNAME=Jexel
OS=Windows_NT
PROCESSOR_IDENTIFIER=AMD64 Family 23 Model 113 Stepping 0, AuthenticAMD



---------------  S Y S T E M  ---------------

OS: Windows 10.0 , 64 bit Build 19041 (10.0.19041.292)

CPU:total 6 (initial active 6) (6 cores per cpu, 1 threads per core) family 23 model 113 stepping 0, cmov, cx8, fxsr, mmx, sse, sse2, sse3, ssse3, sse4.1, sse4.2, popcnt, avx, avx2, aes, clmul, mmxext, 3dnowpref, lzcnt, sse4a, tsc, tscinvbit, tscinv, bmi1

Memory: 4k page, physical 16724684k(3127984k free), swap 19796684k(8664k free)

vm_info: OpenJDK 64-Bit Server VM (25.312-b07) for windows-amd64 JRE (1.8.0_312-b07), built on Oct 19 2021 15:47:56 by "jenkins" with MS VC++ 12.0 (VS2013)

time: Sat Oct 08 16:12:17 2022
timezone: Malay Peninsula Standard Time
elapsed time: 3.997825 seconds (0d 0h 0m 3s)

