#
# There is insufficient memory for the Java Runtime Environment to continue.
# Native memory allocation (malloc) failed to allocate 1342096 bytes for Chunk::new
# Possible reasons:
#   The system is out of physical RAM or swap space
#   The process is running with CompressedOops enabled, and the Java Heap may be blocking the growth of the native heap
# Possible solutions:
#   Reduce memory load on the system
#   Increase physical memory or swap space
#   Check if swap backing store is full
#   Decrease Java heap size (-Xmx/-Xms)
#   Decrease number of Java threads
#   Decrease Java thread stack sizes (-Xss)
#   Set larger code cache with -XX:ReservedCodeCacheSize=
#   JVM is running with Zero Based Compressed Oops mode in which the Java heap is
#     placed in the first 32GB address space. The Java Heap base address is the
#     maximum limit for the native heap growth. Please use -XX:HeapBaseMinAddress
#     to set the Java Heap base and to place the Java Heap above 32GB virtual address.
# This output file may be truncated or incomplete.
#
#  Out of Memory Error (allocation.cpp:389), pid=13052, tid=0x00000000000038e0
#
# JRE version: OpenJDK Runtime Environment (8.0_312-b07) (build 1.8.0_312-b07)
# Java VM: OpenJDK 64-Bit Server VM (25.312-b07 mixed mode windows-amd64 compressed oops)
# Failed to write core dump. Minidumps are not enabled by default on client versions of Windows
#

---------------  T H R E A D  ---------------

Current thread (0x0000026726e31800):  JavaThread "C2 CompilerThread1" daemon [_thread_in_native, id=14560, stack(0x000000eb7fd00000,0x000000eb7fe00000)]

Stack: [0x000000eb7fd00000,0x000000eb7fe00000]
[error occurred during error reporting (printing stack bounds), id 0xc0000005]

Native frames: (J=compiled Java code, j=interpreted, Vv=VM code, C=native code)


Current CompileTask:
C2:   2927 2799       4       groovy.lang.MetaClassImpl$1MOPIter::methodNameAction (325 bytes)


---------------  P R O C E S S  ---------------

Java Threads: ( => current thread )
  0x000002672a447000 JavaThread "Cache worker for dependencies-accessors (C:\Users\Jexel\Desktop\IsleOfBerk\.gradle\7.3\dependencies-accessors)" [_thread_blocked, id=12240, stack(0x000000eb01c00000,0x000000eb01d00000)]
  0x000002672a440000 JavaThread "jar transforms Thread 6" [_thread_blocked, id=3172, stack(0x000000eb01b00000,0x000000eb01c00000)]
  0x000002672a445000 JavaThread "jar transforms Thread 5" [_thread_blocked, id=9264, stack(0x000000eb01a00000,0x000000eb01b00000)]
  0x000002672a444000 JavaThread "jar transforms Thread 4" [_thread_blocked, id=12404, stack(0x000000eb01900000,0x000000eb01a00000)]
  0x000002672a445800 JavaThread "jar transforms Thread 3" [_thread_blocked, id=14308, stack(0x000000eb01800000,0x000000eb01900000)]
  0x000002672a441800 JavaThread "Cache worker for file content cache (C:\Users\Jexel\.gradle\caches\7.3\fileContent)" [_thread_blocked, id=12528, stack(0x000000eb01700000,0x000000eb01800000)]
  0x000002672a442800 JavaThread "jar transforms Thread 2" [_thread_blocked, id=224, stack(0x000000eb01600000,0x000000eb01700000)]
  0x000002672a446800 JavaThread "jar transforms" [_thread_blocked, id=15000, stack(0x000000eb01500000,0x000000eb01600000)]
  0x000002672a2c3800 JavaThread "Cache worker for execution history cache (C:\Users\Jexel\.gradle\caches\7.3\executionHistory)" [_thread_blocked, id=4468, stack(0x000000eb01400000,0x000000eb01500000)]
  0x000002672a2c3000 JavaThread "Cache worker for cache directory md-rule (C:\Users\Jexel\.gradle\caches\7.3\md-rule)" [_thread_blocked, id=3660, stack(0x000000eb01300000,0x000000eb01400000)]
  0x000002672a2bd800 JavaThread "Cache worker for cache directory md-supplier (C:\Users\Jexel\.gradle\caches\7.3\md-supplier)" [_thread_blocked, id=15020, stack(0x000000eb01200000,0x000000eb01300000)]
  0x000002672a2c1800 JavaThread "Cache worker for checksums cache (C:\Users\Jexel\Desktop\IsleOfBerk\.gradle\7.3\checksums)" [_thread_blocked, id=7796, stack(0x000000eb01100000,0x000000eb01200000)]
  0x000002672a2c0800 JavaThread "File watcher consumer" daemon [_thread_blocked, id=6344, stack(0x000000eb01000000,0x000000eb01100000)]
  0x000002672a2bf800 JavaThread "File watcher server" daemon [_thread_in_native, id=11668, stack(0x000000eb00f00000,0x000000eb01000000)]
  0x000002672a2c4800 JavaThread "Cache worker for file hash cache (C:\Users\Jexel\Desktop\IsleOfBerk\.gradle\7.3\fileHashes)" [_thread_blocked, id=5160, stack(0x000000eb00e00000,0x000000eb00f00000)]
  0x000002672a2be000 JavaThread "Cache worker for file hash cache (C:\Users\Jexel\.gradle\caches\7.3\fileHashes)" [_thread_blocked, id=8228, stack(0x000000eb00d00000,0x000000eb00e00000)]
  0x000002672a2c2000 JavaThread "File lock request listener" [_thread_in_native, id=13492, stack(0x000000eb00c00000,0x000000eb00d00000)]
  0x000002672a2bf000 JavaThread "Cache worker for journal cache (C:\Users\Jexel\.gradle\caches\journal-1)" [_thread_blocked, id=15352, stack(0x000000eb00b00000,0x000000eb00c00000)]
  0x0000026729959800 JavaThread "Daemon client event forwarder" [_thread_blocked, id=11236, stack(0x000000eb00a00000,0x000000eb00b00000)]
  0x0000026729958000 JavaThread "Stdin handler" [_thread_blocked, id=6424, stack(0x000000eb00900000,0x000000eb00a00000)]
  0x0000026729957800 JavaThread "Asynchronous log dispatcher for DefaultDaemonConnection: socket connection from /127.0.0.1:53336 to /127.0.0.1:53337" [_thread_blocked, id=13728, stack(0x000000eb00800000,0x000000eb00900000)]
  0x0000026729964000 JavaThread "Daemon worker" [_thread_in_Java, id=14856, stack(0x000000eb00700000,0x000000eb00800000)]
  0x0000026729963000 JavaThread "Cancel handler" [_thread_blocked, id=10712, stack(0x000000eb00600000,0x000000eb00700000)]
  0x000002672993f000 JavaThread "Handler for socket connection from /127.0.0.1:53336 to /127.0.0.1:53337" [_thread_in_native, id=15168, stack(0x000000eb00500000,0x000000eb00600000)]
  0x0000026729896000 JavaThread "Daemon" [_thread_blocked, id=11884, stack(0x000000eb00400000,0x000000eb00500000)]
  0x00000267298b2800 JavaThread "Daemon periodic checks" [_thread_blocked, id=13768, stack(0x000000eb00300000,0x000000eb00400000)]
  0x00000267298af800 JavaThread "Incoming local TCP Connector on port 53336" [_thread_in_native, id=14936, stack(0x000000eb00200000,0x000000eb00300000)]
  0x00000267297ed800 JavaThread "Daemon health stats" [_thread_blocked, id=10212, stack(0x000000eb00100000,0x000000eb00200000)]
  0x0000026726eb7000 JavaThread "Service Thread" daemon [_thread_blocked, id=6056, stack(0x000000eb7ff00000,0x000000eb80000000)]
  0x0000026726e37000 JavaThread "C1 CompilerThread2" daemon [_thread_blocked, id=14864, stack(0x000000eb7fe00000,0x000000eb7ff00000)]
=>0x0000026726e31800 JavaThread "C2 CompilerThread1" daemon [_thread_in_native, id=14560, stack(0x000000eb7fd00000,0x000000eb7fe00000)]
  0x0000026726e36000 JavaThread "C2 CompilerThread0" daemon [_thread_in_native, id=10900, stack(0x000000eb7fc00000,0x000000eb7fd00000)]
  0x0000026726e25000 JavaThread "Attach Listener" daemon [_thread_blocked, id=9472, stack(0x000000eb7fb00000,0x000000eb7fc00000)]
  0x0000026726e22000 JavaThread "Signal Dispatcher" daemon [_thread_blocked, id=14420, stack(0x000000eb7fa00000,0x000000eb7fb00000)]
  0x000002672646c000 JavaThread "Finalizer" daemon [_thread_blocked, id=1332, stack(0x000000eb7f900000,0x000000eb7fa00000)]
  0x0000026726465000 JavaThread "Reference Handler" daemon [_thread_blocked, id=8236, stack(0x000000eb7f800000,0x000000eb7f900000)]
  0x000002670dea8000 JavaThread "main" [_thread_blocked, id=8248, stack(0x000000eb7f000000,0x000000eb7f100000)]

Other Threads:
  0x0000026726dd2000 VMThread [stack: 0x000000eb7f700000,0x000000eb7f800000] [id=8076]
  0x0000026726ec3800 WatcherThread [stack: 0x000000eb00000000,0x000000eb00100000] [id=11172]

VM state:not at safepoint (normal execution)

VM Mutex/Monitor currently owned by a thread: None

heap address: 0x0000000700000000, size: 3072 MB, Compressed Oops mode: Zero based, Oop shift amount: 3
Narrow klass base: 0x0000000000000000, Narrow klass shift: 3
Compressed class space size: 1073741824 Address: 0x00000007c0000000

Heap:
 PSYoungGen      total 141824K, used 8744K [0x0000000780000000, 0x0000000789500000, 0x00000007c0000000)
  eden space 131072K, 6% used [0x0000000780000000,0x000000078088a3a8,0x0000000788000000)
  from space 10752K, 0% used [0x0000000788a80000,0x0000000788a80000,0x0000000789500000)
  to   space 10752K, 0% used [0x0000000788000000,0x0000000788000000,0x0000000788a80000)
 ParOldGen       total 153600K, used 15795K [0x0000000700000000, 0x0000000709600000, 0x0000000780000000)
  object space 153600K, 10% used [0x0000000700000000,0x0000000700f6ce20,0x0000000709600000)
 Metaspace       used 34404K, capacity 35846K, committed 36096K, reserved 1079296K
  class space    used 4931K, capacity 5264K, committed 5376K, reserved 1048576K

Card table byte_map: [0x000002671eb20000,0x000002671f130000] byte_map_base: 0x000002671b320000

Marking Bits: (ParMarkBitMap*) 0x000000005ed6c860
 Begin Bits: [0x000002671f530000, 0x0000026722530000)
 End Bits:   [0x0000026722530000, 0x0000026725530000)

Polling page: 0x000002670f730000

CodeCache: size=245760Kb used=10905Kb max_used=10905Kb free=234854Kb
 bounds [0x000002670f760000, 0x0000026710210000, 0x000002671e760000]
 total_blobs=3580 nmethods=2883 adapters=610
 compilation: enabled

Compilation events (10 events):
Event: 2.895 Thread 0x0000026726e37000 2880       3       sun.reflect.generics.repository.ClassRepository::getSuperclass (40 bytes)
Event: 2.895 Thread 0x0000026726e37000 nmethod 2880 0x0000026710204d50 code [0x0000026710204f00, 0x0000026710205610]
Event: 2.898 Thread 0x0000026726e37000 2881       1       com.google.common.base.Suppliers$SupplierOfInstance::get (5 bytes)
Event: 2.898 Thread 0x0000026726e37000 nmethod 2881 0x00000267102058d0 code [0x0000026710205a20, 0x0000026710205b38]
Event: 2.910 Thread 0x0000026726e37000 2882       3       sun.reflect.generics.repository.AbstractRepository::<init> (19 bytes)
Event: 2.910 Thread 0x0000026726e37000 nmethod 2882 0x0000026710205b90 code [0x0000026710205d00, 0x0000026710205fb0]
Event: 2.910 Thread 0x0000026726e37000 2883       3       java.lang.reflect.Executable::isSynthetic (8 bytes)
Event: 2.910 Thread 0x0000026726e37000 nmethod 2883 0x0000026710206090 code [0x0000026710206200, 0x00000267102064d0]
Event: 2.910 Thread 0x0000026726e37000 2884       3       java.lang.reflect.Modifier::isSynthetic (14 bytes)
Event: 2.910 Thread 0x0000026726e37000 nmethod 2884 0x0000026710206590 code [0x00000267102066e0, 0x0000026710206878]

GC Heap History (10 events):
Event: 1.983 GC heap before
{Heap before GC invocations=4 (full 0):
 PSYoungGen      total 76288K, used 51753K [0x0000000780000000, 0x0000000789500000, 0x00000007c0000000)
  eden space 65536K, 62% used [0x0000000780000000,0x000000078283b188,0x0000000784000000)
  from space 10752K, 98% used [0x0000000784000000,0x0000000784a4f408,0x0000000784a80000)
  to   space 10752K, 0% used [0x0000000788a80000,0x0000000788a80000,0x0000000789500000)
 ParOldGen       total 175104K, used 32K [0x0000000700000000, 0x000000070ab00000, 0x0000000780000000)
  object space 175104K, 0% used [0x0000000700000000,0x0000000700008000,0x000000070ab00000)
 Metaspace       used 20596K, capacity 21268K, committed 21296K, reserved 1067008K
  class space    used 2993K, capacity 3180K, committed 3200K, reserved 1048576K
Event: 1.989 GC heap after
Heap after GC invocations=4 (full 0):
 PSYoungGen      total 141824K, used 10191K [0x0000000780000000, 0x0000000789500000, 0x00000007c0000000)
  eden space 131072K, 0% used [0x0000000780000000,0x0000000780000000,0x0000000788000000)
  from space 10752K, 94% used [0x0000000788a80000,0x0000000789473c00,0x0000000789500000)
  to   space 10752K, 0% used [0x0000000788000000,0x0000000788000000,0x0000000788a80000)
 ParOldGen       total 175104K, used 40K [0x0000000700000000, 0x000000070ab00000, 0x0000000780000000)
  object space 175104K, 0% used [0x0000000700000000,0x000000070000a000,0x000000070ab00000)
 Metaspace       used 20596K, capacity 21268K, committed 21296K, reserved 1067008K
  class space    used 2993K, capacity 3180K, committed 3200K, reserved 1048576K
}
Event: 1.989 GC heap before
{Heap before GC invocations=5 (full 1):
 PSYoungGen      total 141824K, used 10191K [0x0000000780000000, 0x0000000789500000, 0x00000007c0000000)
  eden space 131072K, 0% used [0x0000000780000000,0x0000000780000000,0x0000000788000000)
  from space 10752K, 94% used [0x0000000788a80000,0x0000000789473c00,0x0000000789500000)
  to   space 10752K, 0% used [0x0000000788000000,0x0000000788000000,0x0000000788a80000)
 ParOldGen       total 175104K, used 40K [0x0000000700000000, 0x000000070ab00000, 0x0000000780000000)
  object space 175104K, 0% used [0x0000000700000000,0x000000070000a000,0x000000070ab00000)
 Metaspace       used 20596K, capacity 21268K, committed 21296K, reserved 1067008K
  class space    used 2993K, capacity 3180K, committed 3200K, reserved 1048576K
Event: 2.010 GC heap after
Heap after GC invocations=5 (full 1):
 PSYoungGen      total 141824K, used 0K [0x0000000780000000, 0x0000000789500000, 0x00000007c0000000)
  eden space 131072K, 0% used [0x0000000780000000,0x0000000780000000,0x0000000788000000)
  from space 10752K, 0% used [0x0000000788a80000,0x0000000788a80000,0x0000000789500000)
  to   space 10752K, 0% used [0x0000000788000000,0x0000000788000000,0x0000000788a80000)
 ParOldGen       total 101376K, used 9877K [0x0000000700000000, 0x0000000706300000, 0x0000000780000000)
  object space 101376K, 9% used [0x0000000700000000,0x00000007009a5458,0x0000000706300000)
 Metaspace       used 20596K, capacity 21268K, committed 21296K, reserved 1067008K
  class space    used 2993K, capacity 3180K, committed 3200K, reserved 1048576K
}
Event: 2.704 GC heap before
{Heap before GC invocations=6 (full 1):
 PSYoungGen      total 141824K, used 131072K [0x0000000780000000, 0x0000000789500000, 0x00000007c0000000)
  eden space 131072K, 100% used [0x0000000780000000,0x0000000788000000,0x0000000788000000)
  from space 10752K, 0% used [0x0000000788a80000,0x0000000788a80000,0x0000000789500000)
  to   space 10752K, 0% used [0x0000000788000000,0x0000000788000000,0x0000000788a80000)
 ParOldGen       total 101376K, used 9877K [0x0000000700000000, 0x0000000706300000, 0x0000000780000000)
  object space 101376K, 9% used [0x0000000700000000,0x00000007009a5458,0x0000000706300000)
 Metaspace       used 32616K, capacity 34038K, committed 34176K, reserved 1079296K
  class space    used 4619K, capacity 4937K, committed 4992K, reserved 1048576K
Event: 2.713 GC heap after
Heap after GC invocations=6 (full 1):
 PSYoungGen      total 141824K, used 10732K [0x0000000780000000, 0x0000000789500000, 0x00000007c0000000)
  eden space 131072K, 0% used [0x0000000780000000,0x0000000780000000,0x0000000788000000)
  from space 10752K, 99% used [0x0000000788000000,0x0000000788a7b328,0x0000000788a80000)
  to   space 10752K, 0% used [0x0000000788a80000,0x0000000788a80000,0x0000000789500000)
 ParOldGen       total 101376K, used 12657K [0x0000000700000000, 0x0000000706300000, 0x0000000780000000)
  object space 101376K, 12% used [0x0000000700000000,0x0000000700c5c7c0,0x0000000706300000)
 Metaspace       used 32616K, capacity 34038K, committed 34176K, reserved 1079296K
  class space    used 4619K, capacity 4937K, committed 4992K, reserved 1048576K
}
Event: 2.851 GC heap before
{Heap before GC invocations=7 (full 1):
 PSYoungGen      total 141824K, used 42816K [0x0000000780000000, 0x0000000789500000, 0x00000007c0000000)
  eden space 131072K, 24% used [0x0000000780000000,0x0000000781f54e78,0x0000000788000000)
  from space 10752K, 99% used [0x0000000788000000,0x0000000788a7b328,0x0000000788a80000)
  to   space 10752K, 0% used [0x0000000788a80000,0x0000000788a80000,0x0000000789500000)
 ParOldGen       total 101376K, used 12657K [0x0000000700000000, 0x0000000706300000, 0x0000000780000000)
  object space 101376K, 12% used [0x0000000700000000,0x0000000700c5c7c0,0x0000000706300000)
 Metaspace       used 33976K, capacity 35324K, committed 35456K, reserved 1079296K
  class space    used 4849K, capacity 5161K, committed 5248K, reserved 1048576K
Event: 2.859 GC heap after
Heap after GC invocations=7 (full 1):
 PSYoungGen      total 141824K, used 8425K [0x0000000780000000, 0x0000000789500000, 0x00000007c0000000)
  eden space 131072K, 0% used [0x0000000780000000,0x0000000780000000,0x0000000788000000)
  from space 10752K, 78% used [0x0000000788a80000,0x00000007892ba640,0x0000000789500000)
  to   space 10752K, 0% used [0x0000000788000000,0x0000000788000000,0x0000000788a80000)
 ParOldGen       total 101376K, used 12665K [0x0000000700000000, 0x0000000706300000, 0x0000000780000000)
  object space 101376K, 12% used [0x0000000700000000,0x0000000700c5e7c0,0x0000000706300000)
 Metaspace       used 33976K, capacity 35324K, committed 35456K, reserved 1079296K
  class space    used 4849K, capacity 5161K, committed 5248K, reserved 1048576K
}
Event: 2.859 GC heap before
{Heap before GC invocations=8 (full 2):
 PSYoungGen      total 141824K, used 8425K [0x0000000780000000, 0x0000000789500000, 0x00000007c0000000)
  eden space 131072K, 0% used [0x0000000780000000,0x0000000780000000,0x0000000788000000)
  from space 10752K, 78% used [0x0000000788a80000,0x00000007892ba640,0x0000000789500000)
  to   space 10752K, 0% used [0x0000000788000000,0x0000000788000000,0x0000000788a80000)
 ParOldGen       total 101376K, used 12665K [0x0000000700000000, 0x0000000706300000, 0x0000000780000000)
  object space 101376K, 12% used [0x0000000700000000,0x0000000700c5e7c0,0x0000000706300000)
 Metaspace       used 33976K, capacity 35324K, committed 35456K, reserved 1079296K
  class space    used 4849K, capacity 5161K, committed 5248K, reserved 1048576K
Event: 2.891 GC heap after
Heap after GC invocations=8 (full 2):
 PSYoungGen      total 141824K, used 0K [0x0000000780000000, 0x0000000789500000, 0x00000007c0000000)
  eden space 131072K, 0% used [0x0000000780000000,0x0000000780000000,0x0000000788000000)
  from space 10752K, 0% used [0x0000000788a80000,0x0000000788a80000,0x0000000789500000)
  to   space 10752K, 0% used [0x0000000788000000,0x0000000788000000,0x0000000788a80000)
 ParOldGen       total 153600K, used 15795K [0x0000000700000000, 0x0000000709600000, 0x0000000780000000)
  object space 153600K, 10% used [0x0000000700000000,0x0000000700f6ce20,0x0000000709600000)
 Metaspace       used 33976K, capacity 35324K, committed 35456K, reserved 1079296K
  class space    used 4849K, capacity 5161K, committed 5248K, reserved 1048576K
}

Deoptimization events (10 events):
Event: 2.370 Thread 0x0000026729964000 Uncommon trap: reason=unstable_if action=reinterpret pc=0x000002670fd59df8 method=java.net.URLClassLoader.defineClass(Ljava/lang/String;Lsun/misc/Resource;)Ljava/lang/Class; @ 21
Event: 2.370 Thread 0x0000026729964000 Uncommon trap: reason=unstable_if action=reinterpret pc=0x000002670fca34f0 method=java.lang.ClassLoader.getClassLoadingLock(Ljava/lang/String;)Ljava/lang/Object; @ 6
Event: 2.402 Thread 0x0000026729964000 Uncommon trap: reason=unstable_if action=reinterpret pc=0x000002670faa76d4 method=sun.misc.MetaIndex.mayContain(Ljava/lang/String;)Z @ 38
Event: 2.508 Thread 0x0000026729964000 Uncommon trap: reason=unstable_if action=reinterpret pc=0x000002670fb7e13c method=sun.misc.URLClassPath$JarLoader.getResource(Ljava/lang/String;ZLjava/util/Set;)Lsun/misc/Resource; @ 17
Event: 2.713 Thread 0x0000026726465000 Uncommon trap: reason=unstable_if action=reinterpret pc=0x000002670fd492ac method=java.lang.ref.Reference.tryHandlePending(Z)Z @ 104
Event: 2.713 Thread 0x000002672646c000 Uncommon trap: reason=unstable_if action=reinterpret pc=0x000002670fd7dac8 method=java.lang.ref.Finalizer.remove()V @ 10
Event: 2.747 Thread 0x0000026729964000 Uncommon trap: reason=unstable_if action=reinterpret pc=0x000002670fd796a8 method=java.util.HashMap.putVal(ILjava/lang/Object;Ljava/lang/Object;ZZ)Ljava/lang/Object; @ 162
Event: 2.760 Thread 0x0000026729964000 Uncommon trap: reason=unstable_if action=reinterpret pc=0x00000267101604b4 method=java.util.Arrays.hashCode([Ljava/lang/Object;)I @ 34
Event: 2.923 Thread 0x0000026729964000 Uncommon trap: reason=unstable_if action=reinterpret pc=0x0000026710162fa8 method=java.util.HashMap.getNode(ILjava/lang/Object;)Ljava/util/HashMap$Node; @ 53
Event: 2.923 Thread 0x0000026729964000 Uncommon trap: reason=unstable_if action=reinterpret pc=0x000002670fb54130 method=java.util.HashMap.hash(Ljava/lang/Object;)I @ 1

Classes redefined (0 events):
No events

Internal exceptions (10 events):
Event: 2.730 Thread 0x0000026729964000 Exception <a 'java/lang/ClassNotFoundException': org/gradle/api/internal/provider/AbstractMinimalProviderBeanInfo> (0x000000078047ef18) thrown at [E:\jenkins\tmp\workspace\build\src\hotspot\src\share\vm\classfile\systemDictionary.cpp, line 217]
Event: 2.730 Thread 0x0000026729964000 Exception <a 'java/lang/ClassNotFoundException': org/gradle/api/internal/provider/AbstractMinimalProviderCustomizer> (0x00000007804bc5b0) thrown at [E:\jenkins\tmp\workspace\build\src\hotspot\src\share\vm\classfile\systemDictionary.cpp, line 217]
Event: 2.732 Thread 0x0000026729964000 Exception <a 'java/lang/ClassNotFoundException': org/gradle/api/internal/provider/AbstractPropertyCustomizer> (0x000000078054bdc0) thrown at [E:\jenkins\tmp\workspace\build\src\hotspot\src\share\vm\classfile\systemDictionary.cpp, line 217]
Event: 2.732 Thread 0x0000026729964000 Exception <a 'java/lang/ClassNotFoundException': org/gradle/api/internal/provider/DefaultPropertyCustomizer> (0x0000000780591670) thrown at [E:\jenkins\tmp\workspace\build\src\hotspot\src\share\vm\classfile\systemDictionary.cpp, line 217]
Event: 2.740 Thread 0x0000026729964000 Exception <a 'java/lang/ClassNotFoundException': org/gradle/execution/taskgraph/DefaultTaskExecutionGraphBeanInfo> (0x00000007806a4500) thrown at [E:\jenkins\tmp\workspace\build\src\hotspot\src\share\vm\classfile\systemDictionary.cpp, line 217]
Event: 2.740 Thread 0x0000026729964000 Exception <a 'java/lang/ClassNotFoundException': org/gradle/execution/taskgraph/DefaultTaskExecutionGraphCustomizer> (0x00000007806e09c0) thrown at [E:\jenkins\tmp\workspace\build\src\hotspot\src\share\vm\classfile\systemDictionary.cpp, line 217]
Event: 2.743 Thread 0x0000026729964000 Exception <a 'java/lang/ClassNotFoundException': org/gradle/configuration/internal/DefaultListenerBuildOperationDecorator$BuildOperationEmittingClosureBeanInfo> (0x00000007807a45e8) thrown at [E:\jenkins\tmp\workspace\build\src\hotspot\src\share\vm\classf
Event: 2.743 Thread 0x0000026729964000 Exception <a 'java/lang/ClassNotFoundException': org/gradle/configuration/internal/DefaultListenerBuildOperationDecorator$BuildOperationEmittingClosureCustomizer> (0x00000007807fe898) thrown at [E:\jenkins\tmp\workspace\build\src\hotspot\src\share\vm\clas
Event: 2.760 Thread 0x0000026729964000 Implicit null exception at 0x00000267101603fc to 0x0000026710160495
Event: 2.923 Thread 0x0000026729964000 Implicit null exception at 0x000002670fb54098 to 0x000002670fb54126

Events (10 events):
Event: 2.924 loading class org/gradle/tooling/internal/provider/runner/TaskOriginTracker
Event: 2.924 loading class org/gradle/tooling/internal/provider/runner/TaskOriginTracker done
Event: 2.925 loading class org/gradle/internal/operations/OperationIdentifier
Event: 2.925 loading class org/gradle/internal/operations/OperationIdentifier done
Event: 2.925 loading class org/gradle/api/internal/tasks/DefaultTaskContainer$TaskCreatingProvider
Event: 2.925 loading class org/gradle/api/internal/tasks/DefaultTaskContainer$TaskCreatingProvider done
Event: 2.926 loading class org/gradle/api/internal/DefaultNamedDomainObjectCollection$AbstractDomainObjectCreatingProvider
Event: 2.926 loading class org/gradle/api/internal/DefaultNamedDomainObjectCollection$AbstractDomainObjectCreatingProvider done
Event: 2.926 loading class org/gradle/api/internal/DefaultNamedDomainObjectCollection$AbstractNamedDomainObjectProvider
Event: 2.926 loading class org/gradle/api/internal/DefaultNamedDomainObjectCollection$AbstractNamedDomainObjectProvider done


Dynamic libraries:
0x00007ff681cc0000 - 0x00007ff681cfa000 	C:\Program Files\Eclipse Adoptium\jdk-8.0.312.7-hotspot\bin\java.exe
0x00007ffe77b70000 - 0x00007ffe77d65000 	C:\Windows\SYSTEM32\ntdll.dll
0x00007ffe76680000 - 0x00007ffe7673d000 	C:\Windows\System32\KERNEL32.DLL
0x00007ffe75680000 - 0x00007ffe75947000 	C:\Windows\System32\KERNELBASE.dll
0x00007ffe76d10000 - 0x00007ffe76dba000 	C:\Windows\System32\ADVAPI32.dll
0x00007ffe76c70000 - 0x00007ffe76d0e000 	C:\Windows\System32\msvcrt.dll
0x00007ffe76eb0000 - 0x00007ffe76f4b000 	C:\Windows\System32\sechost.dll
0x00007ffe76ab0000 - 0x00007ffe76bd3000 	C:\Windows\System32\RPCRT4.dll
0x00007ffe76170000 - 0x00007ffe76310000 	C:\Windows\System32\USER32.dll
0x00007ffe75650000 - 0x00007ffe75672000 	C:\Windows\System32\win32u.dll
0x00007ffe76f60000 - 0x00007ffe76f8a000 	C:\Windows\System32\GDI32.dll
0x00007ffe75340000 - 0x00007ffe7544a000 	C:\Windows\System32\gdi32full.dll
0x00007ffe75450000 - 0x00007ffe754ed000 	C:\Windows\System32\msvcp_win.dll
0x00007ffe759d0000 - 0x00007ffe75ad0000 	C:\Windows\System32\ucrtbase.dll
0x00007ffe64b60000 - 0x00007ffe64dfa000 	C:\Windows\WinSxS\amd64_microsoft.windows.common-controls_6595b64144ccf1df_6.0.19041.1_none_b555e41d4684ddec\COMCTL32.dll
0x00007ffe76f90000 - 0x00007ffe76fc0000 	C:\Windows\System32\IMM32.DLL
0x00007ffe43ad0000 - 0x00007ffe43bbf000 	C:\Program Files\Eclipse Adoptium\jdk-8.0.312.7-hotspot\jre\bin\msvcr120.dll
0x00007ffe43a20000 - 0x00007ffe43ac6000 	C:\Program Files\Eclipse Adoptium\jdk-8.0.312.7-hotspot\jre\bin\msvcp120.dll
0x000000005e580000 - 0x000000005edeb000 	C:\Program Files\Eclipse Adoptium\jdk-8.0.312.7-hotspot\jre\bin\server\jvm.dll
0x00007ffe76670000 - 0x00007ffe76678000 	C:\Windows\System32\PSAPI.DLL
0x00007ffe6ea20000 - 0x00007ffe6ea47000 	C:\Windows\SYSTEM32\WINMM.dll
0x00007ffe6f4e0000 - 0x00007ffe6f4ea000 	C:\Windows\SYSTEM32\VERSION.dll
0x00007ffe55100000 - 0x00007ffe55109000 	C:\Windows\SYSTEM32\WSOCK32.dll
0x00007ffe76990000 - 0x00007ffe769fb000 	C:\Windows\System32\WS2_32.dll
0x00007ffe662b0000 - 0x00007ffe662bf000 	C:\Program Files\Eclipse Adoptium\jdk-8.0.312.7-hotspot\jre\bin\verify.dll
0x00007ffe55b90000 - 0x00007ffe55bb9000 	C:\Program Files\Eclipse Adoptium\jdk-8.0.312.7-hotspot\jre\bin\java.dll
0x00007ffe567d0000 - 0x00007ffe567e6000 	C:\Program Files\Eclipse Adoptium\jdk-8.0.312.7-hotspot\jre\bin\zip.dll
0x00007ffe771a0000 - 0x00007ffe778e0000 	C:\Windows\System32\SHELL32.dll
0x00007ffe73460000 - 0x00007ffe73bf1000 	C:\Windows\SYSTEM32\windows.storage.dll
0x00007ffe76310000 - 0x00007ffe76663000 	C:\Windows\System32\combase.dll
0x00007ffe74d40000 - 0x00007ffe74d6c000 	C:\Windows\SYSTEM32\Wldp.dll
0x00007ffe770f0000 - 0x00007ffe7719e000 	C:\Windows\System32\SHCORE.dll
0x00007ffe760b0000 - 0x00007ffe76105000 	C:\Windows\System32\shlwapi.dll
0x00007ffe75200000 - 0x00007ffe7521f000 	C:\Windows\SYSTEM32\profapi.dll
0x00007ffe555d0000 - 0x00007ffe555ea000 	C:\Program Files\Eclipse Adoptium\jdk-8.0.312.7-hotspot\jre\bin\net.dll
0x00007ffe74ac0000 - 0x00007ffe74b2a000 	C:\Windows\system32\mswsock.dll
0x00007ffe555b0000 - 0x00007ffe555c2000 	C:\Program Files\Eclipse Adoptium\jdk-8.0.312.7-hotspot\jre\bin\nio.dll
0x00007ffe58fd0000 - 0x00007ffe58ff7000 	C:\Users\Jexel\.gradle\native\e1d6ef7f7dcc3fd88c89a11ec53ec762bb8ba0a96d01ffa2cd45eb1d1d8dd5c5\windows-amd64\native-platform.dll
0x00007ffe3d5e0000 - 0x00007ffe3d724000 	C:\Users\Jexel\.gradle\native\5664cfc778a61ccfe75a443a1ab52a65af34e5dc3c78e0209fed803814484fcb\windows-amd64\native-platform-file-events.dll
0x00007ffe642b0000 - 0x00007ffe642bd000 	C:\Program Files\Eclipse Adoptium\jdk-8.0.312.7-hotspot\jre\bin\management.dll
0x00007ffe74c90000 - 0x00007ffe74ca8000 	C:\Windows\SYSTEM32\CRYPTSP.dll
0x00007ffe743e0000 - 0x00007ffe74414000 	C:\Windows\system32\rsaenh.dll
0x00007ffe752c0000 - 0x00007ffe752e7000 	C:\Windows\System32\bcrypt.dll
0x00007ffe751c0000 - 0x00007ffe751ee000 	C:\Windows\SYSTEM32\USERENV.dll
0x00007ffe75950000 - 0x00007ffe759cf000 	C:\Windows\System32\bcryptprimitives.dll
0x00007ffe74cb0000 - 0x00007ffe74cbc000 	C:\Windows\SYSTEM32\CRYPTBASE.dll
0x00007ffe74760000 - 0x00007ffe7479b000 	C:\Windows\SYSTEM32\IPHLPAPI.DLL
0x00007ffe76dc0000 - 0x00007ffe76dc9000 	C:\Windows\System32\NSI.dll
0x00007ffe6f920000 - 0x00007ffe6f937000 	C:\Windows\SYSTEM32\dhcpcsvc6.DLL
0x00007ffe6f470000 - 0x00007ffe6f48d000 	C:\Windows\SYSTEM32\dhcpcsvc.DLL
0x00007ffe747b0000 - 0x00007ffe7487a000 	C:\Windows\SYSTEM32\DNSAPI.dll

VM Arguments:
jvm_args: -Xmx3G -Dfile.encoding=windows-1252 -Duser.country=US -Duser.language=en -Duser.variant 
java_command: org.gradle.launcher.daemon.bootstrap.GradleDaemon 7.3
java_class_path (initial): C:\Users\Jexel\.gradle\wrapper\dists\gradle-7.3-bin\ddwl0k7mt9g6ak16i1m905vyv\gradle-7.3\lib\gradle-launcher-7.3.jar
Launcher Type: SUN_STANDARD

Environment Variables:
JAVA_HOME=C:\Program Files\Eclipse Adoptium\jdk-8.0.312.7-hotspot\
PATH=C:\Program Files\Eclipse Adoptium\jdk-17.0.1.12-hotspot\bin;C:\Program Files\Eclipse Adoptium\jdk-8.0.312.7-hotspot\bin;C:\Program Files (x86)\Common Files\Intel\Shared Libraries\redist\intel64_win\compiler;C:\Program Files (x86)\Common Files\Oracle\Java\javapath;C:\Windows\system32;C:\Windows;C:\Windows\System32\Wbem;C:\Windows\System32\WindowsPowerShell\v1.0\;C:\Windows\System32\OpenSSH\;C:\Program Files (x86)\NVIDIA Corporation\PhysX\Common;C:\Program Files\NVIDIA Corporation\NVIDIA NvDLISR;C:\Program Files\Git\cmd;C:\Program Files\dotnet\;C:\ProgramData\ComposerSetup\bin;C:\Users\Jexel\AppData\Local\Programs\Python\Python39\Scripts\;C:\Users\Jexel\AppData\Local\Programs\Python\Python39\;C:\Users\Jexel\AppData\Local\Programs\Python\Python35\Scripts\;C:\Users\Jexel\AppData\Local\Programs\Python\Python35\;C:\Users\Jexel\AppData\Local\Microsoft\WindowsApps;C:\Program Files\JetBrains\IntelliJ IDEA Community Edition 2021.2.2\bin;C:\Users\Jexel\AppData\Local\GitHubDesktop\bin;C:\Program Files\JetBrains\IntelliJ IDEA 2020.3.1\bin;C:\Users\Jexel\.dotnet\tools;C:\Users\Jexel\AppData\Local\Programs\Microsoft VS Code\bin;C:\Users\Jexel\Desktop\Vintage Renaissance Wiki;C:\Users\Jexel\AppData\Local\atom\bin;C:\Users\Jexel\AppData\Roaming\Composer\vendor\bin
USERNAME=Jexel
OS=Windows_NT
PROCESSOR_IDENTIFIER=AMD64 Family 23 Model 113 Stepping 0, AuthenticAMD



---------------  S Y S T E M  ---------------

OS: Windows 10.0 , 64 bit Build 19041 (10.0.19041.292)

CPU:total 6 (initial active 6) (6 cores per cpu, 1 threads per core) family 23 model 113 stepping 0, cmov, cx8, fxsr, mmx, sse, sse2, sse3, ssse3, sse4.1, sse4.2, popcnt, avx, avx2, aes, clmul, mmxext, 3dnowpref, lzcnt, sse4a, tsc, tscinvbit, tscinv, bmi1

Memory: 4k page, physical 16724684k(5258252k free), swap 19796684k(6040k free)

vm_info: OpenJDK 64-Bit Server VM (25.312-b07) for windows-amd64 JRE (1.8.0_312-b07), built on Oct 19 2021 15:47:56 by "jenkins" with MS VC++ 12.0 (VS2013)

time: Thu Oct 13 23:29:42 2022
timezone: Malay Peninsula Standard Time
elapsed time: 2.932905 seconds (0d 0h 0m 2s)

